[I 2026-05-21 18:26:14,135] Trial 1 finished with value: 0.9373409919479634 and parameters: {'n_estimators': 258, 'max_depth': 7, 'learning_rate': 0.04336484749320859, 'subsample': 0.9653507719245759, 'colsample_bytree': 0.8871251019397718}. Best is trial 0 with value: 0.9393455078994943.
[I 2026-05-21 18:26:18,028] Trial 2 finished with value: 0.9434877896055104 and parameters: {'n_estimators': 409, 'max_depth': 11, 'learning_rate': 0.022161107486140457, 'subsample': 0.6409643125271268, 'colsample_bytree': 0.8974151633412047}. Best is trial 2 with value: 0.9434877896055104.
[I 2026-05-21 18:26:21,618] Trial 3 finished with value: 0.9354044425817267 and parameters: {'n_estimators': 360, 'max_depth': 10, 'learning_rate': 0.01861028145679237, 'subsample': 0.655589719503846, 'colsample_bytree': 0.7288680958544198}. Best is trial 2 with value: 0.9434877896055104.
[I 2026-05-21 18:26:24,150] Trial 4 finished with value: 0.9632982690774414 and parameters: {'n_estimators': 349, 'max_depth': 9, 'learning_rate': 0.09070883287500194, 'subsample': 0.8841796439430879, 'colsample_bytree': 0.6560102045037459}. Best is trial 4 with value: 0.9632982690774414.
[I 2026-05-21 18:26:25,523] Trial 5 finished with value: 0.9326571901521322 and parameters: {'n_estimators': 225, 'max_depth': 7, 'learning_rate': 0.041120200198445866, 'subsample': 0.8297262217540167, 'colsample_bytree': 0.8923130270983659}. Best is trial 4 with value: 0.9632982690774414.
[I 2026-05-21 18:26:27,504] Trial 6 finished with value: 0.9717735772150609 and parameters: {'n_estimators': 255, 'max_depth': 10, 'learning_rate': 0.2041850035647943, 'subsample': 0.8547616459795886, 'colsample_bytree': 0.7915004236279491}. Best is trial 6 with value: 0.9717735772150609.
[I 2026-05-21 18:26:29,597] Trial 7 finished with value: 0.9157169498549523 and parameters: {'n_estimators': 223, 'max_depth': 11, 'learning_rate': 0.014333151748916485, 'subsample': 0.8371957864726234, 'colsample_bytree': 0.8629198987093748}. Best is trial 6 with value: 0.9717735772150609.
[I 2026-05-21 18:26:30,661] Trial 8 finished with value: 0.938702742383724 and parameters: {'n_estimators': 169, 'max_depth': 6, 'learning_rate': 0.08321760199059806, 'subsample': 0.7045692310360303, 'colsample_bytree': 0.9510539283977719}. Best is trial 6 with value: 0.9717735772150609.
[I 2026-05-21 18:26:31,469] Trial 9 finished with value: 0.93642620711396 and parameters: {'n_estimators': 142, 'max_depth': 7, 'learning_rate': 0.07483952062071544, 'subsample': 0.9382450035908689, 'colsample_bytree': 0.6268904797904795}. Best is trial 6 with value: 0.9717735772150609.
[I 2026-05-21 18:26:33,395] Trial 10 finished with value: 0.9643801843909705 and parameters: {'n_estimators': 501, 'max_depth': 3, 'learning_rate': 0.23166974331973164, 'subsample': 0.7429402441827294, 'colsample_bytree': 0.7813459550257995}. Best is trial 6 with value: 0.9717735772150609.
[I 2026-05-21 18:26:35,338] Trial 11 finished with value: 0.9666410453497309 and parameters: {'n_estimators': 532, 'max_depth': 3, 'learning_rate': 0.2777498412932664, 'subsample': 0.7636482278872491, 'colsample_bytree': 0.7449574229759557}. Best is trial 6 with value: 0.9717735772150609.
[I 2026-05-21 18:26:37,695] Trial 12 finished with value: 0.9711957213803641 and parameters: {'n_estimators': 590, 'max_depth': 4, 'learning_rate': 0.29289628239347104, 'subsample': 0.7639490264630964, 'colsample_bytree': 0.7538303115879219}. Best is trial 6 with value: 0.9717735772150609.
[I 2026-05-21 18:26:39,026] Trial 13 finished with value: 0.9597377793836783 and parameters: {'n_estimators': 292, 'max_depth': 5, 'learning_rate': 0.17030391317481644, 'subsample': 0.8622692041643103, 'colsample_bytree': 0.8177075589029363}. Best is trial 6 with value: 0.9717735772150609.
[I 2026-05-21 18:26:42,094] Trial 14 finished with value: 0.9724485638622937 and parameters: {'n_estimators': 438, 'max_depth': 9, 'learning_rate': 0.14953896271677447, 'subsample': 0.7876178167176558, 'colsample_bytree': 0.6937368292653048}. Best is trial 14 with value: 0.9724485638622937.
[I 2026-05-21 18:26:44,859] Trial 15 finished with value: 0.9721564131957713 and parameters: {'n_estimators': 400, 'max_depth': 9, 'learning_rate': 0.15278481395035662, 'subsample': 0.7965351558837446, 'colsample_bytree': 0.6757381370905772}. Best is trial 14 with value: 0.9724485638622937.
[I 2026-05-21 18:26:48,176] Trial 16 finished with value: 0.9721444212456077 and parameters: {'n_estimators': 460, 'max_depth': 9, 'learning_rate': 0.1379041365003025, 'subsample': 0.7030696258011102, 'colsample_bytree': 0.6747545061598987}. Best is trial 14 with value: 0.9724485638622937.
[I 2026-05-21 18:26:51,110] Trial 17 finished with value: 0.9699925939167965 and parameters: {'n_estimators': 419, 'max_depth': 9, 'learning_rate': 0.1250549542547434, 'subsample': 0.8077042563395775, 'colsample_bytree': 0.6977885505899832}. Best is trial 14 with value: 0.9724485638622937.
[I 2026-05-21 18:26:55,133] Trial 18 finished with value: 0.9713134609990566 and parameters: {'n_estimators': 356, 'max_depth': 12, 'learning_rate': 0.12081239456667912, 'subsample': 0.89807469043246, 'colsample_bytree': 0.6189496022233444}. Best is trial 14 with value: 0.9724485638622937.
[I 2026-05-21 18:26:58,093] Trial 19 finished with value: 0.9581556434312889 and parameters: {'n_estimators': 447, 'max_depth': 8, 'learning_rate': 0.0580847169026401, 'subsample': 0.7889780332942721, 'colsample_bytree': 0.7078136855397663}. Best is trial 14 with value: 0.9724485638622937.
[I 2026-05-21 18:27:02,224] Trial 20 finished with value: 0.9486211296580819 and parameters: {'n_estimators': 517, 'max_depth': 8, 'learning_rate': 0.031233388310189885, 'subsample': 0.6019587984130563, 'colsample_bytree': 0.6566730384317603}. Best is trial 14 with value: 0.9724485638622937.
[I 2026-05-21 18:27:05,672] Trial 21 finished with value: 0.9719554751776662 and parameters: {'n_estimators': 465, 'max_depth': 9, 'learning_rate': 0.14096340031934632, 'subsample': 0.7080537725741003, 'colsample_bytree': 0.668370343127196}. Best is trial 14 with value: 0.9724485638622937.
[I 2026-05-21 18:27:08,726] Trial 22 finished with value: 0.9733123220821472 and parameters: {'n_estimators': 403, 'max_depth': 10, 'learning_rate': 0.17301676904138702, 'subsample': 0.7115822407003262, 'colsample_bytree': 0.6059912965789596}. Best is trial 22 with value: 0.9733123220821472.
[I 2026-05-21 18:27:11,780] Trial 23 finished with value: 0.9736608163368977 and parameters: {'n_estimators': 404, 'max_depth': 10, 'learning_rate': 0.18017397105938235, 'subsample': 0.7359113041941366, 'colsample_bytree': 0.6074682519214317}. Best is trial 23 with value: 0.9736608163368977.
[I 2026-05-21 18:27:15,449] Trial 24 finished with value: 0.9755553866808522 and parameters: {'n_estimators': 382, 'max_depth': 12, 'learning_rate': 0.20209931571012507, 'subsample': 0.7335675179442184, 'colsample_bytree': 0.6040615777760132}. Best is trial 24 with value: 0.9755553866808522.
[I 2026-05-21 18:27:18,313] Trial 25 finished with value: 0.974757084506685 and parameters: {'n_estimators': 322, 'max_depth': 12, 'learning_rate': 0.20846026497378017, 'subsample': 0.6730837305045739, 'colsample_bytree': 0.601596604567818}. Best is trial 24 with value: 0.9755553866808522.
[I 2026-05-21 18:27:21,138] Trial 26 finished with value: 0.9753142741281428 and parameters: {'n_estimators': 318, 'max_depth': 12, 'learning_rate': 0.22764734854788143, 'subsample': 0.6595161094020001, 'colsample_bytree': 0.6399809421588551}. Best is trial 24 with value: 0.9755553866808522.
[I 2026-05-21 18:27:23,786] Trial 27 finished with value: 0.9750221884113097 and parameters: {'n_estimators': 294, 'max_depth': 12, 'learning_rate': 0.2316272850475376, 'subsample': 0.6616180751287773, 'colsample_bytree': 0.6365110730233533}. Best is trial 24 with value: 0.9755553866808522.
[I 2026-05-21 18:27:27,437] Trial 28 finished with value: 0.9687300248012068 and parameters: {'n_estimators': 322, 'max_depth': 12, 'learning_rate': 0.10556347873113096, 'subsample': 0.6205954178929867, 'colsample_bytree': 0.6356801223521422}. Best is trial 24 with value: 0.9755553866808522.
[I 2026-05-21 18:27:30,027] Trial 29 finished with value: 0.9750221884113097 and parameters: {'n_estimators': 283, 'max_depth': 11, 'learning_rate': 0.23760218942453545, 'subsample': 0.6698124304856395, 'colsample_bytree': 0.999435254089472}. Best is trial 24 with value: 0.9755553866808522.
正在读取纯域名数据集 (目标各取: 200000 条)...
执行 8:1:1 严谨划分 (Train:Val:Test)...
数据就绪: 训练集(319999), 验证集(40000), 测试集(40000)

执行 2-gram 特征提取 (预提取以加速调参)...
特征提取完成！特征维度: 1369

--- 开始 2-gram 二分类贝叶斯调参 (Optuna) ---

最优参数锁定: {'n_estimators': 382, 'max_depth': 12, 'learning_rate': 0.20209931571012507, 'subsample': 0.7335675179442184, 'colsample_bytree': 0.6040615777760132}
执行测试集预测与性能分析...

=============================================
        实验结果: 二分类 2-gram 特征组 (贝叶斯调参版)        
=============================================
最终特征维度:        1369
最优参数组合:        {'n_estimators': 382, 'max_depth': 12, 'learning_rate': 0.20209931571012507, 'subsample': 0.7335675179442184, 'colsample_bytree': 0.6040615777760132}
调参迭代次数:        30 次
调参总耗时:          82.18 秒
---------------------------------------------
准确率 (Accuracy):   0.9758
精确率 (Precision):  0.9878
召回率 (Recall):     0.9635
F1 值 (F1-Score):    0.9755
AUC 曲线下面积:      0.9965
---------------------------------------------
最终模型训练耗时:     3.09 秒
单条推理平均延时:     0.000945 毫秒
=============================================

  ✅ 完成 (88 秒)

──────────────────────────────────────────
  [6] 二分类 | 2-4gram  | Optuna 调参 (30次)
  脚本: erfen/optuna_2-4gram_comp.py
──────────────────────────────────────────
[I 2026-05-21 18:27:39,332] A new study created in memory with name: no-name-8ae8dbf1-ff18-458f-a29a-480db1d271e6
[I 2026-05-21 18:28:24,496] Trial 0 finished with value: 0.7892546515468457 and parameters: {'n_estimators': 139, 'max_depth': 9, 'learning_rate': 0.01266431554126582, 'subsample': 0.6999971382551455, 'colsample_bytree': 0.794072715054557, 'gamma': 1.8603773837687325}. Best is trial 0 with value: 0.7892546515468457.
[I 2026-05-21 18:30:51,294] Trial 1 finished with value: 0.9664102564102565 and parameters: {'n_estimators': 470, 'max_depth': 10, 'learning_rate': 0.06631917904287517, 'subsample': 0.6744490713137941, 'colsample_bytree': 0.9671888685624386, 'gamma': 0.8138405332908183}. Best is trial 1 with value: 0.9664102564102565.
[I 2026-05-21 18:31:21,151] Trial 2 finished with value: 0.9483697776851103 and parameters: {'n_estimators': 246, 'max_depth': 4, 'learning_rate': 0.13172757674779342, 'subsample': 0.6493598859596097, 'colsample_bytree': 0.5301043107754411, 'gamma': 2.462996566336591}. Best is trial 1 with value: 0.9664102564102565.
[I 2026-05-21 18:31:58,449] Trial 3 finished with value: 0.9526108169832866 and parameters: {'n_estimators': 133, 'max_depth': 9, 'learning_rate': 0.1149180708295625, 'subsample': 0.7067177391425634, 'colsample_bytree': 0.8857315991525188, 'gamma': 4.4911999599122225}. Best is trial 1 with value: 0.9664102564102565.
[I 2026-05-21 18:32:42,901] Trial 4 finished with value: 0.9001221508953401 and parameters: {'n_estimators': 488, 'max_depth': 3, 'learning_rate': 0.016391985476422715, 'subsample': 0.9240868277953848, 'colsample_bytree': 0.6608233601821816, 'gamma': 4.080435884599591}. Best is trial 1 with value: 0.9664102564102565.
[I 2026-05-21 18:35:12,109] Trial 5 finished with value: 0.9304893611480064 and parameters: {'n_estimators': 390, 'max_depth': 12, 'learning_rate': 0.010818757433294343, 'subsample': 0.8108642334657802, 'colsample_bytree': 0.6568065807853918, 'gamma': 3.032595492185803}. Best is trial 1 with value: 0.9664102564102565.
[I 2026-05-21 18:35:48,028] Trial 6 finished with value: 0.9601753933453702 and parameters: {'n_estimators': 364, 'max_depth': 3, 'learning_rate': 0.2403556305311692, 'subsample': 0.6508169427389302, 'colsample_bytree': 0.9822734610862625, 'gamma': 2.81526739382928}. Best is trial 1 with value: 0.9664102564102565.
[I 2026-05-21 18:36:51,697] Trial 7 finished with value: 0.9714955892101371 and parameters: {'n_estimators': 273, 'max_depth': 9, 'learning_rate': 0.20460534884171408, 'subsample': 0.8520932789978488, 'colsample_bytree': 0.5278901340047459, 'gamma': 3.168858311456215}. Best is trial 7 with value: 0.9714955892101371.
[I 2026-05-21 18:38:56,716] Trial 8 finished with value: 0.9620129284812897 and parameters: {'n_estimators': 448, 'max_depth': 10, 'learning_rate': 0.05329731299745083, 'subsample': 0.789963244976042, 'colsample_bytree': 0.8369229709551147, 'gamma': 4.310841132640084}. Best is trial 7 with value: 0.9714955892101371.
[I 2026-05-21 18:39:32,501] Trial 9 finished with value: 0.9634350026980497 and parameters: {'n_estimators': 378, 'max_depth': 3, 'learning_rate': 0.29950882188412115, 'subsample': 0.8285691177523418, 'colsample_bytree': 0.8512985311703611, 'gamma': 3.6965094122932007}. Best is trial 7 with value: 0.9714955892101371.
[I 2026-05-21 18:40:17,756] Trial 10 finished with value: 0.9306842340096061 and parameters: {'n_estimators': 257, 'max_depth': 6, 'learning_rate': 0.03565062471189851, 'subsample': 0.9347284512113859, 'colsample_bytree': 0.5176893478094592, 'gamma': 0.24252446955287432}. Best is trial 7 with value: 0.9714955892101371.
[I 2026-05-21 18:42:16,464] Trial 11 finished with value: 0.9707414215686274 and parameters: {'n_estimators': 302, 'max_depth': 12, 'learning_rate': 0.11115571105239322, 'subsample': 0.8665111399153721, 'colsample_bytree': 0.9993737557492604, 'gamma': 1.2610184435703877}. Best is trial 7 with value: 0.9714955892101371.
[I 2026-05-21 18:44:05,956] Trial 12 finished with value: 0.9731724699653839 and parameters: {'n_estimators': 304, 'max_depth': 12, 'learning_rate': 0.14083567867544727, 'subsample': 0.9900513781586815, 'colsample_bytree': 0.6972159241714396, 'gamma': 1.4490597417245727}. Best is trial 12 with value: 0.9731724699653839.
[I 2026-05-21 18:44:49,311] Trial 13 finished with value: 0.9622724112178415 and parameters: {'n_estimators': 200, 'max_depth': 7, 'learning_rate': 0.18090146704744536, 'subsample': 0.9920470920483864, 'colsample_bytree': 0.6186055750684741, 'gamma': 1.979137941215669}. Best is trial 12 with value: 0.9731724699653839.
[I 2026-05-21 18:46:19,964] Trial 14 finished with value: 0.9739010989010989 and parameters: {'n_estimators': 311, 'max_depth': 11, 'learning_rate': 0.16507164508524555, 'subsample': 0.9931868399019586, 'colsample_bytree': 0.7294742811023881, 'gamma': 3.417886814612805}. Best is trial 14 with value: 0.9739010989010989.
[I 2026-05-21 18:48:03,404] Trial 15 finished with value: 0.9650443046102478 and parameters: {'n_estimators': 323, 'max_depth': 11, 'learning_rate': 0.07924342476456774, 'subsample': 0.9981901612938362, 'colsample_bytree': 0.7350819412685797, 'gamma': 4.933788884871591}. Best is trial 14 with value: 0.9739010989010989.
[I 2026-05-21 18:49:30,911] Trial 16 finished with value: 0.9424231351464216 and parameters: {'n_estimators': 204, 'max_depth': 12, 'learning_rate': 0.03518047734469572, 'subsample': 0.933527221135815, 'colsample_bytree': 0.7289057900792265, 'gamma': 1.2776539236412825}. Best is trial 14 with value: 0.9739010989010989.
[I 2026-05-21 18:51:04,916] Trial 17 finished with value: 0.9731697383158537 and parameters: {'n_estimators': 336, 'max_depth': 11, 'learning_rate': 0.15080142184158538, 'subsample': 0.7605811671218021, 'colsample_bytree': 0.6841153751103755, 'gamma': 3.632695257790087}. Best is trial 14 with value: 0.9739010989010989.
[I 2026-05-21 18:52:25,505] Trial 18 finished with value: 0.9625148035631533 and parameters: {'n_estimators': 422, 'max_depth': 7, 'learning_rate': 0.08832043548766665, 'subsample': 0.8917033274933247, 'colsample_bytree': 0.5854576241317806, 'gamma': 1.9805663995472012}. Best is trial 14 with value: 0.9739010989010989.
[I 2026-05-21 18:53:46,955] Trial 19 finished with value: 0.9475848428065792 and parameters: {'n_estimators': 220, 'max_depth': 11, 'learning_rate': 0.04619449063787017, 'subsample': 0.9680053856086293, 'colsample_bytree': 0.778960340051254, 'gamma': 2.414551651555205}. Best is trial 14 with value: 0.9739010989010989.
[I 2026-05-21 18:54:28,629] Trial 20 finished with value: 0.909166906136524 and parameters: {'n_estimators': 284, 'max_depth': 5, 'learning_rate': 0.021619234689597252, 'subsample': 0.8918002870498907, 'colsample_bytree': 0.7071122914478494, 'gamma': 1.3008576716337577}. Best is trial 14 with value: 0.9739010989010989.
[I 2026-05-21 18:56:01,871] Trial 21 finished with value: 0.972521455675249 and parameters: {'n_estimators': 331, 'max_depth': 11, 'learning_rate': 0.14857231653617411, 'subsample': 0.7996643059037066, 'colsample_bytree': 0.6828425852249222, 'gamma': 3.579356098998501}. Best is trial 14 with value: 0.9739010989010989.
[I 2026-05-21 18:57:26,014] Trial 22 finished with value: 0.9724691200814976 and parameters: {'n_estimators': 340, 'max_depth': 10, 'learning_rate': 0.16321861591900122, 'subsample': 0.7399221793572891, 'colsample_bytree': 0.625898682887799, 'gamma': 3.6541624263893713}. Best is trial 14 with value: 0.9739010989010989.
[I 2026-05-21 18:58:47,178] Trial 23 finished with value: 0.9759497199624927 and parameters: {'n_estimators': 419, 'max_depth': 8, 'learning_rate': 0.2642335067274194, 'subsample': 0.7759877759468754, 'colsample_bytree': 0.7695724274728574, 'gamma': 3.2779844956276536}. Best is trial 23 with value: 0.9759497199624927.
[I 2026-05-21 19:00:08,411] Trial 24 finished with value: 0.9758730802372143 and parameters: {'n_estimators': 422, 'max_depth': 8, 'learning_rate': 0.27273606040390685, 'subsample': 0.9634349813994844, 'colsample_bytree': 0.7669447444789826, 'gamma': 3.2225932380172493}. Best is trial 23 with value: 0.9759497199624927.
[I 2026-05-21 19:01:31,991] Trial 25 finished with value: 0.9760709759188847 and parameters: {'n_estimators': 425, 'max_depth': 8, 'learning_rate': 0.25888658285250926, 'subsample': 0.9609241482331687, 'colsample_bytree': 0.7798045111439093, 'gamma': 3.1919715516735745}. Best is trial 25 with value: 0.9760709759188847.
[I 2026-05-21 19:02:56,412] Trial 26 finished with value: 0.9755763524309519 and parameters: {'n_estimators': 422, 'max_depth': 8, 'learning_rate': 0.2335604072551322, 'subsample': 0.768915419174035, 'colsample_bytree': 0.7867421405461302, 'gamma': 2.790459157492149}. Best is trial 25 with value: 0.9760709759188847.
[I 2026-05-21 19:04:18,273] Trial 27 finished with value: 0.9763292614932333 and parameters: {'n_estimators': 409, 'max_depth': 8, 'learning_rate': 0.27610496114340954, 'subsample': 0.9510862693651015, 'colsample_bytree': 0.9003656986376004, 'gamma': 3.9276820465672886}. Best is trial 27 with value: 0.9763292614932333.
[I 2026-05-21 19:05:35,288] Trial 28 finished with value: 0.9731654584764085 and parameters: {'n_estimators': 500, 'max_depth': 6, 'learning_rate': 0.21504546307216113, 'subsample': 0.6188458671519708, 'colsample_bytree': 0.9285812295066388, 'gamma': 3.9768872241214295}. Best is trial 27 with value: 0.9763292614932333.
