[I 2026-05-21 19:07:02,664] Trial 29 finished with value: 0.9766040411201702 and parameters: {'n_estimators': 448, 'max_depth': 9, 'learning_rate': 0.29784700726474833, 'subsample': 0.7277461571071766, 'colsample_bytree': 0.8259797295160302, 'gamma': 4.970379789881132}. Best is trial 29 with value: 0.9766040411201702.
正在读取纯域名数据集 (目标各取: 200000 条)...
执行 8:1:1 严谨划分 (Train:Val:Test)...
数据就绪: 训练集(319999), 验证集(40000), 测试集(40000)

执行 2-4 gram 特征提取 (混合 2/3/4 位特征)...
复合特征维度锁定为: 213091

--- 开始 2-4 gram 二分类贝叶斯调参 (Optuna) ---

最优参数组合: {'n_estimators': 448, 'max_depth': 9, 'learning_rate': 0.29784700726474833, 'subsample': 0.7277461571071766, 'colsample_bytree': 0.8259797295160302, 'gamma': 4.970379789881132}
执行测试集预测与性能分析...

=============================================
       实验结果: 二分类 2-4 gram 特征组 (贝叶斯调参版)       
=============================================
混合特征总维度:      213091
最优参数组合:        {'n_estimators': 448, 'max_depth': 9, 'learning_rate': 0.29784700726474833, 'subsample': 0.7277461571071766, 'colsample_bytree': 0.8259797295160302, 'gamma': 4.970379789881132}
调参总耗时:          2363.33 秒
---------------------------------------------
准确率 (Accuracy):   0.9776
精确率 (Precision):  0.9888
召回率 (Recall):     0.9661
F1 值 (F1-Score):    0.9773
AUC 曲线下面积:      0.9971
---------------------------------------------
最终模型训练耗时:     82.26 秒
单条推理平均延时:     0.215815 毫秒
=============================================

  ✅ 完成 (2461 秒)

══════════════════════════════════════════════
  第二阶段：多分类 (Multi Classification)
══════════════════════════════════════════════

──────────────────────────────────────────
  [7] 多分类 | 统计特征 | 默认参数
  脚本: duofen/feature_comp.py
──────────────────────────────────────────
正在读取多分类数据集: dga_sampled_8k.txt...
检测到 10 个家族，样本总量: 80000
家族样本量区间: [8000, 8000]

正在提取 6 维统计特征...
开始 XGBoost 多分类训练 (类别数: 10)...

=============================================
            实验结果: 多分类统计特征组 (默认参数)            
=============================================
类别总数:           10
准确率 (Accuracy):   0.8397
宏平均 F1 (Macro-F1): 0.8214
---------------------------------------------
训练总耗时:          2.20 秒
单条推理平均延时:     0.003479 毫秒
=============================================

各家族详细分类报告:
              precision    recall  f1-score   support

     banjori     0.9988    1.0000    0.9994       800
      emotet     0.8694    0.9988    0.9296       800
    gameover     0.9987    0.9875    0.9931       800
      necurs     0.6452    0.2250    0.3336       800
   pykspa_v1     0.7241    0.6825    0.7027       800
      ramnit     0.5149    0.5400    0.5272       800
      rovnix     0.9987    0.9925    0.9956       800
       simda     0.7906    0.9912    0.8796       800
       tinba     0.8448    0.9800    0.9074       800
       virut     0.8979    1.0000    0.9462       800

    accuracy                         0.8397      8000
   macro avg     0.8283    0.8398    0.8214      8000
weighted avg     0.8283    0.8397    0.8214      8000


  ✅ 完成 (3 秒)

──────────────────────────────────────────
  [8] 多分类 | 2-gram   | 默认参数
  脚本: duofen/2-gram_comp.py
──────────────────────────────────────────
正在读取多分类数据集: dga_sampled_8k.txt...
检测到家族数量: 10

开始执行 2-gram 特征向量化...
特征提取完成！特征维度: 1296
开始 XGBoost 多分类训练 (2-gram 组)...

=============================================
         实验结果: 多分类 2-gram 特征组 (默认参数)         
=============================================
特征总维度:         1296
准确率 (Accuracy):   0.6661
宏平均 F1 (Macro-F1): 0.6485
---------------------------------------------
训练总耗时:          2.77 秒
单条推理平均延时:     0.000947 毫秒
=============================================

各家族详细分类报告:
              precision    recall  f1-score   support

     banjori     1.0000    1.0000    1.0000       800
      emotet     0.3659    0.3187    0.3407       800
    gameover     0.8563    0.7600    0.8053       800
      necurs     0.2618    0.1800    0.2133       800
   pykspa_v1     0.9277    0.8662    0.8959       800
      ramnit     0.2857    0.1850    0.2246       800
      rovnix     0.8176    0.7562    0.7857       800
       simda     0.7727    0.9688    0.8597       800
       tinba     0.5396    0.8087    0.6473       800
       virut     0.6313    0.8175    0.7124       800

    accuracy                         0.6661      8000
   macro avg     0.6459    0.6661    0.6485      8000
weighted avg     0.6459    0.6661    0.6485      8000


  ✅ 完成 (4 秒)

──────────────────────────────────────────
  [9] 多分类 | 2-4gram  | 默认参数
  脚本: duofen/2-4gram_comp.py
──────────────────────────────────────────
正在读取多分类数据集: dga_sampled_8k.txt...
检测到家族数量: 10

开始执行 4-gram 特征向量化...
特征提取完成！特征维度: 6394
使用 XGBoost 默认参数进行多分类训练 (4-gram)...

=============================================
多分类实验：4-gram 特征组 (默认参数)
=============================================
特征维度:           6394
准确率 (Accuracy):  0.3449
宏平均 F1 (Macro-F1): 0.3054
训练总耗时:         3.90 秒
---------------------------------------------
各家族详细分类报告:
              precision    recall  f1-score   support

     banjori       1.00      1.00      1.00       800
      emotet       0.56      0.04      0.07       800
    gameover       0.17      0.00      0.01       800
      necurs       0.06      0.00      0.00       800
   pykspa_v1       0.99      0.75      0.85       800
      ramnit       0.12      0.00      0.01       800
      rovnix       0.00      0.00      0.00       800
       simda       0.93      0.57      0.70       800
       tinba       0.74      0.10      0.17       800
       virut       0.13      0.99      0.24       800

    accuracy                           0.34      8000
   macro avg       0.47      0.34      0.31      8000
weighted avg       0.47      0.34      0.31      8000

=============================================

  ✅ 完成 (6 秒)

──────────────────────────────────────────
  [10] 多分类 | 统计特征 | Optuna 调参 (50次)
  脚本: duofen/optuna_feature_comp.py
──────────────────────────────────────────
[I 2026-05-21 19:08:48,459] A new study created in memory with name: no-name-2d776189-17c9-4e7c-9ac9-9d98aaf78658
[I 2026-05-21 19:09:03,163] Trial 0 finished with value: 0.8208513091022901 and parameters: {'n_estimators': 537, 'max_depth': 15, 'learning_rate': 0.277653433504818, 'subsample': 0.9222558550759966, 'colsample_bytree': 0.9845611341576519}. Best is trial 0 with value: 0.8208513091022901.
[I 2026-05-21 19:09:06,303] Trial 1 finished with value: 0.8082448455320209 and parameters: {'n_estimators': 289, 'max_depth': 4, 'learning_rate': 0.026752948797965928, 'subsample': 0.6338170682762909, 'colsample_bytree': 0.9714566153922346}. Best is trial 0 with value: 0.8208513091022901.
[I 2026-05-21 19:09:19,904] Trial 2 finished with value: 0.8215181850223733 and parameters: {'n_estimators': 635, 'max_depth': 13, 'learning_rate': 0.035970641014823314, 'subsample': 0.7691694839389944, 'colsample_bytree': 0.8204826256120209}. Best is trial 2 with value: 0.8215181850223733.
[I 2026-05-21 19:09:24,734] Trial 3 finished with value: 0.8220027451361723 and parameters: {'n_estimators': 204, 'max_depth': 13, 'learning_rate': 0.11035697875657709, 'subsample': 0.8522936684110496, 'colsample_bytree': 0.6893495987667047}. Best is trial 3 with value: 0.8220027451361723.
[I 2026-05-21 19:09:39,967] Trial 4 finished with value: 0.8209744324902146 and parameters: {'n_estimators': 635, 'max_depth': 15, 'learning_rate': 0.061846550172965496, 'subsample': 0.9724032264793837, 'colsample_bytree': 0.9695954761843394}. Best is trial 3 with value: 0.8220027451361723.
[I 2026-05-21 19:09:45,046] Trial 5 finished with value: 0.8176275863219509 and parameters: {'n_estimators': 344, 'max_depth': 7, 'learning_rate': 0.07933849282046834, 'subsample': 0.7295415278577149, 'colsample_bytree': 0.9601477605243595}. Best is trial 3 with value: 0.8220027451361723.
[I 2026-05-21 19:09:50,871] Trial 6 finished with value: 0.8197687788939785 and parameters: {'n_estimators': 279, 'max_depth': 14, 'learning_rate': 0.01319743370745644, 'subsample': 0.9209358040599709, 'colsample_bytree': 0.685467031268364}. Best is trial 3 with value: 0.8220027451361723.
[I 2026-05-21 19:09:57,643] Trial 7 finished with value: 0.8200737899485155 and parameters: {'n_estimators': 295, 'max_depth': 13, 'learning_rate': 0.02000491298067923, 'subsample': 0.9423742572448368, 'colsample_bytree': 0.9529073723922777}. Best is trial 3 with value: 0.8220027451361723.
[I 2026-05-21 19:10:02,460] Trial 8 finished with value: 0.8217870610661893 and parameters: {'n_estimators': 194, 'max_depth': 10, 'learning_rate': 0.16232927854694587, 'subsample': 0.7781316403385246, 'colsample_bytree': 0.8735931165769553}. Best is trial 3 with value: 0.8220027451361723.
[I 2026-05-21 19:10:08,817] Trial 9 finished with value: 0.8130532656763731 and parameters: {'n_estimators': 474, 'max_depth': 7, 'learning_rate': 0.019388221590026625, 'subsample': 0.8786116441516238, 'colsample_bytree': 0.7196599699381896}. Best is trial 3 with value: 0.8220027451361723.
[I 2026-05-21 19:10:11,330] Trial 10 finished with value: 0.8210687716815952 and parameters: {'n_estimators': 122, 'max_depth': 11, 'learning_rate': 0.15187462524969172, 'subsample': 0.8445199061743963, 'colsample_bytree': 0.6109483775766164}. Best is trial 3 with value: 0.8220027451361723.
[I 2026-05-21 19:10:13,760] Trial 11 finished with value: 0.8181429410009201 and parameters: {'n_estimators': 110, 'max_depth': 10, 'learning_rate': 0.13112245715040835, 'subsample': 0.7114603169081756, 'colsample_bytree': 0.8413618073368503}. Best is trial 3 with value: 0.8220027451361723.
[I 2026-05-21 19:10:17,718] Trial 12 finished with value: 0.8220681939206912 and parameters: {'n_estimators': 184, 'max_depth': 11, 'learning_rate': 0.2952259548036612, 'subsample': 0.8204191585087864, 'colsample_bytree': 0.8737457911694793}. Best is trial 12 with value: 0.8220681939206912.
[I 2026-05-21 19:10:33,796] Trial 13 finished with value: 0.8202509508810861 and parameters: {'n_estimators': 792, 'max_depth': 12, 'learning_rate': 0.27279417023569796, 'subsample': 0.8372218447318449, 'colsample_bytree': 0.7595773305071212}. Best is trial 12 with value: 0.8220681939206912.
[I 2026-05-21 19:10:37,270] Trial 14 finished with value: 0.8200983455219031 and parameters: {'n_estimators': 212, 'max_depth': 8, 'learning_rate': 0.09560617282008813, 'subsample': 0.8511143226282767, 'colsample_bytree': 0.8973213511401844}. Best is trial 12 with value: 0.8220681939206912.
[I 2026-05-21 19:10:41,228] Trial 15 finished with value: 0.8147087245176816 and parameters: {'n_estimators': 385, 'max_depth': 3, 'learning_rate': 0.20884141704666762, 'subsample': 0.667471498119632, 'colsample_bytree': 0.6246609799375566}. Best is trial 12 with value: 0.8220681939206912.
[I 2026-05-21 19:10:45,757] Trial 16 finished with value: 0.8213053368787635 and parameters: {'n_estimators': 219, 'max_depth': 12, 'learning_rate': 0.10659220337146665, 'subsample': 0.8070571750379879, 'colsample_bytree': 0.767894146690309}. Best is trial 12 with value: 0.8220681939206912.
[I 2026-05-21 19:10:52,599] Trial 17 finished with value: 0.8191761671105693 and parameters: {'n_estimators': 403, 'max_depth': 9, 'learning_rate': 0.04260894328650779, 'subsample': 0.8983397167992044, 'colsample_bytree': 0.6713127967617816}. Best is trial 12 with value: 0.8220681939206912.
[I 2026-05-21 19:10:56,447] Trial 18 finished with value: 0.8215964545109239 and parameters: {'n_estimators': 162, 'max_depth': 11, 'learning_rate': 0.1954463425865846, 'subsample': 0.9852476327627359, 'colsample_bytree': 0.8995865494804396}. Best is trial 12 with value: 0.8220681939206912.
[I 2026-05-21 19:11:02,250] Trial 19 finished with value: 0.8185114875404604 and parameters: {'n_estimators': 477, 'max_depth': 5, 'learning_rate': 0.060633794330532384, 'subsample': 0.7415261105262824, 'colsample_bytree': 0.7619038228888111}. Best is trial 12 with value: 0.8220681939206912.
[I 2026-05-21 19:11:07,699] Trial 20 finished with value: 0.8202625096808864 and parameters: {'n_estimators': 253, 'max_depth': 13, 'learning_rate': 0.2915565103158005, 'subsample': 0.8118348783078815, 'colsample_bytree': 0.661818032595397}. Best is trial 12 with value: 0.8220681939206912.
[I 2026-05-21 19:11:11,429] Trial 21 finished with value: 0.8216467551804826 and parameters: {'n_estimators': 177, 'max_depth': 10, 'learning_rate': 0.16087099610639083, 'subsample': 0.7737089128055783, 'colsample_bytree': 0.8688603625431166}. Best is trial 12 with value: 0.8220681939206912.
[I 2026-05-21 19:11:14,839] Trial 22 finished with value: 0.8214528722962007 and parameters: {'n_estimators': 170, 'max_depth': 9, 'learning_rate': 0.19970127029968845, 'subsample': 0.7702705990524791, 'colsample_bytree': 0.9161968903336735}. Best is trial 12 with value: 0.8220681939206912.
[I 2026-05-21 19:11:21,845] Trial 23 finished with value: 0.8202749419421105 and parameters: {'n_estimators': 353, 'max_depth': 10, 'learning_rate': 0.12452353678991414, 'subsample': 0.863627899359093, 'colsample_bytree': 0.8561545353518984}. Best is trial 12 with value: 0.8220681939206912.
[I 2026-05-21 19:11:24,377] Trial 24 finished with value: 0.8195685530405342 and parameters: {'n_estimators': 111, 'max_depth': 11, 'learning_rate': 0.08357304645576738, 'subsample': 0.6921621349458055, 'colsample_bytree': 0.8064395022004255}. Best is trial 12 with value: 0.8220681939206912.
[I 2026-05-21 19:11:29,522] Trial 25 finished with value: 0.8209330305780188 and parameters: {'n_estimators': 219, 'max_depth': 12, 'learning_rate': 0.20719879317522902, 'subsample': 0.8170448304174656, 'colsample_bytree': 0.7171841147665474}. Best is trial 12 with value: 0.8220681939206912.
[I 2026-05-21 19:11:37,059] Trial 26 finished with value: 0.8210636963803525 and parameters: {'n_estimators': 321, 'max_depth': 14, 'learning_rate': 0.15782907726898107, 'subsample': 0.7841568352390564, 'colsample_bytree': 0.9247788632458789}. Best is trial 12 with value: 0.8220681939206912.
[I 2026-05-21 19:11:41,397] Trial 27 finished with value: 0.821356964250687 and parameters: {'n_estimators': 238, 'max_depth': 8, 'learning_rate': 0.11153498034371169, 'subsample': 0.8869938240048263, 'colsample_bytree': 0.8787020882893996}. Best is trial 12 with value: 0.8220681939206912.
[I 2026-05-21 19:11:43,705] Trial 28 finished with value: 0.8135665169789051 and parameters: {'n_estimators': 162, 'max_depth': 6, 'learning_rate': 0.0762576634245775, 'subsample': 0.8252903514001299, 'colsample_bytree': 0.8380695022838012}. Best is trial 12 with value: 0.8220681939206912.
[I 2026-05-21 19:11:55,101] Trial 29 finished with value: 0.8211906075755036 and parameters: {'n_estimators': 549, 'max_depth': 14, 'learning_rate': 0.2561544368211854, 'subsample': 0.7464572882313896, 'colsample_bytree': 0.7765620157264851}. Best is trial 12 with value: 0.8220681939206912.
正在读取多分类数据集: dga_sampled_8k.txt...

预提取统计特征以加速调参过程...

--- 开始多分类统计特征组贝叶斯调参 (类别数: 10) ---

调参完成！最优 Macro-F1: 0.8221

=============================================
           实验结果: 多分类统计特征组 (贝叶斯调参版)           
=============================================
最优参数组合:        {'n_estimators': 184, 'max_depth': 11, 'learning_rate': 0.2952259548036612, 'subsample': 0.8204191585087864, 'colsample_bytree': 0.8737457911694793}
准确率 (Accuracy):   0.8365
宏平均 F1 (Macro-F1): 0.8208
---------------------------------------------
调参总耗时:          186.64 秒
最终模型训练耗时:     4.55 秒
单条推理平均延时:     0.001886 毫秒
=============================================

各家族详细分类报告 (最终模型):
              precision    recall  f1-score   support

     banjori     0.9988    1.0000    0.9994       800
      emotet     0.8680    0.9950    0.9272       800
    gameover     0.9975    0.9875    0.9925       800
      necurs     0.5425    0.2875    0.3758       800
   pykspa_v1     0.7247    0.6813    0.7023       800
      ramnit     0.5157    0.4512    0.4813       800
      rovnix     0.9987    0.9925    0.9956       800
       simda     0.7922    0.9912    0.8806       800
       tinba     0.8447    0.9788    0.9068       800
       virut     0.8979    1.0000    0.9462       800

    accuracy                         0.8365      8000
   macro avg     0.8181    0.8365    0.8208      8000
weighted avg     0.8181    0.8365    0.8208      8000


  ✅ 完成 (192 秒)

──────────────────────────────────────────
  [11] 多分类 | 2-gram   | Optuna 调参 (30次)
  脚本: duofen/optuna_2-gram_comp.py
──────────────────────────────────────────
正在读取多分类数据集: dga_sampled_8k.txt...
检测到家族数量: 10

开始执行 2-4 gram 特征向量化 (混合 2/3/4 位特征)...
特征提取完成！特征维度: 39170
开始 XGBoost 多分类训练 (2-4 gram 混合组)...

=============================================
        实验结果: 多分类 2-4 gram 特征组 (默认参数)        
=============================================
混合特征总维度:      39170
准确率 (Accuracy):   0.6649
宏平均 F1 (Macro-F1): 0.6456
---------------------------------------------
训练总耗时:          33.72 秒
单条推理平均延时:     0.026893 毫秒
=============================================

各家族详细分类报告:
              precision    recall  f1-score   support

     banjori     1.0000    1.0000    1.0000       800
      emotet     0.3654    0.3225    0.3426       800
    gameover     0.8503    0.7525    0.7984       800
      necurs     0.2563    0.1787    0.2106       800
   pykspa_v1     0.9344    0.8725    0.9024       800
      ramnit     0.2616    0.1550    0.1947       800
      rovnix     0.8155    0.7512    0.7820       800
       simda     0.7754    0.9712    0.8624       800
       tinba     0.5422    0.8187    0.6524       800
       virut     0.6236    0.8263    0.7108       800

    accuracy                         0.6649      8000
   macro avg     0.6425    0.6649    0.6456      8000
weighted avg     0.6425    0.6649    0.6456      8000


  ✅ 完成 (37 秒)

──────────────────────────────────────────
  [12] 多分类 | 2-4gram  | Optuna 调参 (30次)
  脚本: duofen/optuna_2_4gram_comp.py
──────────────────────────────────────────
[I 2026-05-21 19:12:38,148] A new study created in memory with name: no-name-34899992-083d-46a3-9f2c-1d723a155d5e
[I 2026-05-21 19:14:00,533] Trial 0 finished with value: 0.6039503910049738 and parameters: {'n_estimators': 400, 'max_depth': 10, 'learning_rate': 0.014878227774884178, 'subsample': 0.9022308441481921, 'colsample_bytree': 0.9209993866051052, 'gamma': 1.6368971898952311}. Best is trial 0 with value: 0.6039503910049738.
[I 2026-05-21 19:14:32,081] Trial 1 finished with value: 0.6944253341860628 and parameters: {'n_estimators': 301, 'max_depth': 11, 'learning_rate': 0.20955784325547944, 'subsample': 0.9205137538275605, 'colsample_bytree': 0.7333209299737791, 'gamma': 4.431025265837723}. Best is trial 1 with value: 0.6944253341860628.
[I 2026-05-21 19:14:56,725] Trial 2 finished with value: 0.615809950269449 and parameters: {'n_estimators': 193, 'max_depth': 8, 'learning_rate': 0.04576621915567172, 'subsample': 0.7376727899639194, 'colsample_bytree': 0.58248792295019, 'gamma': 4.029793645148016}. Best is trial 1 with value: 0.6944253341860628.
[I 2026-05-21 19:15:40,956] Trial 3 finished with value: 0.6780135433884811 and parameters: {'n_estimators': 269, 'max_depth': 10, 'learning_rate': 0.12001194320590666, 'subsample': 0.66834378007913, 'colsample_bytree': 0.8533191097753634, 'gamma': 2.177949595312241}. Best is trial 1 with value: 0.6944253341860628.
[I 2026-05-21 19:16:44,657] Trial 4 finished with value: 0.6695262377337177 and parameters: {'n_estimators': 375, 'max_depth': 8, 'learning_rate': 0.0737163246810407, 'subsample': 0.8200003330279726, 'colsample_bytree': 0.8808552473446847, 'gamma': 0.054589612768962126}. Best is trial 1 with value: 0.6944253341860628.
[I 2026-05-21 19:17:16,042] Trial 5 finished with value: 0.6788683484114202 and parameters: {'n_estimators': 156, 'max_depth': 12, 'learning_rate': 0.16684708638687099, 'subsample': 0.9689923512348576, 'colsample_bytree': 0.9557805996606902, 'gamma': 2.228266346655337}. Best is trial 1 with value: 0.6944253341860628.
[I 2026-05-21 19:17:38,030] Trial 6 finished with value: 0.5697910725094424 and parameters: {'n_estimators': 218, 'max_depth': 5, 'learning_rate': 0.02785684054738959, 'subsample': 0.9375444813276674, 'colsample_bytree': 0.9829144016986748, 'gamma': 2.4383760827907306}. Best is trial 1 with value: 0.6944253341860628.
[I 2026-05-21 19:18:02,191] Trial 7 finished with value: 0.63154769683332 and parameters: {'n_estimators': 378, 'max_depth': 3, 'learning_rate': 0.08863529179424745, 'subsample': 0.8346990422079692, 'colsample_bytree': 0.9017158117893137, 'gamma': 4.405494116016448}. Best is trial 1 with value: 0.6944253341860628.
[I 2026-05-21 19:18:40,855] Trial 8 finished with value: 0.6902293531835505 and parameters: {'n_estimators': 403, 'max_depth': 9, 'learning_rate': 0.1316133116595572, 'subsample': 0.9130733379875366, 'colsample_bytree': 0.6310988255188665, 'gamma': 4.70064654808012}. Best is trial 1 with value: 0.6944253341860628.
[I 2026-05-21 19:19:36,992] Trial 9 finished with value: 0.6760168062273421 and parameters: {'n_estimators': 415, 'max_depth': 9, 'learning_rate': 0.0783995013492135, 'subsample': 0.7058334382944449, 'colsample_bytree': 0.8391663201560993, 'gamma': 3.1789338092132797}. Best is trial 1 with value: 0.6944253341860628.
[I 2026-05-21 19:20:17,374] Trial 10 finished with value: 0.7076046081947598 and parameters: {'n_estimators': 490, 'max_depth': 12, 'learning_rate': 0.25399843872622013, 'subsample': 0.608659193935821, 'colsample_bytree': 0.7112243797868711, 'gamma': 3.4764632356391636}. Best is trial 10 with value: 0.7076046081947598.
[I 2026-05-21 19:20:56,252] Trial 11 finished with value: 0.7114713004224724 and parameters: {'n_estimators': 500, 'max_depth': 12, 'learning_rate': 0.2754634511264346, 'subsample': 0.6058576799493964, 'colsample_bytree': 0.707300979934699, 'gamma': 3.458510177974262}. Best is trial 11 with value: 0.7114713004224724.
