[I 2026-05-21 20:11:42,015] Trial 19 finished with value: 0.9742007284500203 and parameters: {'n_estimators': 213, 'max_depth': 12, 'learning_rate': 0.048753713762385666, 'subsample': 0.6097146596150598, 'colsample_bytree': 0.717726798734818, 'gamma': 1.6331918745523228}. Best is trial 10 with value: 0.9849387744839204.
正在读取纯域名数据集 (目标各取: 200000 条)...
执行 8:1:1 严谨划分 (Train:Val:Test)...

提取 2-4 gram 与统计特征并融合...
融合特征锁定完成！总维度: 213097

--- 开始二分类融合组 (2-4 gram) 贝叶斯调参 (Trials=20) ---

最优参数: {'n_estimators': 262, 'max_depth': 12, 'learning_rate': 0.2969753196529431, 'subsample': 0.994426216511973, 'colsample_bytree': 0.7280649848090825, 'gamma': 2.166318651704053}

==================================================
         实验结果: 二分类特征融合 (统计+2-4gram) 贝叶斯版          
==================================================
融合总维度:          213097
调参耗时:            1876.44 秒
--------------------------------------------------
准确率 (Accuracy):   0.9843
精确率 (Precision):  0.9883
召回率 (Recall):     0.9803
F1 值 (F1-Score):    0.9843
AUC 曲线下面积:      0.9989
--------------------------------------------------
最终训练耗时:         76.37 秒
单条推理平均延时:     0.003708 毫秒
==================================================

  ✅ 完成 (1961 秒)

──────────────────────────────────────────
  [17] 融合多分类 | 统计+2-gram   | 默认参数
  脚本: ronghe/duofen_feature+2_gram_comp.py
──────────────────────────────────────────
Traceback (most recent call last):
  File "/home/girlorn/Cloud-Security-Study/Graduation-Project/code/ronghe/duofen_feature+2_gram_comp.py", line 4, in <module>
    from collections import Counterl
ImportError: cannot import name 'Counterl' from 'collections' (/usr/lib/python3.10/collections/__init__.py)

  ✅ 完成 (1 秒)

──────────────────────────────────────────
  [18] 融合多分类 | 统计+2-4gram  | 默认参数
  脚本: ronghe/duofen_feature+2-4gram_comp.py
──────────────────────────────────────────
正在读取多分类数据集: ../duofen/dga_sampled_8k.txt...

提取 2-4 gram 特征 (稀疏矩阵)...
提取 6 维统计特征 (稠密矩阵)...
融合完成！最终特征维度: 39176 (N-gram + 6 统计特征)
开始 XGBoost 融合模型训练...

==================================================
           实验结果: 多分类特征融合组 (统计+2-4gram)            
==================================================
融合后总维度:        39176
准确率 (Accuracy):   0.8866
宏平均 F1 (Macro-F1): 0.8763
--------------------------------------------------
训练总耗时:          33.38 秒
单条推理平均延时:     0.002816 毫秒
==================================================

各家族详细分类报告:
              precision    recall  f1-score   support

     banjori     1.0000    1.0000    1.0000       800
      emotet     0.8696    1.0000    0.9302       800
    gameover     1.0000    0.9888    0.9943       800
      necurs     0.6573    0.2925    0.4048       800
   pykspa_v1     0.9851    0.9075    0.9447       800
      ramnit     0.5474    0.7000    0.6144       800
      rovnix     1.0000    0.9925    0.9962       800
       simda     0.9569    0.9988    0.9774       800
       tinba     0.9078    0.9975    0.9506       800
       virut     0.9145    0.9888    0.9502       800

    accuracy                         0.8866      8000
   macro avg     0.8839    0.8866    0.8763      8000
weighted avg     0.8839    0.8866    0.8763      8000


  ✅ 完成 (36 秒)

──────────────────────────────────────────
  [19] 融合多分类 | 统计+2-gram   | Optuna (30次)
  脚本: ronghe/duofen_optuna_feature+2_gram_comp.py
──────────────────────────────────────────
[I 2026-05-21 20:13:36,581] A new study created in memory with name: no-name-dc2bd386-f901-42b1-be2f-c3a3f4c5cd62
[I 2026-05-21 20:13:41,644] Trial 0 finished with value: 0.8500442950856796 and parameters: {'n_estimators': 357, 'max_depth': 3, 'learning_rate': 0.022221208955971652, 'subsample': 0.8319755749363039, 'colsample_bytree': 0.6094283560593187, 'gamma': 2.3903705641231334}. Best is trial 0 with value: 0.8500442950856796.
[I 2026-05-21 20:13:46,494] Trial 1 finished with value: 0.8740209128379599 and parameters: {'n_estimators': 164, 'max_depth': 11, 'learning_rate': 0.07147035558954969, 'subsample': 0.6610324690154924, 'colsample_bytree': 0.6236428155603589, 'gamma': 1.3815389660668282}. Best is trial 1 with value: 0.8740209128379599.
[I 2026-05-21 20:13:55,591] Trial 2 finished with value: 0.8764280895322643 and parameters: {'n_estimators': 589, 'max_depth': 8, 'learning_rate': 0.13277365620705384, 'subsample': 0.8324630263431425, 'colsample_bytree': 0.9499940207002318, 'gamma': 0.8604393727263138}. Best is trial 2 with value: 0.8764280895322643.
[I 2026-05-21 20:13:57,836] Trial 3 finished with value: 0.8494584127528284 and parameters: {'n_estimators': 105, 'max_depth': 7, 'learning_rate': 0.01684254351304517, 'subsample': 0.8733417821331244, 'colsample_bytree': 0.7441045939308307, 'gamma': 1.2768220752321728}. Best is trial 2 with value: 0.8764280895322643.
[I 2026-05-21 20:14:02,368] Trial 4 finished with value: 0.8561601145159423 and parameters: {'n_estimators': 164, 'max_depth': 10, 'learning_rate': 0.012091623075754983, 'subsample': 0.6814074864636512, 'colsample_bytree': 0.8249356916419679, 'gamma': 0.9725935562588568}. Best is trial 2 with value: 0.8764280895322643.
[I 2026-05-21 20:14:09,293] Trial 5 finished with value: 0.8735674114669806 and parameters: {'n_estimators': 575, 'max_depth': 3, 'learning_rate': 0.07090057011600542, 'subsample': 0.9706107703702685, 'colsample_bytree': 0.9271158636898678, 'gamma': 0.21748288355981749}. Best is trial 2 with value: 0.8764280895322643.
[I 2026-05-21 20:14:15,672] Trial 6 finished with value: 0.8512842705918058 and parameters: {'n_estimators': 404, 'max_depth': 4, 'learning_rate': 0.014551538682738833, 'subsample': 0.9378955072210501, 'colsample_bytree': 0.7066862928081876, 'gamma': 1.5249145907209845}. Best is trial 2 with value: 0.8764280895322643.
[I 2026-05-21 20:14:24,501] Trial 7 finished with value: 0.8757475970907647 and parameters: {'n_estimators': 537, 'max_depth': 9, 'learning_rate': 0.045874409955572515, 'subsample': 0.8124741829597696, 'colsample_bytree': 0.6968611558546638, 'gamma': 2.4064474613101945}. Best is trial 2 with value: 0.8764280895322643.
[I 2026-05-21 20:14:37,682] Trial 8 finished with value: 0.8699662660566082 and parameters: {'n_estimators': 578, 'max_depth': 9, 'learning_rate': 0.01451315041249808, 'subsample': 0.6717264637156916, 'colsample_bytree': 0.7700882970169978, 'gamma': 1.811189683468823}. Best is trial 2 with value: 0.8764280895322643.
[I 2026-05-21 20:14:41,392] Trial 9 finished with value: 0.8447512992642009 and parameters: {'n_estimators': 227, 'max_depth': 5, 'learning_rate': 0.011535032649218714, 'subsample': 0.9444642491945359, 'colsample_bytree': 0.8394474558631474, 'gamma': 0.5802317567365615}. Best is trial 2 with value: 0.8764280895322643.
[I 2026-05-21 20:14:51,394] Trial 10 finished with value: 0.8814428998850277 and parameters: {'n_estimators': 457, 'max_depth': 7, 'learning_rate': 0.28402600169243764, 'subsample': 0.7443530213307972, 'colsample_bytree': 0.9833283015823258, 'gamma': 0.01026202391204567}. Best is trial 10 with value: 0.8814428998850277.
[I 2026-05-21 20:15:01,719] Trial 11 finished with value: 0.8806726191154594 and parameters: {'n_estimators': 480, 'max_depth': 7, 'learning_rate': 0.288853802890246, 'subsample': 0.7513575482936261, 'colsample_bytree': 0.9856010876040736, 'gamma': 0.0013494126230937722}. Best is trial 10 with value: 0.8814428998850277.
[I 2026-05-21 20:15:09,828] Trial 12 finished with value: 0.8786712461534816 and parameters: {'n_estimators': 456, 'max_depth': 6, 'learning_rate': 0.2905847835076675, 'subsample': 0.7349240931254947, 'colsample_bytree': 0.9917150297405533, 'gamma': 0.07873689378100113}. Best is trial 10 with value: 0.8814428998850277.
[I 2026-05-21 20:15:17,555] Trial 13 finished with value: 0.8809616326898068 and parameters: {'n_estimators': 469, 'max_depth': 7, 'learning_rate': 0.2930281282401029, 'subsample': 0.7379664131378706, 'colsample_bytree': 0.8918001286363304, 'gamma': 0.44171819097895965}. Best is trial 10 with value: 0.8814428998850277.
[I 2026-05-21 20:15:25,983] Trial 14 finished with value: 0.8793531900734177 and parameters: {'n_estimators': 292, 'max_depth': 12, 'learning_rate': 0.16239212328039718, 'subsample': 0.60785486431453, 'colsample_bytree': 0.8893887036367908, 'gamma': 0.4865276675455972}. Best is trial 10 with value: 0.8814428998850277.
[I 2026-05-21 20:15:34,420] Trial 15 finished with value: 0.880379315376523 and parameters: {'n_estimators': 463, 'max_depth': 6, 'learning_rate': 0.16434130903165395, 'subsample': 0.7460057108335546, 'colsample_bytree': 0.8816445852915383, 'gamma': 0.5257207613549624}. Best is trial 10 with value: 0.8814428998850277.
[I 2026-05-21 20:15:39,905] Trial 16 finished with value: 0.8776911872952452 and parameters: {'n_estimators': 382, 'max_depth': 8, 'learning_rate': 0.10937677729660862, 'subsample': 0.7805834700984493, 'colsample_bytree': 0.915414282438926, 'gamma': 2.91068543080216}. Best is trial 10 with value: 0.8814428998850277.
[I 2026-05-21 20:15:44,923] Trial 17 finished with value: 0.8767094055456 and parameters: {'n_estimators': 299, 'max_depth': 5, 'learning_rate': 0.19599502350943937, 'subsample': 0.7114097749060194, 'colsample_bytree': 0.8618984170742361, 'gamma': 0.8280271463562067}. Best is trial 10 with value: 0.8814428998850277.
[I 2026-05-21 20:15:59,586] Trial 18 finished with value: 0.871592879202163 and parameters: {'n_estimators': 510, 'max_depth': 6, 'learning_rate': 0.035499220736977005, 'subsample': 0.8834778784363487, 'colsample_bytree': 0.9579730129643599, 'gamma': 0.3679483707666483}. Best is trial 10 with value: 0.8814428998850277.
[I 2026-05-21 20:16:08,948] Trial 19 finished with value: 0.8793939779733491 and parameters: {'n_estimators': 422, 'max_depth': 9, 'learning_rate': 0.08859306816081106, 'subsample': 0.6286523340493432, 'colsample_bytree': 0.7988153924730166, 'gamma': 1.0285504761664852}. Best is trial 10 with value: 0.8814428998850277.
[I 2026-05-21 20:16:12,648] Trial 20 finished with value: 0.8775717663266495 and parameters: {'n_estimators': 286, 'max_depth': 7, 'learning_rate': 0.22684761290924144, 'subsample': 0.7749936534500403, 'colsample_bytree': 0.9143983053075486, 'gamma': 1.830686846890167}. Best is trial 10 with value: 0.8814428998850277.
[I 2026-05-21 20:16:22,740] Trial 21 finished with value: 0.8791928922119796 and parameters: {'n_estimators': 498, 'max_depth': 7, 'learning_rate': 0.299014408048544, 'subsample': 0.7251146378763019, 'colsample_bytree': 0.9834922910205929, 'gamma': 0.04417603552913385}. Best is trial 10 with value: 0.8814428998850277.
[I 2026-05-21 20:16:32,978] Trial 22 finished with value: 0.8788494624668488 and parameters: {'n_estimators': 452, 'max_depth': 8, 'learning_rate': 0.2325635431022879, 'subsample': 0.7657318643753134, 'colsample_bytree': 0.9637897553253882, 'gamma': 0.03921579417874309}. Best is trial 10 with value: 0.8814428998850277.
[I 2026-05-21 20:16:41,161] Trial 23 finished with value: 0.8835395878825414 and parameters: {'n_estimators': 522, 'max_depth': 5, 'learning_rate': 0.29502603157744867, 'subsample': 0.6986915314229365, 'colsample_bytree': 0.9916629090523355, 'gamma': 0.32880145894236334}. Best is trial 23 with value: 0.8835395878825414.
[I 2026-05-21 20:16:50,062] Trial 24 finished with value: 0.8799799674423208 and parameters: {'n_estimators': 523, 'max_depth': 5, 'learning_rate': 0.1278775888539057, 'subsample': 0.6990280473198222, 'colsample_bytree': 0.9988006802153672, 'gamma': 0.644048720875065}. Best is trial 23 with value: 0.8835395878825414.
[I 2026-05-21 20:16:56,982] Trial 25 finished with value: 0.8782518910054471 and parameters: {'n_estimators': 425, 'max_depth': 4, 'learning_rate': 0.19200097483448716, 'subsample': 0.6498018838121786, 'colsample_bytree': 0.927150950939523, 'gamma': 0.3355894622336699}. Best is trial 23 with value: 0.8835395878825414.
[I 2026-05-21 20:17:05,811] Trial 26 finished with value: 0.8816145081130562 and parameters: {'n_estimators': 545, 'max_depth': 6, 'learning_rate': 0.23074757304709842, 'subsample': 0.701181951236412, 'colsample_bytree': 0.9487158716235373, 'gamma': 0.7290915114956495}. Best is trial 23 with value: 0.8835395878825414.
[I 2026-05-21 20:17:13,066] Trial 27 finished with value: 0.8781269092554872 and parameters: {'n_estimators': 547, 'max_depth': 4, 'learning_rate': 0.21267567314512992, 'subsample': 0.6864433544407361, 'colsample_bytree': 0.9490824548927121, 'gamma': 1.1529913816989779}. Best is trial 23 with value: 0.8835395878825414.
[I 2026-05-21 20:17:22,793] Trial 28 finished with value: 0.8819745448293415 and parameters: {'n_estimators': 554, 'max_depth': 6, 'learning_rate': 0.15818290634860951, 'subsample': 0.6006761563213179, 'colsample_bytree': 0.966487295879279, 'gamma': 0.7397659375070392}. Best is trial 23 with value: 0.8835395878825414.
[I 2026-05-21 20:17:27,861] Trial 29 finished with value: 0.8534686743692491 and parameters: {'n_estimators': 342, 'max_depth': 3, 'learning_rate': 0.02500839157571067, 'subsample': 0.6139056865731309, 'colsample_bytree': 0.9471431507772305, 'gamma': 0.6874074954199627}. Best is trial 23 with value: 0.8835395878825414.
正在读取多分类数据集: dga_sampled_8k.txt...

提取 2-gram 字符特征...
提取 6 维统计特征...
执行特征空间融合 (Fusion)...
特征维度锁定: 1302

--- 开始多分类融合组 (2-gram) 贝叶斯寻优 ---

最优参数组合: {'n_estimators': 522, 'max_depth': 5, 'learning_rate': 0.29502603157744867, 'subsample': 0.6986915314229365, 'colsample_bytree': 0.9916629090523355, 'gamma': 0.32880145894236334}

=======================================================
             实验结果: 多分类融合组 (统计+2-gram) 贝叶斯版             
=======================================================
融合特征总维度:      1302
调参总耗时:          231.28 秒
-------------------------------------------------------
准确率 (Accuracy):   0.8880
宏平均 F1 (Macro-F1): 0.8834
最终训练耗时:         8.65 秒
单条推理平均延时:     0.007964 毫秒
=======================================================

各家族详细分类报告 (调参后最终模型):
              precision    recall  f1-score   support

     banjori     1.0000    1.0000    1.0000       800
      emotet     0.8691    0.9962    0.9284       800
    gameover     0.9987    0.9888    0.9937       800
      necurs     0.5773    0.4575    0.5105       800
   pykspa_v1     0.9668    0.9450    0.9558       800
      ramnit     0.5485    0.5437    0.5461       800
      rovnix     0.9987    0.9925    0.9956       800
       simda     0.9852    1.0000    0.9926       800
       tinba     0.9216    0.9850    0.9523       800
       virut     0.9476    0.9712    0.9593       800

    accuracy                         0.8880      8000
   macro avg     0.8814    0.8880    0.8834      8000
weighted avg     0.8814    0.8880    0.8834      8000


✅ 模型已保存: /home/girlorn/Cloud-Security-Study/Graduation-Project/code/ronghe/../../models/duofen_fusion_model.json
✅ 向量化器已保存: /home/girlorn/Cloud-Security-Study/Graduation-Project/code/ronghe/../../models/duofen_vectorizer.pkl
✅ 标签编码器已保存: /home/girlorn/Cloud-Security-Study/Graduation-Project/code/ronghe/../../models/duofen_label_encoder.pkl
✅ 评估指标已保存: /home/girlorn/Cloud-Security-Study/Graduation-Project/code/ronghe/../../models/duofen_metrics.json

  ✅ 完成 (241 秒)

──────────────────────────────────────────
  [20] 融合多分类 | 统计+2-4gram  | Optuna (30次)
  脚本: ronghe/duofen_optuna_feature+2-4gram_comp.py
──────────────────────────────────────────
[I 2026-05-21 20:17:39,165] A new study created in memory with name: no-name-b85a2815-e24f-47be-b432-46edad452af5
[I 2026-05-21 20:18:48,512] Trial 0 finished with value: 0.8746439537509355 and parameters: {'n_estimators': 567, 'max_depth': 10, 'learning_rate': 0.034946583049457754, 'subsample': 0.844909806366009, 'colsample_bytree': 0.8325073935116025, 'gamma': 1.7770277789193751}. Best is trial 0 with value: 0.8746439537509355.
[I 2026-05-21 20:19:48,764] Trial 1 finished with value: 0.8727875385526506 and parameters: {'n_estimators': 575, 'max_depth': 9, 'learning_rate': 0.025524891389540182, 'subsample': 0.7598575465093773, 'colsample_bytree': 0.5663027269471057, 'gamma': 2.986301237140684}. Best is trial 0 with value: 0.8746439537509355.
[I 2026-05-21 20:20:42,869] Trial 2 finished with value: 0.8734403549325849 and parameters: {'n_estimators': 347, 'max_depth': 12, 'learning_rate': 0.03369512432429106, 'subsample': 0.6284145918006, 'colsample_bytree': 0.7185505613706148, 'gamma': 1.6451695113921128}. Best is trial 0 with value: 0.8746439537509355.
[I 2026-05-21 20:21:18,784] Trial 3 finished with value: 0.8608780042535453 and parameters: {'n_estimators': 153, 'max_depth': 15, 'learning_rate': 0.012578187282574598, 'subsample': 0.7084071195733395, 'colsample_bytree': 0.570836964730328, 'gamma': 2.986351022152585}. Best is trial 0 with value: 0.8746439537509355.
[I 2026-05-21 20:21:46,455] Trial 4 finished with value: 0.874962558698629 and parameters: {'n_estimators': 439, 'max_depth': 10, 'learning_rate': 0.09268202130820906, 'subsample': 0.9249277956765249, 'colsample_bytree': 0.8414310445106757, 'gamma': 3.309441149569376}. Best is trial 4 with value: 0.874962558698629.
[I 2026-05-21 20:22:32,360] Trial 5 finished with value: 0.865123780680362 and parameters: {'n_estimators': 263, 'max_depth': 9, 'learning_rate': 0.0246051350354567, 'subsample': 0.7228706813622752, 'colsample_bytree': 0.6044606401746333, 'gamma': 0.6816906862003375}. Best is trial 4 with value: 0.874962558698629.
[I 2026-05-21 20:23:13,112] Trial 6 finished with value: 0.8640004460688993 and parameters: {'n_estimators': 162, 'max_depth': 13, 'learning_rate': 0.018334407549474508, 'subsample': 0.7060070239085102, 'colsample_bytree': 0.620980391080522, 'gamma': 2.474461409663595}. Best is trial 4 with value: 0.874962558698629.
[I 2026-05-21 20:24:30,308] Trial 7 finished with value: 0.869499683914688 and parameters: {'n_estimators': 575, 'max_depth': 7, 'learning_rate': 0.02585916933554976, 'subsample': 0.7129318250506633, 'colsample_bytree': 0.8881493928914006, 'gamma': 1.412232718290326}. Best is trial 4 with value: 0.874962558698629.
[I 2026-05-21 20:24:53,154] Trial 8 finished with value: 0.8615747131759083 and parameters: {'n_estimators': 297, 'max_depth': 4, 'learning_rate': 0.05668554165973719, 'subsample': 0.9460594285383339, 'colsample_bytree': 0.687748881791463, 'gamma': 3.7273085941473556}. Best is trial 4 with value: 0.874962558698629.
[I 2026-05-21 20:25:07,794] Trial 9 finished with value: 0.8704153963987874 and parameters: {'n_estimators': 267, 'max_depth': 14, 'learning_rate': 0.18934941839123323, 'subsample': 0.7047469429289748, 'colsample_bytree': 0.6631010250393428, 'gamma': 4.742122103940288}. Best is trial 4 with value: 0.874962558698629.
[I 2026-05-21 20:25:36,849] Trial 10 finished with value: 0.8681055850023227 and parameters: {'n_estimators': 460, 'max_depth': 3, 'learning_rate': 0.12476110971551267, 'subsample': 0.9884857206272178, 'colsample_bytree': 0.9816845828419879, 'gamma': 4.676586044468888}. Best is trial 4 with value: 0.874962558698629.
[I 2026-05-21 20:26:33,062] Trial 11 finished with value: 0.8785788577946473 and parameters: {'n_estimators': 464, 'max_depth': 10, 'learning_rate': 0.07148584169460932, 'subsample': 0.8670650835835203, 'colsample_bytree': 0.8148860939717986, 'gamma': 1.8696605303772473}. Best is trial 11 with value: 0.8785788577946473.
[I 2026-05-21 20:27:43,972] Trial 12 finished with value: 0.880042191248903 and parameters: {'n_estimators': 449, 'max_depth': 11, 'learning_rate': 0.07296152041384864, 'subsample': 0.8779890254585758, 'colsample_bytree': 0.8123122716957586, 'gamma': 0.32694680153307276}. Best is trial 12 with value: 0.880042191248903.
[I 2026-05-21 20:28:36,310] Trial 13 finished with value: 0.8767729694266084 and parameters: {'n_estimators': 453, 'max_depth': 7, 'learning_rate': 0.06467710980826354, 'subsample': 0.8497804731686709, 'colsample_bytree': 0.7807538502203027, 'gamma': 0.17255113846128323}. Best is trial 12 with value: 0.880042191248903.
[I 2026-05-21 20:29:17,974] Trial 14 finished with value: 0.8815273871305852 and parameters: {'n_estimators': 403, 'max_depth': 12, 'learning_rate': 0.19050646103399244, 'subsample': 0.8684072293214766, 'colsample_bytree': 0.9268315072637132, 'gamma': 0.7361100070862641}. Best is trial 14 with value: 0.8815273871305852.
[I 2026-05-21 20:29:53,555] Trial 15 finished with value: 0.881382055573714 and parameters: {'n_estimators': 386, 'max_depth': 12, 'learning_rate': 0.25777239468008284, 'subsample': 0.9042881043637792, 'colsample_bytree': 0.9425469649476569, 'gamma': 0.6995456566008755}. Best is trial 14 with value: 0.8815273871305852.
[I 2026-05-21 20:30:29,206] Trial 16 finished with value: 0.8801947307774833 and parameters: {'n_estimators': 388, 'max_depth': 13, 'learning_rate': 0.2859911072473926, 'subsample': 0.8003870289277788, 'colsample_bytree': 0.9986087756701869, 'gamma': 0.8773201283484489}. Best is trial 14 with value: 0.8815273871305852.
[I 2026-05-21 20:30:55,580] Trial 17 finished with value: 0.8794792970504464 and parameters: {'n_estimators': 377, 'max_depth': 7, 'learning_rate': 0.28483969506058987, 'subsample': 0.9128918283083565, 'colsample_bytree': 0.9113965557478215, 'gamma': 1.0264647620322058}. Best is trial 14 with value: 0.8815273871305852.
[I 2026-05-21 20:31:27,880] Trial 18 finished with value: 0.8780484986779641 and parameters: {'n_estimators': 520, 'max_depth': 15, 'learning_rate': 0.15875404383990585, 'subsample': 0.9959496280604763, 'colsample_bytree': 0.5015138180714265, 'gamma': 1.2124845919819172}. Best is trial 14 with value: 0.8815273871305852.
