[I 2026-05-21 20:31:49,646] Trial 19 finished with value: 0.8775604651533533 and parameters: {'n_estimators': 311, 'max_depth': 12, 'learning_rate': 0.19607689482636895, 'subsample': 0.7909361221840492, 'colsample_bytree': 0.9283767418105067, 'gamma': 2.281643466703252}. Best is trial 14 with value: 0.8815273871305852.
正在读取多分类数据集: dga_sampled_8k.txt...

执行 2-4 gram 特征提取...
执行 6 维统计特征提取...
执行特征水平融合 (hstack)...
融合特征锁定完成！总维度: 39176

--- 开始融合特征组贝叶斯调参 (Trials=20) ---

调参完成！最优 Macro-F1: 0.8815

=======================================================
            实验结果: 多分类特征融合 (统计+2-4gram) 贝叶斯版            
=======================================================
融合后总维度:        39176
最优参数组合:        {'n_estimators': 403, 'max_depth': 12, 'learning_rate': 0.19050646103399244, 'subsample': 0.8684072293214766, 'colsample_bytree': 0.9268315072637132, 'gamma': 0.7361100070862641}
调参总耗时:          850.48 秒
-------------------------------------------------------
准确率 (Accuracy):   0.8872
宏平均 F1 (Macro-F1): 0.8819
最终训练耗时:         42.70 秒
单条推理平均延时:     0.008747 毫秒
=======================================================

终极模型各家族分类报告:
              precision    recall  f1-score   support

     banjori     1.0000    1.0000    1.0000       800
      emotet     0.8686    0.9912    0.9259       800
    gameover     1.0000    0.9888    0.9943       800
      necurs     0.5822    0.4163    0.4854       800
   pykspa_v1     0.9828    0.9287    0.9550       800
      ramnit     0.5437    0.5750    0.5589       800
      rovnix     1.0000    0.9925    0.9962       800
       simda     0.9768    1.0000    0.9883       800
       tinba     0.9213    0.9950    0.9567       800
       virut     0.9325    0.9850    0.9581       800

    accuracy                         0.8872      8000
   macro avg     0.8808    0.8873    0.8819      8000
weighted avg     0.8808    0.8872    0.8819      8000


  ✅ 完成 (896 秒)

==========================================
  全部实验结束
  完成时间: Thu May 21 20:32:32 CST 2026
  总耗时: 139 分 1 秒
  总实验数: 20 | 通过: 20 | 失败: 0
  日志文件: /home/girlorn/Cloud-Security-Study/Graduation-Project/experiments.log
==========================================
