==========================================
  DGA 检测实验 — 全自动运行
  开始时间: Thu May 21 18:11:08 CST 2026
==========================================


══════════════════════════════════════════════
  第一阶段：二分类 (Binary Classification)
══════════════════════════════════════════════

──────────────────────────────────────────
  [1] 二分类 | 统计特征 | 默认参数
  脚本: erfen/feature_comp.py
──────────────────────────────────────────
正在读取纯域名数据集 (各取前 200000 条)...
执行 8:1:1 严谨划分 (Train:Val:Test)...
数据就绪: 训练集(319999), 验证集(40000), 测试集(40000)
提取统计特征中...
开始 XGBoost 默认参数训练...
执行性能评估...

=============================================
            实验结果: 二分类统计特征组 (默认参数)            
=============================================
准确率 (Accuracy):   0.9469
精确率 (Precision):  0.9611
召回率 (Recall):     0.9315
F1 值 (F1-Score):    0.9461
AUC 曲线下面积:      0.9870
---------------------------------------------
训练总耗时:          1.33 秒
单条推理平均延时:     0.000280 毫秒
=============================================

  ✅ 完成 (6 秒)

──────────────────────────────────────────
  [2] 二分类 | 2-gram   | 默认参数
  脚本: erfen/2-gram_comp.py
──────────────────────────────────────────
正在读取纯域名数据集 (目标各取: 200000 条)...
执行 8:1:1 严谨划分 (Train:Val:Test)...
数据就绪: 训练集(319999), 验证集(40000), 测试集(40000)

开始执行 2-gram 特征向量化...
特征提取完成！特征维度: 1369
模型训练中 (XGBoost 2-gram 默认参数)...
执行测试集预测与性能分析...

=============================================
         实验结果: 二分类 2-gram 特征组 (默认参数)         
=============================================
最终特征维度:        1369
准确率 (Accuracy):   0.9577
精确率 (Precision):  0.9901
召回率 (Recall):     0.9245
F1 值 (F1-Score):    0.9562
AUC 曲线下面积:      0.9885
---------------------------------------------
训练总耗时:          5.92 秒
单条推理平均延时:     0.000362 毫秒
=============================================

  ✅ 完成 (8 秒)

──────────────────────────────────────────
  [3] 二分类 | 2-4gram  | 默认参数
  脚本: erfen/2-4gram_comp.py
──────────────────────────────────────────
==========================================
  DGA 检测实验 — 全自动运行
  开始时间: Thu May 21 18:13:31 CST 2026
==========================================


══════════════════════════════════════════════
  第一阶段：二分类 (Binary Classification)
══════════════════════════════════════════════

──────────────────────────────────────────
  [1] 二分类 | 统计特征 | 默认参数
  脚本: erfen/feature_comp.py
──────────────────────────────────────────
正在读取纯域名数据集 (各取前 200000 条)...
执行 8:1:1 严谨划分 (Train:Val:Test)...
数据就绪: 训练集(319999), 验证集(40000), 测试集(40000)
提取统计特征中...
开始 XGBoost 默认参数训练...
执行性能评估...

=============================================
            实验结果: 二分类统计特征组 (默认参数)            
=============================================
准确率 (Accuracy):   0.9469
精确率 (Precision):  0.9611
召回率 (Recall):     0.9315
F1 值 (F1-Score):    0.9461
AUC 曲线下面积:      0.9870
---------------------------------------------
训练总耗时:          0.89 秒
单条推理平均延时:     0.000277 毫秒
=============================================

  ✅ 完成 (4 秒)

──────────────────────────────────────────
  [2] 二分类 | 2-gram   | 默认参数
  脚本: erfen/2-gram_comp.py
──────────────────────────────────────────
正在读取纯域名数据集 (目标各取: 200000 条)...
执行 8:1:1 严谨划分 (Train:Val:Test)...
数据就绪: 训练集(319999), 验证集(40000), 测试集(40000)

开始执行 2-gram 特征向量化...
特征提取完成！特征维度: 1369
模型训练中 (XGBoost 2-gram 默认参数)...
执行测试集预测与性能分析...

=============================================
         实验结果: 二分类 2-gram 特征组 (默认参数)         
=============================================
最终特征维度:        1369
准确率 (Accuracy):   0.9577
精确率 (Precision):  0.9901
召回率 (Recall):     0.9245
F1 值 (F1-Score):    0.9562
AUC 曲线下面积:      0.9885
---------------------------------------------
训练总耗时:          4.09 秒
单条推理平均延时:     0.000214 毫秒
=============================================

  ✅ 完成 (7 秒)

──────────────────────────────────────────
  [3] 二分类 | 2-4gram  | 默认参数
  脚本: erfen/2-4gram_comp.py
──────────────────────────────────────────
正在读取纯域名数据集 (目标各取: 200000 条)...
执行 8:1:1 严谨划分 (Train:Val:Test)...
数据就绪: 训练集(319999), 验证集(40000), 测试集(40000)

开始执行 2-4 gram 特征向量化 (混合 2/3/4 位特征)...
特征提取完成！复合维度: 213091
模型训练中 (XGBoost 2-4 gram 混合组)...
执行测试集预测与性能分析...

=============================================
        实验结果: 二分类 2-4 gram 特征组 (默认参数)        
=============================================
混合特征总维度:      213091
准确率 (Accuracy):   0.9584
精确率 (Precision):  0.9912
召回率 (Recall):     0.9250
F1 值 (F1-Score):    0.9570
AUC 曲线下面积:      0.9896
---------------------------------------------
训练总耗时:          600.78 秒
单条推理平均延时:     0.195481 毫秒
=============================================

  ✅ 完成 (616 秒)

──────────────────────────────────────────
  [4] 二分类 | 统计特征 | Optuna 调参 (50次)
  脚本: erfen/optuna_feature_comp.py
──────────────────────────────────────────
[I 2026-05-21 18:24:00,985] A new study created in memory with name: no-name-dca3ebba-67be-4ce9-9524-cf072b502b83
[I 2026-05-21 18:24:03,028] Trial 0 finished with value: 0.9450242502729743 and parameters: {'n_estimators': 252, 'max_depth': 10, 'learning_rate': 0.01276025756769648, 'subsample': 0.6844279371266492, 'colsample_bytree': 0.9328479027098204, 'min_child_weight': 1}. Best is trial 0 with value: 0.9450242502729743.
[I 2026-05-21 18:24:06,778] Trial 1 finished with value: 0.9451442503047541 and parameters: {'n_estimators': 963, 'max_depth': 5, 'learning_rate': 0.06066885210747759, 'subsample': 0.783237126331001, 'colsample_bytree': 0.9022236545851982, 'min_child_weight': 6}. Best is trial 1 with value: 0.9451442503047541.
[I 2026-05-21 18:24:07,777] Trial 2 finished with value: 0.9447307623955927 and parameters: {'n_estimators': 259, 'max_depth': 10, 'learning_rate': 0.21783813775632194, 'subsample': 0.9939702875752394, 'colsample_bytree': 0.684878861602199, 'min_child_weight': 5}. Best is trial 1 with value: 0.9451442503047541.
[I 2026-05-21 18:24:10,216] Trial 3 finished with value: 0.9450197989643618 and parameters: {'n_estimators': 528, 'max_depth': 9, 'learning_rate': 0.016330262633198908, 'subsample': 0.6318301555888294, 'colsample_bytree': 0.6948224908720246, 'min_child_weight': 3}. Best is trial 1 with value: 0.9451442503047541.
[I 2026-05-21 18:24:12,530] Trial 4 finished with value: 0.9452033924127774 and parameters: {'n_estimators': 708, 'max_depth': 4, 'learning_rate': 0.09285987289279624, 'subsample': 0.7176660332603896, 'colsample_bytree': 0.633575020481838, 'min_child_weight': 7}. Best is trial 4 with value: 0.9452033924127774.
[I 2026-05-21 18:24:15,072] Trial 5 finished with value: 0.9449974606399187 and parameters: {'n_estimators': 902, 'max_depth': 4, 'learning_rate': 0.12800189123181527, 'subsample': 0.7899882716000912, 'colsample_bytree': 0.838288709160255, 'min_child_weight': 3}. Best is trial 4 with value: 0.9452033924127774.
[I 2026-05-21 18:24:18,192] Trial 6 finished with value: 0.9450806144471245 and parameters: {'n_estimators': 838, 'max_depth': 7, 'learning_rate': 0.017663312676059546, 'subsample': 0.682751270010419, 'colsample_bytree': 0.996449484535872, 'min_child_weight': 2}. Best is trial 4 with value: 0.9452033924127774.
[I 2026-05-21 18:24:20,646] Trial 7 finished with value: 0.9447790399227466 and parameters: {'n_estimators': 819, 'max_depth': 4, 'learning_rate': 0.21236517570166025, 'subsample': 0.7010460678392839, 'colsample_bytree': 0.9939610150261526, 'min_child_weight': 1}. Best is trial 4 with value: 0.9452033924127774.
[I 2026-05-21 18:24:22,196] Trial 8 finished with value: 0.9450889797161788 and parameters: {'n_estimators': 493, 'max_depth': 6, 'learning_rate': 0.11453115991496947, 'subsample': 0.8306315684504901, 'colsample_bytree': 0.9199591949278281, 'min_child_weight': 10}. Best is trial 4 with value: 0.9452033924127774.
[I 2026-05-21 18:24:22,710] Trial 9 finished with value: 0.9447967933431427 and parameters: {'n_estimators': 221, 'max_depth': 3, 'learning_rate': 0.17239530942817508, 'subsample': 0.9018391207168568, 'colsample_bytree': 0.9546403921267244, 'min_child_weight': 9}. Best is trial 4 with value: 0.9452033924127774.
[I 2026-05-21 18:24:25,345] Trial 10 finished with value: 0.945245835026412 and parameters: {'n_estimators': 677, 'max_depth': 7, 'learning_rate': 0.03657582724954242, 'subsample': 0.867408549260621, 'colsample_bytree': 0.6070860941136164, 'min_child_weight': 7}. Best is trial 10 with value: 0.945245835026412.
[I 2026-05-21 18:24:27,601] Trial 11 finished with value: 0.9451654687222208 and parameters: {'n_estimators': 671, 'max_depth': 7, 'learning_rate': 0.042391696373063496, 'subsample': 0.8856514227221688, 'colsample_bytree': 0.6008053656753772, 'min_child_weight': 7}. Best is trial 10 with value: 0.945245835026412.
[I 2026-05-21 18:24:30,287] Trial 12 finished with value: 0.945189474753632 and parameters: {'n_estimators': 678, 'max_depth': 8, 'learning_rate': 0.04119270133445175, 'subsample': 0.7663973402285493, 'colsample_bytree': 0.6150003034173799, 'min_child_weight': 8}. Best is trial 10 with value: 0.945245835026412.
[I 2026-05-21 18:24:32,282] Trial 13 finished with value: 0.9448930875107928 and parameters: {'n_estimators': 661, 'max_depth': 6, 'learning_rate': 0.07748878942690732, 'subsample': 0.884100258011431, 'colsample_bytree': 0.713232475158423, 'min_child_weight': 5}. Best is trial 10 with value: 0.945245835026412.
[I 2026-05-21 18:24:33,440] Trial 14 finished with value: 0.944049191991056 and parameters: {'n_estimators': 405, 'max_depth': 5, 'learning_rate': 0.032204283722596726, 'subsample': 0.9821935878913863, 'colsample_bytree': 0.7864251549357475, 'min_child_weight': 7}. Best is trial 10 with value: 0.945245835026412.
[I 2026-05-21 18:24:36,520] Trial 15 finished with value: 0.945345619780164 and parameters: {'n_estimators': 748, 'max_depth': 8, 'learning_rate': 0.025780468209484174, 'subsample': 0.6077854925144315, 'colsample_bytree': 0.6549431957769121, 'min_child_weight': 8}. Best is trial 15 with value: 0.945345619780164.
[I 2026-05-21 18:24:40,378] Trial 16 finished with value: 0.9451560435091999 and parameters: {'n_estimators': 787, 'max_depth': 8, 'learning_rate': 0.026306443094915005, 'subsample': 0.6003156565121366, 'colsample_bytree': 0.7738388463133743, 'min_child_weight': 10}. Best is trial 15 with value: 0.945345619780164.
[I 2026-05-21 18:24:42,785] Trial 17 finished with value: 0.9451487513020502 and parameters: {'n_estimators': 590, 'max_depth': 8, 'learning_rate': 0.02374744852375404, 'subsample': 0.8385057868051775, 'colsample_bytree': 0.6577036395261265, 'min_child_weight': 8}. Best is trial 15 with value: 0.945345619780164.
[I 2026-05-21 18:24:44,619] Trial 18 finished with value: 0.9451358902717806 and parameters: {'n_estimators': 404, 'max_depth': 9, 'learning_rate': 0.011174632147113176, 'subsample': 0.9495186633063366, 'colsample_bytree': 0.7353294546599789, 'min_child_weight': 6}. Best is trial 15 with value: 0.945345619780164.
[I 2026-05-21 18:24:47,600] Trial 19 finished with value: 0.9451922588510184 and parameters: {'n_estimators': 768, 'max_depth': 7, 'learning_rate': 0.05591939794719779, 'subsample': 0.7381658422209152, 'colsample_bytree': 0.6527224689931469, 'min_child_weight': 9}. Best is trial 15 with value: 0.945345619780164.
[I 2026-05-21 18:24:51,602] Trial 20 finished with value: 0.9447858993244272 and parameters: {'n_estimators': 934, 'max_depth': 9, 'learning_rate': 0.021327020392526236, 'subsample': 0.8356305553333101, 'colsample_bytree': 0.8249363535702043, 'min_child_weight': 4}. Best is trial 15 with value: 0.945345619780164.
[I 2026-05-21 18:24:53,551] Trial 21 finished with value: 0.9448950623542532 and parameters: {'n_estimators': 720, 'max_depth': 3, 'learning_rate': 0.08321066296829123, 'subsample': 0.6274614590268184, 'colsample_bytree': 0.6460153554344072, 'min_child_weight': 7}. Best is trial 15 with value: 0.945345619780164.
[I 2026-05-21 18:24:55,565] Trial 22 finished with value: 0.945021458137586 and parameters: {'n_estimators': 595, 'max_depth': 6, 'learning_rate': 0.03650709973785206, 'subsample': 0.7327840109156258, 'colsample_bytree': 0.6153392462405627, 'min_child_weight': 8}. Best is trial 15 with value: 0.945345619780164.
[I 2026-05-21 18:24:58,271] Trial 23 finished with value: 0.9450454568540809 and parameters: {'n_estimators': 859, 'max_depth': 5, 'learning_rate': 0.08234714119525495, 'subsample': 0.6567733384970849, 'colsample_bytree': 0.735410504346832, 'min_child_weight': 6}. Best is trial 15 with value: 0.945345619780164.
[I 2026-05-21 18:25:01,425] Trial 24 finished with value: 0.9451598973811882 and parameters: {'n_estimators': 746, 'max_depth': 8, 'learning_rate': 0.05092788359202173, 'subsample': 0.7455266059660892, 'colsample_bytree': 0.6390771497660332, 'min_child_weight': 9}. Best is trial 15 with value: 0.945345619780164.
[I 2026-05-21 18:25:02,922] Trial 25 finished with value: 0.9451018231679448 and parameters: {'n_estimators': 456, 'max_depth': 7, 'learning_rate': 0.030349793644037257, 'subsample': 0.9329690650589121, 'colsample_bytree': 0.69302901353139, 'min_child_weight': 7}. Best is trial 15 with value: 0.945345619780164.
[I 2026-05-21 18:25:04,674] Trial 26 finished with value: 0.9453188464662876 and parameters: {'n_estimators': 604, 'max_depth': 4, 'learning_rate': 0.2830474952327553, 'subsample': 0.7184507436864251, 'colsample_bytree': 0.6692939628392004, 'min_child_weight': 8}. Best is trial 15 with value: 0.945345619780164.
[I 2026-05-21 18:25:07,314] Trial 27 finished with value: 0.9451363348129359 and parameters: {'n_estimators': 615, 'max_depth': 6, 'learning_rate': 0.017305418710436112, 'subsample': 0.600753587597221, 'colsample_bytree': 0.7511905036133213, 'min_child_weight': 8}. Best is trial 15 with value: 0.945345619780164.
[I 2026-05-21 18:25:10,022] Trial 28 finished with value: 0.9445586257643805 and parameters: {'n_estimators': 577, 'max_depth': 9, 'learning_rate': 0.25642272011444045, 'subsample': 0.811146952437273, 'colsample_bytree': 0.6706050238384481, 'min_child_weight': 9}. Best is trial 15 with value: 0.945345619780164.
[I 2026-05-21 18:25:11,431] Trial 29 finished with value: 0.9447619047619048 and parameters: {'n_estimators': 334, 'max_depth': 8, 'learning_rate': 0.29518534457885437, 'subsample': 0.6565651733428838, 'colsample_bytree': 0.8646091120775412, 'min_child_weight': 10}. Best is trial 15 with value: 0.945345619780164.
[I 2026-05-21 18:25:14,843] Trial 30 finished with value: 0.9449718259810143 and parameters: {'n_estimators': 520, 'max_depth': 10, 'learning_rate': 0.015052090700431193, 'subsample': 0.8606293171964097, 'colsample_bytree': 0.7182577860933388, 'min_child_weight': 8}. Best is trial 15 with value: 0.945345619780164.
[I 2026-05-21 18:25:16,767] Trial 31 finished with value: 0.9450197989643618 and parameters: {'n_estimators': 697, 'max_depth': 4, 'learning_rate': 0.10855845142029517, 'subsample': 0.703839008007892, 'colsample_bytree': 0.6270774595573034, 'min_child_weight': 7}. Best is trial 15 with value: 0.945345619780164.
[I 2026-05-21 18:25:18,626] Trial 32 finished with value: 0.9451748819737043 and parameters: {'n_estimators': 643, 'max_depth': 4, 'learning_rate': 0.14571636893703077, 'subsample': 0.7120528020494329, 'colsample_bytree': 0.6013873928622326, 'min_child_weight': 6}. Best is trial 15 with value: 0.945345619780164.
[I 2026-05-21 18:25:21,316] Trial 33 finished with value: 0.9450772470128618 and parameters: {'n_estimators': 977, 'max_depth': 3, 'learning_rate': 0.06562456343664627, 'subsample': 0.6529611016479524, 'colsample_bytree': 0.6718286386499523, 'min_child_weight': 5}. Best is trial 15 with value: 0.945345619780164.
[I 2026-05-21 18:25:23,591] Trial 34 finished with value: 0.9450889797161788 and parameters: {'n_estimators': 739, 'max_depth': 5, 'learning_rate': 0.04545926666401233, 'subsample': 0.7722114358625816, 'colsample_bytree': 0.6335040828891907, 'min_child_weight': 7}. Best is trial 15 with value: 0.945345619780164.
[I 2026-05-21 18:25:25,657] Trial 35 finished with value: 0.9450197989643618 and parameters: {'n_estimators': 802, 'max_depth': 4, 'learning_rate': 0.16312616182020956, 'subsample': 0.7931740438517807, 'colsample_bytree': 0.6946953660752273, 'min_child_weight': 8}. Best is trial 15 with value: 0.945345619780164.
[I 2026-05-21 18:25:26,233] Trial 36 finished with value: 0.9431175841523655 and parameters: {'n_estimators': 146, 'max_depth': 5, 'learning_rate': 0.02895626222383644, 'subsample': 0.6855103193038985, 'colsample_bytree': 0.6809671763174798, 'min_child_weight': 9}. Best is trial 15 with value: 0.945345619780164.
[I 2026-05-21 18:25:29,503] Trial 37 finished with value: 0.9448902885006095 and parameters: {'n_estimators': 869, 'max_depth': 7, 'learning_rate': 0.0660264086650991, 'subsample': 0.7571910868862639, 'colsample_bytree': 0.6562156854602044, 'min_child_weight': 5}. Best is trial 15 with value: 0.945345619780164.
[I 2026-05-21 18:25:30,861] Trial 38 finished with value: 0.9424966361166823 and parameters: {'n_estimators': 570, 'max_depth': 3, 'learning_rate': 0.02100432888874586, 'subsample': 0.8089129348585729, 'colsample_bytree': 0.6248488081428981, 'min_child_weight': 6}. Best is trial 15 with value: 0.945345619780164.
[I 2026-05-21 18:25:33,124] Trial 39 finished with value: 0.9444134220011168 and parameters: {'n_estimators': 624, 'max_depth': 6, 'learning_rate': 0.20509507623644221, 'subsample': 0.6384410096674159, 'colsample_bytree': 0.7185509329706554, 'min_child_weight': 4}. Best is trial 15 with value: 0.945345619780164.
[I 2026-05-21 18:25:34,620] Trial 40 finished with value: 0.9451463946820926 and parameters: {'n_estimators': 517, 'max_depth': 4, 'learning_rate': 0.09513332273177875, 'subsample': 0.7196230184657532, 'colsample_bytree': 0.6726695964818067, 'min_child_weight': 7}. Best is trial 15 with value: 0.945345619780164.
[I 2026-05-21 18:25:37,494] Trial 41 finished with value: 0.9452319260275365 and parameters: {'n_estimators': 761, 'max_depth': 7, 'learning_rate': 0.05378512108023504, 'subsample': 0.6764519169761655, 'colsample_bytree': 0.6472963117987803, 'min_child_weight': 9}. Best is trial 15 with value: 0.945345619780164.
[I 2026-05-21 18:25:40,119] Trial 42 finished with value: 0.9452319260275365 and parameters: {'n_estimators': 708, 'max_depth': 7, 'learning_rate': 0.03682847379732262, 'subsample': 0.6838037128010546, 'colsample_bytree': 0.6399342713792139, 'min_child_weight': 9}. Best is trial 15 with value: 0.945345619780164.
[I 2026-05-21 18:25:42,796] Trial 43 finished with value: 0.9452569571399553 and parameters: {'n_estimators': 715, 'max_depth': 7, 'learning_rate': 0.038137148413457715, 'subsample': 0.6813025996885357, 'colsample_bytree': 0.6021413170133316, 'min_child_weight': 10}. Best is trial 15 with value: 0.945345619780164.
[I 2026-05-21 18:25:46,826] Trial 44 finished with value: 0.9451654687222208 and parameters: {'n_estimators': 906, 'max_depth': 7, 'learning_rate': 0.04982107692248151, 'subsample': 0.6728129867875872, 'colsample_bytree': 0.6157063240530326, 'min_child_weight': 10}. Best is trial 15 with value: 0.945345619780164.
[I 2026-05-21 18:25:50,365] Trial 45 finished with value: 0.9452430537918424 and parameters: {'n_estimators': 813, 'max_depth': 8, 'learning_rate': 0.038465365029905024, 'subsample': 0.6280408559066548, 'colsample_bytree': 0.6087650045162218, 'min_child_weight': 10}. Best is trial 15 with value: 0.945345619780164.
[I 2026-05-21 18:25:53,993] Trial 46 finished with value: 0.9451358902717806 and parameters: {'n_estimators': 835, 'max_depth': 9, 'learning_rate': 0.040155689386001316, 'subsample': 0.6232642114432274, 'colsample_bytree': 0.6028358583553337, 'min_child_weight': 10}. Best is trial 15 with value: 0.945345619780164.
[I 2026-05-21 18:25:56,845] Trial 47 finished with value: 0.9453004035840292 and parameters: {'n_estimators': 656, 'max_depth': 8, 'learning_rate': 0.034962484150973965, 'subsample': 0.6182224343616978, 'colsample_bytree': 0.6187699028592082, 'min_child_weight': 10}. Best is trial 15 with value: 0.945345619780164.
[I 2026-05-21 18:25:59,773] Trial 48 finished with value: 0.9451303155006858 and parameters: {'n_estimators': 665, 'max_depth': 8, 'learning_rate': 0.02667291802528887, 'subsample': 0.6118176650602534, 'colsample_bytree': 0.6622009924592064, 'min_child_weight': 8}. Best is trial 15 with value: 0.945345619780164.
[I 2026-05-21 18:26:01,934] Trial 49 finished with value: 0.9452541770351938 and parameters: {'n_estimators': 469, 'max_depth': 9, 'learning_rate': 0.032892083772045645, 'subsample': 0.6387651570963886, 'colsample_bytree': 0.7100324362064117, 'min_child_weight': 9}. Best is trial 15 with value: 0.945345619780164.
预提取特征中以加速寻优过程...
正在读取纯域名数据集 (目标各取: 200000 条)...
执行 8:1:1 严谨划分...
数据就绪: 训练集(319999), 验证集(40000), 测试集(40000)

--- 开始统计特征组二分类贝叶斯调参 ---

最优参数组合: {'n_estimators': 748, 'max_depth': 8, 'learning_rate': 0.025780468209484174, 'subsample': 0.6077854925144315, 'colsample_bytree': 0.6549431957769121, 'min_child_weight': 8}

=============================================
           实验结果: 二分类统计特征组 (贝叶斯调参版)           
=============================================
准确率 (Accuracy):   0.9470
精确率 (Precision):  0.9609
召回率 (Recall):     0.9318
F1 值 (F1-Score):    0.9462
AUC 曲线下面积:      0.9870
---------------------------------------------
训练总耗时:          3.19 秒
单条推理平均延时:     0.001264 毫秒
=============================================

  ✅ 完成 (127 秒)

──────────────────────────────────────────
  [5] 二分类 | 2-gram   | Optuna 调参 (30次)
  脚本: erfen/optuna_2-gram_comp.py
──────────────────────────────────────────
[I 2026-05-21 18:26:07,847] A new study created in memory with name: no-name-7c4b66c4-7814-4632-a59e-fe9364ea5d62
[I 2026-05-21 18:26:11,538] Trial 0 finished with value: 0.9393455078994943 and parameters: {'n_estimators': 598, 'max_depth': 7, 'learning_rate': 0.020237835795638624, 'subsample': 0.9458056885464949, 'colsample_bytree': 0.9066466332619799}. Best is trial 0 with value: 0.9393455078994943.
