[I 2026-05-21 19:21:36,824] Trial 12 finished with value: 0.7075744427929063 and parameters: {'n_estimators': 488, 'max_depth': 12, 'learning_rate': 0.2646152488130638, 'subsample': 0.6056930936133317, 'colsample_bytree': 0.7106724260864913, 'gamma': 3.3746185081485476}. Best is trial 11 with value: 0.7114713004224724.
[I 2026-05-21 19:22:14,228] Trial 13 finished with value: 0.7051303386815576 and parameters: {'n_estimators': 500, 'max_depth': 12, 'learning_rate': 0.27134781185380963, 'subsample': 0.6043244132320286, 'colsample_bytree': 0.5112628773744408, 'gamma': 3.3207393533812297}. Best is trial 11 with value: 0.7114713004224724.
[I 2026-05-21 19:23:02,955] Trial 14 finished with value: 0.6391456435315879 and parameters: {'n_estimators': 467, 'max_depth': 6, 'learning_rate': 0.041840225098838946, 'subsample': 0.6623861479858743, 'colsample_bytree': 0.7873804704711649, 'gamma': 3.717056025607789}. Best is trial 11 with value: 0.7114713004224724.
[I 2026-05-21 19:23:56,120] Trial 15 finished with value: 0.695706196688427 and parameters: {'n_estimators': 302, 'max_depth': 11, 'learning_rate': 0.1688448348282395, 'subsample': 0.7575973995633529, 'colsample_bytree': 0.6564755401536451, 'gamma': 1.0538147478555282}. Best is trial 11 with value: 0.7114713004224724.
[I 2026-05-21 19:24:48,124] Trial 16 finished with value: 0.570986780380804 and parameters: {'n_estimators': 450, 'max_depth': 6, 'learning_rate': 0.010176429672110372, 'subsample': 0.666596578840335, 'colsample_bytree': 0.7765191479329024, 'gamma': 2.9536128657710607}. Best is trial 11 with value: 0.7114713004224724.
[I 2026-05-21 19:25:18,613] Trial 17 finished with value: 0.7030841355427858 and parameters: {'n_estimators': 350, 'max_depth': 10, 'learning_rate': 0.2863311416336693, 'subsample': 0.6346116031296138, 'colsample_bytree': 0.6723082425061923, 'gamma': 3.9297424774231295}. Best is trial 11 with value: 0.7114713004224724.
[I 2026-05-21 19:26:27,334] Trial 18 finished with value: 0.6447961618612911 and parameters: {'n_estimators': 431, 'max_depth': 11, 'learning_rate': 0.02527139808342385, 'subsample': 0.7622959628146309, 'colsample_bytree': 0.5942621625214157, 'gamma': 4.982235780306127}. Best is trial 11 with value: 0.7114713004224724.
[I 2026-05-21 19:26:56,073] Trial 19 finished with value: 0.6545946221103205 and parameters: {'n_estimators': 447, 'max_depth': 3, 'learning_rate': 0.11387778236364655, 'subsample': 0.7064164401444157, 'colsample_bytree': 0.8179604104008619, 'gamma': 2.8335483118675837}. Best is trial 11 with value: 0.7114713004224724.
正在读取多分类数据集: dga_sampled_8k.txt...

执行 2-4 gram 特征向量化 (混合 2/3/4 位特征，min_df=5)...
复合特征维度锁定为: 39170

--- 开始多分类 2-4 gram 贝叶斯调参 (类别数: 10) ---

调参完成！最优 Macro-F1: 0.7115

使用最优参数在测试集上进行最终评估...

==================================================
            实验结果: 多分类 2-4 gram 贝叶斯调参版             
==================================================
混合特征总维度:      39170
最优参数组合:        {'n_estimators': 500, 'max_depth': 12, 'learning_rate': 0.2754634511264346, 'subsample': 0.6058576799493964, 'colsample_bytree': 0.707300979934699, 'gamma': 3.458510177974262}
调参总耗时:          857.93 秒
--------------------------------------------------
准确率 (Accuracy):   0.7137
宏平均 F1 (Macro-F1): 0.7022
训练总耗时:          40.70 秒
单条推理平均延时:     0.062003 毫秒
==================================================

各家族详细分类报告 (最终模型):
              precision    recall  f1-score   support

     banjori     1.0000    1.0000    1.0000       800
      emotet     0.3924    0.3875    0.3899       800
    gameover     0.8739    0.8313    0.8520       800
      necurs     0.2743    0.2188    0.2434       800
   pykspa_v1     0.9605    0.8812    0.9192       800
      ramnit     0.2816    0.2200    0.2470       800
      rovnix     0.8641    0.8187    0.8408       800
       simda     0.9258    0.9975    0.9603       800
       tinba     0.6613    0.8250    0.7341       800
       virut     0.7408    0.9575    0.8353       800

    accuracy                         0.7137      8000
   macro avg     0.6975    0.7138    0.7022      8000
weighted avg     0.6975    0.7137    0.7022      8000


  ✅ 完成 (901 秒)

══════════════════════════════════════════════
  第三阶段：融合特征 (Fusion)
══════════════════════════════════════════════

──────────────────────────────────────────
  [13] 融合二分类 | 统计+2-gram   | 默认参数
  脚本: ronghe/erfen_feature+2-gram_comp.py
──────────────────────────────────────────
正在读取纯域名数据集 (目标各取: 200000 条)...
执行 8:1:1 严谨划分 (Train:Val:Test)...
数据就绪: 训练集(319999), 验证集(40000), 测试集(40000)

提取 2-gram 字符特征 (稀疏矩阵)...
提取 6 维统计特征 (稠密矩阵)...
融合完成！总特征维度: 1375
开始 XGBoost 融合模型训练...

=============================================
          实验结果: 二分类特征融合 (统计+2-gram)          
=============================================
最终特征维度:        1375
准确率 (Accuracy):   0.9758
精确率 (Precision):  0.9848
召回率 (Recall):     0.9664
F1 值 (F1-Score):    0.9755
AUC 曲线下面积:      0.9972
---------------------------------------------
训练总耗时:          4.80 秒
单条推理平均延时:     0.001756 毫秒
=============================================

  ✅ 完成 (10 秒)

──────────────────────────────────────────
  [14] 融合二分类 | 统计+2-4gram  | 默认参数
  脚本: ronghe/erfen_feature_2-4gram_comp.py
──────────────────────────────────────────
正在读取纯域名数据集 (目标各取: 200000 条)...
执行 8:1:1 严谨划分 (Train:Val:Test)...
数据就绪: 训练集(319999), 验证集(40000), 测试集(40000)

[Step 1] 提取 2-4 gram 字符特征 (多尺度局部模式)...
[Step 2] 提取 6 维全局统计特征 (宏观结构)...
特征融合完成！总特征维度: 213097
模型训练中 (XGBoost 融合特征组)...
执行性能分析...

=============================================
         实验结果: 二分类特征融合 (统计+2-4gram)          
=============================================
融合特征总维度:      213097
准确率 (Accuracy):   0.9765
精确率 (Precision):  0.9850
召回率 (Recall):     0.9678
F1 值 (F1-Score):    0.9763
AUC 曲线下面积:      0.9976
---------------------------------------------
训练总耗时:          650.76 秒
单条推理平均延时:     0.003482 毫秒
=============================================

  ✅ 完成 (660 秒)

──────────────────────────────────────────
  [15] 融合二分类 | 统计+2-gram   | Optuna (30次)
  脚本: ronghe/erfen_optuna_feature+2_gram_comp.py
──────────────────────────────────────────
[I 2026-05-21 19:38:51,656] A new study created in memory with name: no-name-4b35a655-6ea3-430a-9df4-d7109b68138e
[I 2026-05-21 19:38:56,515] Trial 0 finished with value: 0.9831856625050343 and parameters: {'n_estimators': 410, 'max_depth': 12, 'learning_rate': 0.10021656416469794, 'subsample': 0.680662460380198, 'colsample_bytree': 0.851723362318516, 'gamma': 1.001536864461876}. Best is trial 0 with value: 0.9831856625050343.
[I 2026-05-21 19:38:58,317] Trial 1 finished with value: 0.9702960259529603 and parameters: {'n_estimators': 138, 'max_depth': 10, 'learning_rate': 0.07336559840336163, 'subsample': 0.6123751708060489, 'colsample_bytree': 0.7065097280710113, 'gamma': 2.239241218487103}. Best is trial 0 with value: 0.9831856625050343.
[I 2026-05-21 19:39:00,251] Trial 2 finished with value: 0.967817199665238 and parameters: {'n_estimators': 232, 'max_depth': 7, 'learning_rate': 0.05498759365010262, 'subsample': 0.6593988105304674, 'colsample_bytree': 0.7680320120930285, 'gamma': 1.3895335383588676}. Best is trial 0 with value: 0.9831856625050343.
[I 2026-05-21 19:39:02,356] Trial 3 finished with value: 0.9711331322705731 and parameters: {'n_estimators': 415, 'max_depth': 4, 'learning_rate': 0.09517287583728652, 'subsample': 0.6808562564276175, 'colsample_bytree': 0.7039057007533502, 'gamma': 2.9844876095427546}. Best is trial 0 with value: 0.9831856625050343.
[I 2026-05-21 19:39:04,815] Trial 4 finished with value: 0.983342559508832 and parameters: {'n_estimators': 339, 'max_depth': 7, 'learning_rate': 0.2859878137323298, 'subsample': 0.631510237932085, 'colsample_bytree': 0.8369161374536955, 'gamma': 1.303754008535377}. Best is trial 4 with value: 0.983342559508832.
[I 2026-05-21 19:39:07,654] Trial 5 finished with value: 0.9837402466649887 and parameters: {'n_estimators': 445, 'max_depth': 7, 'learning_rate': 0.24226544867888586, 'subsample': 0.6850665214988433, 'colsample_bytree': 0.600771020680584, 'gamma': 1.1126192949803149}. Best is trial 5 with value: 0.9837402466649887.
[I 2026-05-21 19:39:09,622] Trial 6 finished with value: 0.9674767872545538 and parameters: {'n_estimators': 117, 'max_depth': 9, 'learning_rate': 0.07634297615968931, 'subsample': 0.6257427741937444, 'colsample_bytree': 0.666633193547389, 'gamma': 1.5221899320629881}. Best is trial 5 with value: 0.9837402466649887.
[I 2026-05-21 19:39:11,511] Trial 7 finished with value: 0.9792145472913246 and parameters: {'n_estimators': 344, 'max_depth': 5, 'learning_rate': 0.22003567115662623, 'subsample': 0.7579150132258221, 'colsample_bytree': 0.6746566517549214, 'gamma': 0.8180849660168348}. Best is trial 5 with value: 0.9837402466649887.
[I 2026-05-21 19:39:16,804] Trial 8 finished with value: 0.9850550998842651 and parameters: {'n_estimators': 592, 'max_depth': 11, 'learning_rate': 0.12873264633366446, 'subsample': 0.7511968379343, 'colsample_bytree': 0.6214083628719549, 'gamma': 0.7965169362403437}. Best is trial 8 with value: 0.9850550998842651.
[I 2026-05-21 19:39:19,055] Trial 9 finished with value: 0.956109012963152 and parameters: {'n_estimators': 272, 'max_depth': 6, 'learning_rate': 0.020621160228684193, 'subsample': 0.7350212261828311, 'colsample_bytree': 0.7314705506059582, 'gamma': 0.40376443345554525}. Best is trial 8 with value: 0.9850550998842651.
[I 2026-05-21 19:39:28,303] Trial 10 finished with value: 0.975312697409981 and parameters: {'n_estimators': 587, 'max_depth': 12, 'learning_rate': 0.021893473784883214, 'subsample': 0.8839521107893219, 'colsample_bytree': 0.9362297925403441, 'gamma': 0.1168511340747389}. Best is trial 8 with value: 0.9850550998842651.
[I 2026-05-21 19:39:32,640] Trial 11 finished with value: 0.9842476094614997 and parameters: {'n_estimators': 597, 'max_depth': 9, 'learning_rate': 0.15738471752716188, 'subsample': 0.8459968023828413, 'colsample_bytree': 0.607376038046429, 'gamma': 1.8918045551013614}. Best is trial 8 with value: 0.9850550998842651.
[I 2026-05-21 19:39:36,731] Trial 12 finished with value: 0.983972826770663 and parameters: {'n_estimators': 583, 'max_depth': 10, 'learning_rate': 0.14932452485457892, 'subsample': 0.8716391399506399, 'colsample_bytree': 0.6027028137865875, 'gamma': 2.137200070961956}. Best is trial 8 with value: 0.9850550998842651.
[I 2026-05-21 19:39:41,177] Trial 13 finished with value: 0.97418783971685 and parameters: {'n_estimators': 506, 'max_depth': 9, 'learning_rate': 0.034064009058186503, 'subsample': 0.9902563674311821, 'colsample_bytree': 0.9991043443163921, 'gamma': 1.9216425448724745}. Best is trial 8 with value: 0.9850550998842651.
[I 2026-05-21 19:39:46,349] Trial 14 finished with value: 0.9845588974952219 and parameters: {'n_estimators': 527, 'max_depth': 11, 'learning_rate': 0.15352262092580693, 'subsample': 0.8479854333559832, 'colsample_bytree': 0.640165438427136, 'gamma': 0.5047326543927151}. Best is trial 8 with value: 0.9850550998842651.
[I 2026-05-21 19:39:51,022] Trial 15 finished with value: 0.9848126728689968 and parameters: {'n_estimators': 505, 'max_depth': 11, 'learning_rate': 0.14600151859630178, 'subsample': 0.8047916536247695, 'colsample_bytree': 0.6494298239367478, 'gamma': 0.5737225555516561}. Best is trial 8 with value: 0.9850550998842651.
[I 2026-05-21 19:39:59,584] Trial 16 finished with value: 0.9662304662685809 and parameters: {'n_estimators': 503, 'max_depth': 11, 'learning_rate': 0.010620730576553558, 'subsample': 0.7766517715641389, 'colsample_bytree': 0.7702949907422778, 'gamma': 0.007230610232965562}. Best is trial 8 with value: 0.9850550998842651.
[I 2026-05-21 19:40:01,654] Trial 17 finished with value: 0.9706896551724138 and parameters: {'n_estimators': 467, 'max_depth': 3, 'learning_rate': 0.1225185422015168, 'subsample': 0.8118277668997076, 'colsample_bytree': 0.6497330038711349, 'gamma': 0.6627404920518583}. Best is trial 8 with value: 0.9850550998842651.
[I 2026-05-21 19:40:07,867] Trial 18 finished with value: 0.9794435896789164 and parameters: {'n_estimators': 546, 'max_depth': 11, 'learning_rate': 0.044168749001042895, 'subsample': 0.9325461303478915, 'colsample_bytree': 0.8858840089495185, 'gamma': 0.3435030272493854}. Best is trial 8 with value: 0.9850550998842651.
[I 2026-05-21 19:40:10,865] Trial 19 finished with value: 0.9828836085380588 and parameters: {'n_estimators': 388, 'max_depth': 8, 'learning_rate': 0.17761158132671356, 'subsample': 0.7348313516684278, 'colsample_bytree': 0.7443712902400612, 'gamma': 0.8167453055033232}. Best is trial 8 with value: 0.9850550998842651.
正在读取纯域名数据集 (目标各取: 200000 条)...
执行 8:1:1 严谨划分 (Train:Val:Test)...

提取 N-gram 与统计特征并融合...
融合特征锁定完成！总维度: 1375

--- 开始二分类融合组贝叶斯调参 (Trials=20) ---

最优参数: {'n_estimators': 592, 'max_depth': 11, 'learning_rate': 0.12873264633366446, 'subsample': 0.7511968379343, 'colsample_bytree': 0.6214083628719549, 'gamma': 0.7965169362403437}

==================================================
          实验结果: 二分类特征融合 (统计+2-gram) 贝叶斯版          
==================================================
融合总维度:          1375
调参耗时:            79.21 秒
--------------------------------------------------
准确率 (Accuracy):   0.9834
精确率 (Precision):  0.9888
召回率 (Recall):     0.9779
F1 值 (F1-Score):    0.9833
AUC 曲线下面积:      0.9988
--------------------------------------------------
最终训练耗时:         5.69 秒
单条推理平均延时:     0.004275 毫秒
==================================================

✅ 模型已保存: /home/girlorn/Cloud-Security-Study/Graduation-Project/code/ronghe/../../models/erfen_fusion_model.json
✅ 向量化器已保存: /home/girlorn/Cloud-Security-Study/Graduation-Project/code/ronghe/../../models/erfen_vectorizer.pkl
✅ 评估指标已保存: /home/girlorn/Cloud-Security-Study/Graduation-Project/code/ronghe/../../models/erfen_metrics.json

  ✅ 完成 (90 秒)

──────────────────────────────────────────
  [16] 融合二分类 | 统计+2-4gram  | Optuna (30次)
  脚本: ronghe/erfen_optuna_feature+2-4gram_comp.py
──────────────────────────────────────────
[I 2026-05-21 19:40:25,575] A new study created in memory with name: no-name-470fa11c-1ba5-4bf2-8b81-2bae0ded1dd6
[I 2026-05-21 19:41:05,060] Trial 0 finished with value: 0.9537511798168414 and parameters: {'n_estimators': 434, 'max_depth': 3, 'learning_rate': 0.030347175177059846, 'subsample': 0.824875627255078, 'colsample_bytree': 0.6296726237879692, 'gamma': 1.344092275108126}. Best is trial 0 with value: 0.9537511798168414.
[I 2026-05-21 19:42:02,309] Trial 1 finished with value: 0.9621916134124296 and parameters: {'n_estimators': 161, 'max_depth': 8, 'learning_rate': 0.03599238794892323, 'subsample': 0.9221386718815975, 'colsample_bytree': 0.8659355540432001, 'gamma': 0.5867850706428874}. Best is trial 1 with value: 0.9621916134124296.
[I 2026-05-21 19:44:40,872] Trial 2 finished with value: 0.9717236665569704 and parameters: {'n_estimators': 543, 'max_depth': 8, 'learning_rate': 0.024692198124592748, 'subsample': 0.7373030665870551, 'colsample_bytree': 0.9981431768361051, 'gamma': 0.2263690282705203}. Best is trial 2 with value: 0.9717236665569704.
[I 2026-05-21 19:46:50,745] Trial 3 finished with value: 0.9713895077982581 and parameters: {'n_estimators': 462, 'max_depth': 8, 'learning_rate': 0.028410662552734983, 'subsample': 0.6211369852340554, 'colsample_bytree': 0.9257903541631352, 'gamma': 0.28484946114857745}. Best is trial 2 with value: 0.9717236665569704.
[I 2026-05-21 19:48:22,148] Trial 4 finished with value: 0.956306340815649 and parameters: {'n_estimators': 362, 'max_depth': 7, 'learning_rate': 0.012204220560168155, 'subsample': 0.8663555089709931, 'colsample_bytree': 0.7551541090994086, 'gamma': 1.562803855232454}. Best is trial 2 with value: 0.9717236665569704.
[I 2026-05-21 19:51:10,337] Trial 5 finished with value: 0.9837402466649887 and parameters: {'n_estimators': 595, 'max_depth': 11, 'learning_rate': 0.08283374701257214, 'subsample': 0.700942782701263, 'colsample_bytree': 0.82696635166543, 'gamma': 2.0249724101098256}. Best is trial 5 with value: 0.9837402466649887.
[I 2026-05-21 19:52:27,064] Trial 6 finished with value: 0.9844155190211233 and parameters: {'n_estimators': 263, 'max_depth': 11, 'learning_rate': 0.22079812102576535, 'subsample': 0.822585863056018, 'colsample_bytree': 0.6153246929609908, 'gamma': 1.358877331527955}. Best is trial 6 with value: 0.9844155190211233.
[I 2026-05-21 19:56:37,699] Trial 7 finished with value: 0.9675191101404373 and parameters: {'n_estimators': 512, 'max_depth': 11, 'learning_rate': 0.011347581544996512, 'subsample': 0.8946132282952826, 'colsample_bytree': 0.8693059143262096, 'gamma': 2.942259916772728}. Best is trial 6 with value: 0.9844155190211233.
[I 2026-05-21 19:58:16,690] Trial 8 finished with value: 0.958551205203418 and parameters: {'n_estimators': 522, 'max_depth': 6, 'learning_rate': 0.012852610730725971, 'subsample': 0.7745127797927919, 'colsample_bytree': 0.6773363638088117, 'gamma': 0.8054162567357891}. Best is trial 6 with value: 0.9844155190211233.
[I 2026-05-21 19:59:13,867] Trial 9 finished with value: 0.983269177547991 and parameters: {'n_estimators': 168, 'max_depth': 11, 'learning_rate': 0.24828217996450178, 'subsample': 0.8613687473028939, 'colsample_bytree': 0.8654401332622819, 'gamma': 0.8234932343252578}. Best is trial 6 with value: 0.9844155190211233.
[I 2026-05-21 20:00:28,534] Trial 10 finished with value: 0.9849387744839204 and parameters: {'n_estimators': 262, 'max_depth': 12, 'learning_rate': 0.2969753196529431, 'subsample': 0.994426216511973, 'colsample_bytree': 0.7280649848090825, 'gamma': 2.166318651704053}. Best is trial 10 with value: 0.9849387744839204.
[I 2026-05-21 20:01:43,008] Trial 11 finished with value: 0.9846950315397954 and parameters: {'n_estimators': 261, 'max_depth': 12, 'learning_rate': 0.2860360503031212, 'subsample': 0.9957182691325432, 'colsample_bytree': 0.725606471452323, 'gamma': 2.2895925185928467}. Best is trial 10 with value: 0.9849387744839204.
[I 2026-05-21 20:03:14,724] Trial 12 finished with value: 0.9827247544699068 and parameters: {'n_estimators': 275, 'max_depth': 12, 'learning_rate': 0.1344489340047763, 'subsample': 0.9955426195985266, 'colsample_bytree': 0.7349624693698783, 'gamma': 2.497020184254954}. Best is trial 10 with value: 0.9849387744839204.
[I 2026-05-21 20:04:19,264] Trial 13 finished with value: 0.9848652453740949 and parameters: {'n_estimators': 270, 'max_depth': 10, 'learning_rate': 0.2973319886208889, 'subsample': 0.971427528517193, 'colsample_bytree': 0.7163580392497693, 'gamma': 2.197268418863138}. Best is trial 10 with value: 0.9849387744839204.
[I 2026-05-21 20:05:51,436] Trial 14 finished with value: 0.9841653450142235 and parameters: {'n_estimators': 354, 'max_depth': 10, 'learning_rate': 0.15760777386073774, 'subsample': 0.9431673852925826, 'colsample_bytree': 0.6883649662551583, 'gamma': 1.9062890126296352}. Best is trial 10 with value: 0.9849387744839204.
[I 2026-05-21 20:06:28,554] Trial 15 finished with value: 0.9698920371027422 and parameters: {'n_estimators': 115, 'max_depth': 9, 'learning_rate': 0.08310784289735486, 'subsample': 0.9526508087047407, 'colsample_bytree': 0.7837667520670674, 'gamma': 2.9884893335395777}. Best is trial 10 with value: 0.9849387744839204.
[I 2026-05-21 20:06:56,755] Trial 16 finished with value: 0.9709957696886795 and parameters: {'n_estimators': 202, 'max_depth': 5, 'learning_rate': 0.12931482419953697, 'subsample': 0.9959752818225843, 'colsample_bytree': 0.6821701711063791, 'gamma': 2.5371515678583907}. Best is trial 10 with value: 0.9849387744839204.
[I 2026-05-21 20:08:32,967] Trial 17 finished with value: 0.9785708877053939 and parameters: {'n_estimators': 305, 'max_depth': 10, 'learning_rate': 0.07042112040687092, 'subsample': 0.9454980656624069, 'colsample_bytree': 0.8019678498105849, 'gamma': 1.8347347682051667}. Best is trial 10 with value: 0.9849387744839204.
[I 2026-05-21 20:10:03,400] Trial 18 finished with value: 0.9837369719550879 and parameters: {'n_estimators': 413, 'max_depth': 9, 'learning_rate': 0.16312698138233753, 'subsample': 0.9024514187474001, 'colsample_bytree': 0.6559052149158705, 'gamma': 2.282011171485475}. Best is trial 10 with value: 0.9849387744839204.
