[I 2026-02-24 17:45:32,701] Trial 5 finished with value: 0.8205349372400998 and parameters: {'n_estimators': 587, 'max_depth': 8, 'learning_rate': 0.023485432841779386, 'subsample': 0.6185085494200169, 'colsample_bytree': 0.8346581699037303}. Best is trial 1 with value: 0.8215385480378627.
[I 2026-02-24 17:45:36,570] Trial 6 finished with value: 0.8120343192649147 and parameters: {'n_estimators': 411, 'max_depth': 7, 'learning_rate': 0.014408587412820634, 'subsample': 0.9273834056134012, 'colsample_bytree': 0.9784683163435212}. Best is trial 1 with value: 0.8215385480378627.
[I 2026-02-24 17:45:47,586] Trial 7 finished with value: 0.8198466862482829 and parameters: {'n_estimators': 765, 'max_depth': 11, 'learning_rate': 0.13365479976652309, 'subsample': 0.7952739756807062, 'colsample_bytree': 0.9641864441859394}. Best is trial 1 with value: 0.8215385480378627.
[I 2026-02-24 17:45:53,605] Trial 8 finished with value: 0.8202152804050323 and parameters: {'n_estimators': 471, 'max_depth': 12, 'learning_rate': 0.17330274642055887, 'subsample': 0.9191078243235712, 'colsample_bytree': 0.6438336373349544}. Best is trial 1 with value: 0.8215385480378627.
[I 2026-02-24 17:46:00,157] Trial 9 finished with value: 0.8198606616934818 and parameters: {'n_estimators': 461, 'max_depth': 13, 'learning_rate': 0.017687234524829513, 'subsample': 0.8766244913864671, 'colsample_bytree': 0.7177362550492887}. Best is trial 1 with value: 0.8215385480378627.
[I 2026-02-24 17:46:13,264] Trial 10 finished with value: 0.8213441299984459 and parameters: {'n_estimators': 773, 'max_depth': 15, 'learning_rate': 0.070593360468649, 'subsample': 0.8615503848874655, 'colsample_bytree': 0.8857182827232654}. Best is trial 1 with value: 0.8215385480378627.
[I 2026-02-24 17:46:22,872] Trial 11 finished with value: 0.8210047696700083 and parameters: {'n_estimators': 655, 'max_depth': 15, 'learning_rate': 0.05178997513343664, 'subsample': 0.621634986970186, 'colsample_bytree': 0.6133504725414111}. Best is trial 1 with value: 0.8215385480378627.
[I 2026-02-24 17:46:27,438] Trial 12 finished with value: 0.820942729030684 and parameters: {'n_estimators': 290, 'max_depth': 14, 'learning_rate': 0.04490169504093838, 'subsample': 0.6940754277277489, 'colsample_bytree': 0.7309109217313139}. Best is trial 1 with value: 0.8215385480378627.
[I 2026-02-24 17:46:32,711] Trial 13 finished with value: 0.8196096479872127 and parameters: {'n_estimators': 671, 'max_depth': 4, 'learning_rate': 0.26161481849692825, 'subsample': 0.9896197287881995, 'colsample_bytree': 0.9016474596518993}. Best is trial 1 with value: 0.8215385480378627.
[I 2026-02-24 17:46:37,698] Trial 14 finished with value: 0.8212475914075938 and parameters: {'n_estimators': 335, 'max_depth': 13, 'learning_rate': 0.08647303873414611, 'subsample': 0.6901112001887323, 'colsample_bytree': 0.7047010540049015}. Best is trial 1 with value: 0.8215385480378627.
[I 2026-02-24 17:46:46,200] Trial 15 finished with value: 0.8209119023709548 and parameters: {'n_estimators': 667, 'max_depth': 10, 'learning_rate': 0.03553578537951333, 'subsample': 0.8470867005580424, 'colsample_bytree': 0.790039479693066}. Best is trial 1 with value: 0.8215385480378627.
[I 2026-02-24 17:46:54,896] Trial 16 finished with value: 0.8208666083574998 and parameters: {'n_estimators': 581, 'max_depth': 15, 'learning_rate': 0.029527719967569144, 'subsample': 0.7226059111361772, 'colsample_bytree': 0.6568179112148717}. Best is trial 1 with value: 0.8215385480378627.
[I 2026-02-24 17:46:56,340] Trial 17 finished with value: 0.8098327532397998 and parameters: {'n_estimators': 146, 'max_depth': 5, 'learning_rate': 0.07642857024265313, 'subsample': 0.658764607854185, 'colsample_bytree': 0.9155508425585871}. Best is trial 1 with value: 0.8215385480378627.
[I 2026-02-24 17:47:01,738] Trial 18 finished with value: 0.8198947468685592 and parameters: {'n_estimators': 360, 'max_depth': 13, 'learning_rate': 0.1041858740394089, 'subsample': 0.8334672561380391, 'colsample_bytree': 0.8303389821749713}. Best is trial 1 with value: 0.8215385480378627.
[I 2026-02-24 17:47:10,961] Trial 19 finished with value: 0.8204057193573583 and parameters: {'n_estimators': 718, 'max_depth': 10, 'learning_rate': 0.29100624625897464, 'subsample': 0.9951005803728505, 'colsample_bytree': 0.7565219375747203}. Best is trial 1 with value: 0.8215385480378627.
[I 2026-02-24 17:47:16,676] Trial 20 finished with value: 0.8100365630996322 and parameters: {'n_estimators': 581, 'max_depth': 6, 'learning_rate': 0.010050949828381471, 'subsample': 0.7580583261316426, 'colsample_bytree': 0.6850243312402036}. Best is trial 1 with value: 0.8215385480378627.
[I 2026-02-24 17:47:31,337] Trial 21 finished with value: 0.8209579190162215 and parameters: {'n_estimators': 792, 'max_depth': 15, 'learning_rate': 0.07253114550472592, 'subsample': 0.8828710439383427, 'colsample_bytree': 0.9048382432846985}. Best is trial 1 with value: 0.8215385480378627.
[I 2026-02-24 17:47:43,958] Trial 22 finished with value: 0.820759016277138 and parameters: {'n_estimators': 737, 'max_depth': 14, 'learning_rate': 0.06459974936592375, 'subsample': 0.8420366585939548, 'colsample_bytree': 0.8641656535597145}. Best is trial 1 with value: 0.8215385480378627.
[I 2026-02-24 17:47:54,511] Trial 23 finished with value: 0.8206393255587795 and parameters: {'n_estimators': 632, 'max_depth': 14, 'learning_rate': 0.03839276481504671, 'subsample': 0.8921069783541457, 'colsample_bytree': 0.9356776060885545}. Best is trial 1 with value: 0.8215385480378627.
[I 2026-02-24 17:48:05,925] Trial 24 finished with value: 0.8202598797550689 and parameters: {'n_estimators': 718, 'max_depth': 12, 'learning_rate': 0.11503125955981293, 'subsample': 0.8198874905053347, 'colsample_bytree': 0.8501871015701761}. Best is trial 1 with value: 0.8215385480378627.
[I 2026-02-24 17:48:19,878] Trial 25 finished with value: 0.8200570574519125 and parameters: {'n_estimators': 798, 'max_depth': 15, 'learning_rate': 0.19440645302382423, 'subsample': 0.9530327177678923, 'colsample_bytree': 0.8823041459821325}. Best is trial 1 with value: 0.8215385480378627.
[I 2026-02-24 17:48:28,310] Trial 26 finished with value: 0.821378398212427 and parameters: {'n_estimators': 525, 'max_depth': 14, 'learning_rate': 0.05754917736587476, 'subsample': 0.8747705383279216, 'colsample_bytree': 0.8141022261713817}. Best is trial 1 with value: 0.8215385480378627.
[I 2026-02-24 17:48:35,416] Trial 27 finished with value: 0.8200495215226017 and parameters: {'n_estimators': 510, 'max_depth': 12, 'learning_rate': 0.029133471805224125, 'subsample': 0.9118885610579314, 'colsample_bytree': 0.8135307172371422}. Best is trial 1 with value: 0.8215385480378627.
[I 2026-02-24 17:48:41,841] Trial 28 finished with value: 0.8216827082090055 and parameters: {'n_estimators': 408, 'max_depth': 14, 'learning_rate': 0.05552357326148587, 'subsample': 0.8057777226539009, 'colsample_bytree': 0.7612523310851754}. Best is trial 28 with value: 0.8216827082090055.
[I 2026-02-24 17:48:47,365] Trial 29 finished with value: 0.8219172661774238 and parameters: {'n_estimators': 404, 'max_depth': 11, 'learning_rate': 0.09795166082785399, 'subsample': 0.9575355986955422, 'colsample_bytree': 0.7496598482422471}. Best is trial 29 with value: 0.8219172661774238.

调参完成！最优 Macro-F1: 0.8219

=============================================
           实验结果: 多分类统计特征组 (贝叶斯调参版)           
=============================================
最优参数组合:        {'n_estimators': 404, 'max_depth': 11, 'learning_rate': 0.09795166082785399, 'subsample': 0.9575355986955422, 'colsample_bytree': 0.7496598482422471}
准确率 (Accuracy):   0.8370
宏平均 F1 (Macro-F1): 0.8212
---------------------------------------------
调参总耗时:          237.15 秒
最终模型训练耗时:     5.44 秒
单条推理平均延时:     0.004123 毫秒
=============================================

各家族详细分类报告 (最终模型):
              precision    recall  f1-score   support

     banjori     0.9988    1.0000    0.9994       800
      emotet     0.8685    0.9988    0.9291       800
    gameover     0.9987    0.9875    0.9931       800
      necurs     0.5478    0.2863    0.3760       800
   pykspa_v1     0.7250    0.6787    0.7011       800
      ramnit     0.5163    0.4562    0.4844       800
      rovnix     0.9987    0.9925    0.9956       800
       simda     0.7922    0.9912    0.8806       800
       tinba     0.8447    0.9788    0.9068       800
       virut     0.8979    1.0000    0.9462       800

    accuracy                         0.8370      8000
   macro avg     0.8189    0.8370    0.8212      8000
weighted avg     0.8189    0.8370    0.8212      8000


进程已结束，退出代码为 0


C:\Users\Girlorn\PycharmProjects\PythonProject1\.venv\Scripts\python.exe C:\Users\Girlorn\PycharmProjects\PythonProject1\duofen\2-gram_comp.py 
正在读取多分类数据集: dga_sampled_8k.txt...
检测到家族数量: 10

开始执行 2-gram 特征向量化...
特征提取完成！特征维度: 1296
开始 XGBoost 多分类训练 (2-gram 组)...

=============================================
         实验结果: 多分类 2-gram 特征组 (默认参数)         
=============================================
特征总维度:         1296
准确率 (Accuracy):   0.6661
宏平均 F1 (Macro-F1): 0.6485
---------------------------------------------
训练总耗时:          4.49 秒
单条推理平均延时:     0.001600 毫秒
=============================================

各家族详细分类报告:
              precision    recall  f1-score   support

     banjori     1.0000    1.0000    1.0000       800
      emotet     0.3659    0.3187    0.3407       800
    gameover     0.8563    0.7600    0.8053       800
      necurs     0.2618    0.1800    0.2133       800
   pykspa_v1     0.9277    0.8662    0.8959       800
      ramnit     0.2857    0.1850    0.2246       800
      rovnix     0.8176    0.7562    0.7857       800
       simda     0.7727    0.9688    0.8597       800
       tinba     0.5396    0.8087    0.6473       800
       virut     0.6313    0.8175    0.7124       800

    accuracy                         0.6661      8000
   macro avg     0.6459    0.6661    0.6485      8000
weighted avg     0.6459    0.6661    0.6485      8000


进程已结束，退出代码为 0


C:\Users\Girlorn\PycharmProjects\PythonProject1\.venv\Scripts\python.exe C:\Users\Girlorn\PycharmProjects\PythonProject1\duofen\optuna_2-gram_comp.py 
正在读取多分类数据集: dga_sampled_8k.txt...

执行 2-gram 特征提取 (预提取以加速调参)...

--- 开始多分类 2-gram 贝叶斯调参 (特征维度: 1296) ---
[I 2026-02-24 18:00:13,187] A new study created in memory with name: no-name-a1ac361c-0998-4770-ab5a-218356748b14
[I 2026-02-24 18:00:26,026] Trial 0 finished with value: 0.6730684510367649 and parameters: {'n_estimators': 783, 'max_depth': 9, 'learning_rate': 0.04210924375424516, 'subsample': 0.9253811627955322, 'colsample_bytree': 0.9292644720437486, 'gamma': 4.798043442075314}. Best is trial 0 with value: 0.6730684510367649.
[I 2026-02-24 18:00:29,652] Trial 1 finished with value: 0.5348546333836858 and parameters: {'n_estimators': 327, 'max_depth': 4, 'learning_rate': 0.011817322314021156, 'subsample': 0.8786091896748516, 'colsample_bytree': 0.9800085862340611, 'gamma': 4.384251414456107}. Best is trial 0 with value: 0.6730684510367649.
[I 2026-02-24 18:00:38,219] Trial 2 finished with value: 0.6425081449006038 and parameters: {'n_estimators': 720, 'max_depth': 6, 'learning_rate': 0.030968937922690558, 'subsample': 0.9392846165994779, 'colsample_bytree': 0.6637192705265169, 'gamma': 3.2126029987226263}. Best is trial 0 with value: 0.6730684510367649.
[I 2026-02-24 18:00:48,756] Trial 3 finished with value: 0.7053705482365639 and parameters: {'n_estimators': 779, 'max_depth': 11, 'learning_rate': 0.10912925209836856, 'subsample': 0.6610739552592523, 'colsample_bytree': 0.8934177069040777, 'gamma': 3.6649611568940372}. Best is trial 3 with value: 0.7053705482365639.
[I 2026-02-24 18:00:56,387] Trial 4 finished with value: 0.6541589057501153 and parameters: {'n_estimators': 600, 'max_depth': 4, 'learning_rate': 0.0698805085034968, 'subsample': 0.6271776815948439, 'colsample_bytree': 0.8806923728968579, 'gamma': 1.7571585915128556}. Best is trial 3 with value: 0.7053705482365639.
[I 2026-02-24 18:01:01,408] Trial 5 finished with value: 0.6980223074066604 and parameters: {'n_estimators': 406, 'max_depth': 10, 'learning_rate': 0.15156443369395298, 'subsample': 0.8388696376553363, 'colsample_bytree': 0.6978517372117595, 'gamma': 4.079814350987619}. Best is trial 3 with value: 0.7053705482365639.
[I 2026-02-24 18:01:07,880] Trial 6 finished with value: 0.584004110283248 and parameters: {'n_estimators': 515, 'max_depth': 5, 'learning_rate': 0.016339685325546922, 'subsample': 0.8041148200533766, 'colsample_bytree': 0.808115254944662, 'gamma': 2.9472593424786746}. Best is trial 3 with value: 0.7053705482365639.
[I 2026-02-24 18:01:21,192] Trial 7 finished with value: 0.6757666230949685 and parameters: {'n_estimators': 572, 'max_depth': 15, 'learning_rate': 0.03763813303961515, 'subsample': 0.6667350318886995, 'colsample_bytree': 0.9913843521989135, 'gamma': 1.970141781291928}. Best is trial 3 with value: 0.7053705482365639.
[I 2026-02-24 18:01:25,144] Trial 8 finished with value: 0.6927287113056786 and parameters: {'n_estimators': 382, 'max_depth': 13, 'learning_rate': 0.2604786356373951, 'subsample': 0.9760573215821451, 'colsample_bytree': 0.975918249100419, 'gamma': 4.420787498429211}. Best is trial 3 with value: 0.7053705482365639.
[I 2026-02-24 18:01:38,560] Trial 9 finished with value: 0.6702261068182773 and parameters: {'n_estimators': 690, 'max_depth': 11, 'learning_rate': 0.032221017646733435, 'subsample': 0.6191975072132799, 'colsample_bytree': 0.6043228591554654, 'gamma': 1.5390202803992086}. Best is trial 3 with value: 0.7053705482365639.
[I 2026-02-24 18:01:40,648] Trial 10 finished with value: 0.6173161199546489 and parameters: {'n_estimators': 112, 'max_depth': 8, 'learning_rate': 0.090375563593366, 'subsample': 0.7187344846482633, 'colsample_bytree': 0.8263545556281153, 'gamma': 0.05975859692162988}. Best is trial 3 with value: 0.7053705482365639.
[I 2026-02-24 18:01:44,771] Trial 11 finished with value: 0.6915187611704382 and parameters: {'n_estimators': 276, 'max_depth': 11, 'learning_rate': 0.1535421653254182, 'subsample': 0.7840202438133761, 'colsample_bytree': 0.7250663509089059, 'gamma': 3.536866199823875}. Best is trial 3 with value: 0.7053705482365639.
[I 2026-02-24 18:01:50,309] Trial 12 finished with value: 0.6966195686953022 and parameters: {'n_estimators': 415, 'max_depth': 11, 'learning_rate': 0.1329502883127665, 'subsample': 0.8142377379621262, 'colsample_bytree': 0.7349093673407533, 'gamma': 3.8948864814239026}. Best is trial 3 with value: 0.7053705482365639.
[I 2026-02-24 18:01:52,713] Trial 13 finished with value: 0.6665073470423375 and parameters: {'n_estimators': 155, 'max_depth': 7, 'learning_rate': 0.2338993631063073, 'subsample': 0.7234920669167734, 'colsample_bytree': 0.876043424608894, 'gamma': 2.436999024217678}. Best is trial 3 with value: 0.7053705482365639.
[I 2026-02-24 18:01:56,490] Trial 14 finished with value: 0.6858845997375506 and parameters: {'n_estimators': 247, 'max_depth': 13, 'learning_rate': 0.13594992894150906, 'subsample': 0.8629886480125878, 'colsample_bytree': 0.741463318901695, 'gamma': 3.949028303641289}. Best is trial 3 with value: 0.7053705482365639.
[I 2026-02-24 18:02:03,236] Trial 15 finished with value: 0.6825257673450045 and parameters: {'n_estimators': 503, 'max_depth': 10, 'learning_rate': 0.08374808727049812, 'subsample': 0.7362603390526237, 'colsample_bytree': 0.6830672220584406, 'gamma': 4.989035199127168}. Best is trial 3 with value: 0.7053705482365639.
[I 2026-02-24 18:02:14,688] Trial 16 finished with value: 0.7140742300180183 and parameters: {'n_estimators': 638, 'max_depth': 13, 'learning_rate': 0.17587494627481107, 'subsample': 0.8483790843939853, 'colsample_bytree': 0.8771591734846942, 'gamma': 0.8842525989822434}. Best is trial 16 with value: 0.7140742300180183.
[I 2026-02-24 18:02:26,761] Trial 17 finished with value: 0.7188071722586994 and parameters: {'n_estimators': 658, 'max_depth': 15, 'learning_rate': 0.21882367578932968, 'subsample': 0.758767667453397, 'colsample_bytree': 0.8707807593927988, 'gamma': 0.5207305463940082}. Best is trial 17 with value: 0.7188071722586994.
[I 2026-02-24 18:02:38,307] Trial 18 finished with value: 0.722485264654123 and parameters: {'n_estimators': 638, 'max_depth': 15, 'learning_rate': 0.22822286552693283, 'subsample': 0.7619232499890757, 'colsample_bytree': 0.8515254780023525, 'gamma': 0.5191181342688256}. Best is trial 18 with value: 0.722485264654123.
[I 2026-02-24 18:02:51,503] Trial 19 finished with value: 0.7218566723414547 and parameters: {'n_estimators': 668, 'max_depth': 15, 'learning_rate': 0.29520485303482075, 'subsample': 0.7625474550913787, 'colsample_bytree': 0.7770727378392813, 'gamma': 0.19404987977161542}. Best is trial 18 with value: 0.722485264654123.
[I 2026-02-24 18:02:59,742] Trial 20 finished with value: 0.7194687487872679 and parameters: {'n_estimators': 536, 'max_depth': 14, 'learning_rate': 0.29617842789167187, 'subsample': 0.6980288237323939, 'colsample_bytree': 0.7652974736219142, 'gamma': 1.0231396252688225}. Best is trial 18 with value: 0.722485264654123.
[I 2026-02-24 18:03:07,705] Trial 21 finished with value: 0.7178676688419563 and parameters: {'n_estimators': 526, 'max_depth': 14, 'learning_rate': 0.29744071736671474, 'subsample': 0.6906119299173132, 'colsample_bytree': 0.7731996475704147, 'gamma': 1.094250631791197}. Best is trial 18 with value: 0.722485264654123.
[I 2026-02-24 18:03:23,562] Trial 22 finished with value: 0.7121882174936595 and parameters: {'n_estimators': 597, 'max_depth': 15, 'learning_rate': 0.20253725359594674, 'subsample': 0.7686465072031006, 'colsample_bytree': 0.7774670602411019, 'gamma': 0.0686995779544532}. Best is trial 18 with value: 0.722485264654123.
[I 2026-02-24 18:03:34,979] Trial 23 finished with value: 0.7235453350197815 and parameters: {'n_estimators': 723, 'max_depth': 14, 'learning_rate': 0.2857948936853663, 'subsample': 0.702855601961855, 'colsample_bytree': 0.8294349072447068, 'gamma': 0.657597112921702}. Best is trial 23 with value: 0.7235453350197815.
[I 2026-02-24 18:03:48,393] Trial 24 finished with value: 0.71992087225155 and parameters: {'n_estimators': 720, 'max_depth': 14, 'learning_rate': 0.20108552059028653, 'subsample': 0.7451839643942271, 'colsample_bytree': 0.8328214404775235, 'gamma': 0.496850220440402}. Best is trial 23 with value: 0.7235453350197815.
[I 2026-02-24 18:04:06,218] Trial 25 finished with value: 0.685260918489091 and parameters: {'n_estimators': 747, 'max_depth': 12, 'learning_rate': 0.05567221847717023, 'subsample': 0.6596252057075277, 'colsample_bytree': 0.8345313939153183, 'gamma': 0.40010278585961334}. Best is trial 23 with value: 0.7235453350197815.
[I 2026-02-24 18:04:18,294] Trial 26 finished with value: 0.7069994660619286 and parameters: {'n_estimators': 655, 'max_depth': 15, 'learning_rate': 0.10887597634385421, 'subsample': 0.8124722688102903, 'colsample_bytree': 0.9380627987424883, 'gamma': 1.319499531708811}. Best is trial 23 with value: 0.7235453350197815.
[I 2026-02-24 18:04:26,632] Trial 27 finished with value: 0.7162094661589415 and parameters: {'n_estimators': 479, 'max_depth': 13, 'learning_rate': 0.295641204793655, 'subsample': 0.6946829725083061, 'colsample_bytree': 0.7991852608847451, 'gamma': 0.7296275866454929}. Best is trial 23 with value: 0.7235453350197815.
[I 2026-02-24 18:04:36,307] Trial 28 finished with value: 0.708083391750588 and parameters: {'n_estimators': 795, 'max_depth': 14, 'learning_rate': 0.1878323432405138, 'subsample': 0.7777264094347701, 'colsample_bytree': 0.8480390442541241, 'gamma': 2.2482696599073924}. Best is trial 23 with value: 0.7235453350197815.

调参完成！最优 Macro-F1: 0.7235
