[I 2026-02-24 18:04:49,584] Trial 29 finished with value: 0.7142003116062566 and parameters: {'n_estimators': 672, 'max_depth': 12, 'learning_rate': 0.23077492842840058, 'subsample': 0.8994257433492343, 'colsample_bytree': 0.9134680858553631, 'gamma': 0.19293911408996745}. Best is trial 23 with value: 0.7235453350197815.

=============================================
        实验结果: 多分类 2-gram 特征组 (贝叶斯调参版)        
=============================================
特征总维度:         1296
最优参数组合:        {'n_estimators': 723, 'max_depth': 14, 'learning_rate': 0.2857948936853663, 'subsample': 0.702855601961855, 'colsample_bytree': 0.8294349072447068, 'gamma': 0.657597112921702}
准确率 (Accuracy):   0.7219
宏平均 F1 (Macro-F1): 0.7151
---------------------------------------------
调参总耗时:          276.40 秒
最终模型训练耗时:     12.36 秒
单条推理平均延时:     0.008693 毫秒
=============================================

各家族详细分类报告 (最终模型):
              precision    recall  f1-score   support

     banjori     1.0000    1.0000    1.0000       800
      emotet     0.4039    0.3912    0.3975       800
    gameover     0.9001    0.7775    0.8343       800
      necurs     0.2542    0.2250    0.2387       800
   pykspa_v1     0.9612    0.9287    0.9447       800
      ramnit     0.3183    0.2825    0.2993       800
      rovnix     0.8356    0.8638    0.8494       800
       simda     0.9546    0.9988    0.9762       800
       tinba     0.6755    0.7937    0.7299       800
       virut     0.8158    0.9575    0.8810       800

    accuracy                         0.7219      8000
   macro avg     0.7119    0.7219    0.7151      8000
weighted avg     0.7119    0.7219    0.7151      8000


进程已结束，退出代码为 0


C:\Users\Girlorn\PycharmProjects\PythonProject1\.venv\Scripts\python.exe C:\Users\Girlorn\PycharmProjects\PythonProject1\duofen\optuna_2-gram_comp.py 
正在读取多分类数据集: dga_sampled_8k.txt...
检测到家族数量: 10

开始执行 2-4 gram 特征向量化 (混合 2/3/4 位特征)...
特征提取完成！特征维度: 39170
开始 XGBoost 多分类训练 (2-4 gram 混合组)...

=============================================
        实验结果: 多分类 2-4 gram 特征组 (默认参数)        
=============================================
混合特征总维度:      39170
准确率 (Accuracy):   0.6649
宏平均 F1 (Macro-F1): 0.6456
---------------------------------------------
训练总耗时:          38.54 秒
单条推理平均延时:     0.034399 毫秒
=============================================

各家族详细分类报告:
              precision    recall  f1-score   support

     banjori     1.0000    1.0000    1.0000       800
      emotet     0.3654    0.3225    0.3426       800
    gameover     0.8503    0.7525    0.7984       800
      necurs     0.2563    0.1787    0.2106       800
   pykspa_v1     0.9344    0.8725    0.9024       800
      ramnit     0.2616    0.1550    0.1947       800
      rovnix     0.8155    0.7512    0.7820       800
       simda     0.7754    0.9712    0.8624       800
       tinba     0.5422    0.8187    0.6524       800
       virut     0.6236    0.8263    0.7108       800

    accuracy                         0.6649      8000
   macro avg     0.6425    0.6649    0.6456      8000
weighted avg     0.6425    0.6649    0.6456      8000


进程已结束，退出代码为 0


C:\Users\Girlorn\PycharmProjects\PythonProject1\.venv\Scripts\python.exe C:\Users\Girlorn\PycharmProjects\PythonProject1\duofen\optuna_2_4gram_comp.py 
正在读取多分类数据集: dga_sampled_8k.txt...

执行 2-4 gram 特征向量化 (混合 2/3/4 位特征，min_df=5)...
[I 2026-02-24 18:15:18,065] A new study created in memory with name: no-name-3685b450-dbdd-4b15-9884-838cd2e849c4
复合特征维度锁定为: 39170

--- 开始多分类 2-4 gram 贝叶斯调参 (类别数: 10) ---
[I 2026-02-24 18:15:40,101] Trial 0 finished with value: 0.5117924864682507 and parameters: {'n_estimators': 279, 'max_depth': 3, 'learning_rate': 0.01058602757129499, 'subsample': 0.7269593117816824, 'colsample_bytree': 0.9042336812024643, 'gamma': 1.5241018743897128}. Best is trial 0 with value: 0.5117924864682507.
[I 2026-02-24 18:16:36,124] Trial 1 finished with value: 0.6389531077110541 and parameters: {'n_estimators': 463, 'max_depth': 7, 'learning_rate': 0.03587167801039534, 'subsample': 0.9265687018534937, 'colsample_bytree': 0.6208389854728182, 'gamma': 1.8745622593327749}. Best is trial 1 with value: 0.6389531077110541.
[I 2026-02-24 18:17:29,534] Trial 2 finished with value: 0.7015887578854878 and parameters: {'n_estimators': 499, 'max_depth': 9, 'learning_rate': 0.16123058071089438, 'subsample': 0.664478299360812, 'colsample_bytree': 0.7310885585233091, 'gamma': 2.9224206286614036}. Best is trial 2 with value: 0.7015887578854878.
[I 2026-02-24 18:17:56,260] Trial 3 finished with value: 0.5482366324751784 and parameters: {'n_estimators': 221, 'max_depth': 7, 'learning_rate': 0.011007409734881821, 'subsample': 0.6681483163448615, 'colsample_bytree': 0.5369205583047736, 'gamma': 3.847001615051766}. Best is trial 2 with value: 0.7015887578854878.
[I 2026-02-24 18:18:16,145] Trial 4 finished with value: 0.6302177791786407 and parameters: {'n_estimators': 237, 'max_depth': 4, 'learning_rate': 0.1148866037597095, 'subsample': 0.7394693899827744, 'colsample_bytree': 0.8267434735548813, 'gamma': 4.570089104529395}. Best is trial 2 with value: 0.7015887578854878.
[I 2026-02-24 18:18:50,737] Trial 5 finished with value: 0.6100115412378593 and parameters: {'n_estimators': 170, 'max_depth': 11, 'learning_rate': 0.03204617475233258, 'subsample': 0.935082444167074, 'colsample_bytree': 0.7000430846716696, 'gamma': 3.265356539606774}. Best is trial 2 with value: 0.7015887578854878.
[I 2026-02-24 18:19:55,629] Trial 6 finished with value: 0.6750720705419921 and parameters: {'n_estimators': 397, 'max_depth': 11, 'learning_rate': 0.060070166693164145, 'subsample': 0.7549239166200069, 'colsample_bytree': 0.7138125070020231, 'gamma': 2.703121605217375}. Best is trial 2 with value: 0.7015887578854878.
[I 2026-02-24 18:20:17,146] Trial 7 finished with value: 0.6182479974029169 and parameters: {'n_estimators': 286, 'max_depth': 3, 'learning_rate': 0.09334996677685056, 'subsample': 0.9148534613522703, 'colsample_bytree': 0.8006293000309508, 'gamma': 4.373577556865599}. Best is trial 2 with value: 0.7015887578854878.
[I 2026-02-24 18:20:28,358] Trial 8 finished with value: 0.5943285569698682 and parameters: {'n_estimators': 136, 'max_depth': 4, 'learning_rate': 0.09893468006800399, 'subsample': 0.6396406752524132, 'colsample_bytree': 0.6607321879411131, 'gamma': 3.7379451013743523}. Best is trial 2 with value: 0.7015887578854878.
[I 2026-02-24 18:21:46,687] Trial 9 finished with value: 0.5826095089422368 and parameters: {'n_estimators': 292, 'max_depth': 7, 'learning_rate': 0.020062075297020993, 'subsample': 0.9703325587425716, 'colsample_bytree': 0.7526036451018911, 'gamma': 0.4747188412940684}. Best is trial 2 with value: 0.7015887578854878.
[I 2026-02-24 18:23:06,675] Trial 10 finished with value: 0.7106114714800917 and parameters: {'n_estimators': 500, 'max_depth': 9, 'learning_rate': 0.298166465410887, 'subsample': 0.8271788201537477, 'colsample_bytree': 0.9976406437408947, 'gamma': 0.18609721877442276}. Best is trial 10 with value: 0.7106114714800917.
[I 2026-02-24 18:24:28,491] Trial 11 finished with value: 0.7097676091246357 and parameters: {'n_estimators': 498, 'max_depth': 9, 'learning_rate': 0.2905597963547079, 'subsample': 0.8612689240787087, 'colsample_bytree': 0.9794920151908625, 'gamma': 0.097072965826891}. Best is trial 10 with value: 0.7106114714800917.
[I 2026-02-24 18:25:39,790] Trial 12 finished with value: 0.7037231214725637 and parameters: {'n_estimators': 410, 'max_depth': 9, 'learning_rate': 0.2677838956671012, 'subsample': 0.8416522972310644, 'colsample_bytree': 0.9750850033299157, 'gamma': 0.015331823176409465}. Best is trial 10 with value: 0.7106114714800917.
[I 2026-02-24 18:26:34,234] Trial 13 finished with value: 0.7040319533676841 and parameters: {'n_estimators': 377, 'max_depth': 9, 'learning_rate': 0.27747904383457517, 'subsample': 0.8467368712164525, 'colsample_bytree': 0.9909125661691343, 'gamma': 0.983428873497016}. Best is trial 10 with value: 0.7106114714800917.
[I 2026-02-24 18:27:49,420] Trial 14 finished with value: 0.6985645054749201 and parameters: {'n_estimators': 447, 'max_depth': 10, 'learning_rate': 0.172257031189367, 'subsample': 0.8371534607275639, 'colsample_bytree': 0.8955766103002892, 'gamma': 0.8499173283939898}. Best is trial 10 with value: 0.7106114714800917.
[I 2026-02-24 18:29:13,342] Trial 15 finished with value: 0.6967918498306183 and parameters: {'n_estimators': 349, 'max_depth': 12, 'learning_rate': 0.19429178024857396, 'subsample': 0.8028937377624255, 'colsample_bytree': 0.9164546628009106, 'gamma': 0.1667828135622349}. Best is trial 10 with value: 0.7106114714800917.
[I 2026-02-24 18:30:03,283] Trial 16 finished with value: 0.710757875796431 and parameters: {'n_estimators': 499, 'max_depth': 8, 'learning_rate': 0.29859969313009865, 'subsample': 0.8798553209699229, 'colsample_bytree': 0.8521910420175745, 'gamma': 1.7965565524436102}. Best is trial 16 with value: 0.710757875796431.
[I 2026-02-24 18:30:52,028] Trial 17 finished with value: 0.6549020355728431 and parameters: {'n_estimators': 447, 'max_depth': 6, 'learning_rate': 0.061520804734512775, 'subsample': 0.8789988299863398, 'colsample_bytree': 0.8374868477713262, 'gamma': 2.0336762348691413}. Best is trial 16 with value: 0.710757875796431.
[I 2026-02-24 18:31:29,903] Trial 18 finished with value: 0.672072435295403 and parameters: {'n_estimators': 339, 'max_depth': 6, 'learning_rate': 0.13369477608215824, 'subsample': 0.7974013903666852, 'colsample_bytree': 0.8738319770583282, 'gamma': 1.1009491724365759}. Best is trial 16 with value: 0.710757875796431.
[I 2026-02-24 18:32:15,004] Trial 19 finished with value: 0.6985365197445568 and parameters: {'n_estimators': 429, 'max_depth': 8, 'learning_rate': 0.21821335742535694, 'subsample': 0.9846419164094129, 'colsample_bytree': 0.9315964540126801, 'gamma': 2.327104068901852}. Best is trial 16 with value: 0.710757875796431.

调参完成！最优 Macro-F1: 0.7108

使用最优参数在测试集上进行最终评估...

==================================================
            实验结果: 多分类 2-4 gram 贝叶斯调参版             
==================================================
混合特征总维度:      39170
最优参数组合:        {'n_estimators': 499, 'max_depth': 8, 'learning_rate': 0.29859969313009865, 'subsample': 0.8798553209699229, 'colsample_bytree': 0.8521910420175745, 'gamma': 1.7965565524436102}
调参总耗时:          1016.94 秒
--------------------------------------------------
准确率 (Accuracy):   0.7199
宏平均 F1 (Macro-F1): 0.7100
训练总耗时:          48.83 秒
单条推理平均延时:     0.073162 毫秒
==================================================

各家族详细分类报告 (最终模型):
              precision    recall  f1-score   support

     banjori     1.0000    1.0000    1.0000       800
      emotet     0.3876    0.3450    0.3651       800
    gameover     0.8974    0.8200    0.8570       800
      necurs     0.2927    0.2550    0.2725       800
   pykspa_v1     0.9627    0.9025    0.9316       800
      ramnit     0.3093    0.2575    0.2810       800
      rovnix     0.8544    0.8438    0.8491       800
       simda     0.9368    1.0000    0.9674       800
       tinba     0.6694    0.8225    0.7381       800
       virut     0.7493    0.9525    0.8387       800

    accuracy                         0.7199      8000
   macro avg     0.7060    0.7199    0.7100      8000
weighted avg     0.7060    0.7199    0.7100      8000


进程已结束，退出代码为 0




C:\Users\Girlorn\PycharmProjects\PythonProject1\.venv\Scripts\python.exe C:\Users\Girlorn\PycharmProjects\PythonProject1\ronghe\feature+2-4gram_comp.py 
正在读取多分类数据集: ../duofen/dga_sampled_8k.txt...

提取 2-4 gram 特征 (稀疏矩阵)...
提取 6 维统计特征 (稠密矩阵)...
融合完成！最终特征维度: 39176 (N-gram + 6 统计特征)
开始 XGBoost 融合模型训练...

==================================================
           实验结果: 多分类特征融合组 (统计+2-4gram)            
==================================================
融合后总维度:        39176
准确率 (Accuracy):   0.8866
宏平均 F1 (Macro-F1): 0.8763
--------------------------------------------------
训练总耗时:          49.96 秒
单条推理平均延时:     0.003272 毫秒
==================================================

各家族详细分类报告:
              precision    recall  f1-score   support

     banjori     1.0000    1.0000    1.0000       800
      emotet     0.8696    1.0000    0.9302       800
    gameover     1.0000    0.9888    0.9943       800
      necurs     0.6573    0.2925    0.4048       800
   pykspa_v1     0.9851    0.9075    0.9447       800
      ramnit     0.5474    0.7000    0.6144       800
      rovnix     1.0000    0.9925    0.9962       800
       simda     0.9569    0.9988    0.9774       800
       tinba     0.9078    0.9975    0.9506       800
       virut     0.9145    0.9888    0.9502       800

    accuracy                         0.8866      8000
   macro avg     0.8839    0.8866    0.8763      8000
weighted avg     0.8839    0.8866    0.8763      8000


进程已结束，退出代码为 0



C:\Users\Girlorn\PycharmProjects\PythonProject1\.venv\Scripts\python.exe C:\Users\Girlorn\PycharmProjects\PythonProject1\ronghe\optuna_feature+2-4gram_comp.py 
正在读取多分类数据集: dga_sampled_8k.txt...

执行 2-4 gram 特征提取...
执行 6 维统计特征提取...
执行特征水平融合 (hstack)...
融合特征锁定完成！总维度: 39176

--- 开始融合特征组贝叶斯调参 (Trials=20) ---
[I 2026-02-24 20:48:08,708] A new study created in memory with name: no-name-9cd98c87-ce5c-412e-b271-93cbd3f78ac5
[I 2026-02-24 20:48:35,046] Trial 0 finished with value: 0.8722507522078781 and parameters: {'n_estimators': 244, 'max_depth': 10, 'learning_rate': 0.10818705939032158, 'subsample': 0.8271153446927386, 'colsample_bytree': 0.648870995560346, 'gamma': 2.8572516216659762}. Best is trial 0 with value: 0.8722507522078781.
[I 2026-02-24 20:49:35,541] Trial 1 finished with value: 0.861088944068304 and parameters: {'n_estimators': 440, 'max_depth': 7, 'learning_rate': 0.017601863234075928, 'subsample': 0.6539966791210606, 'colsample_bytree': 0.5198248624720265, 'gamma': 1.7542703303970253}. Best is trial 0 with value: 0.8722507522078781.
[I 2026-02-24 20:50:00,156] Trial 2 finished with value: 0.8575318287760118 and parameters: {'n_estimators': 111, 'max_depth': 10, 'learning_rate': 0.022338938847986264, 'subsample': 0.8150478810801096, 'colsample_bytree': 0.966178078204111, 'gamma': 1.6190339181947606}. Best is trial 0 with value: 0.8722507522078781.
[I 2026-02-24 20:52:02,104] Trial 3 finished with value: 0.8801617103133076 and parameters: {'n_estimators': 475, 'max_depth': 12, 'learning_rate': 0.03883840854196488, 'subsample': 0.6405283427662684, 'colsample_bytree': 0.6390846102867944, 'gamma': 0.02956794737705215}. Best is trial 3 with value: 0.8801617103133076.
[I 2026-02-24 20:52:43,346] Trial 4 finished with value: 0.8624602771708203 and parameters: {'n_estimators': 535, 'max_depth': 3, 'learning_rate': 0.042637414441794926, 'subsample': 0.7272486666000075, 'colsample_bytree': 0.6855050694045707, 'gamma': 3.7081661130905657}. Best is trial 3 with value: 0.8801617103133076.
[I 2026-02-24 20:53:01,638] Trial 5 finished with value: 0.8494488333484502 and parameters: {'n_estimators': 214, 'max_depth': 3, 'learning_rate': 0.033917389711528856, 'subsample': 0.6241135648270637, 'colsample_bytree': 0.6401749885329779, 'gamma': 1.5205331007971328}. Best is trial 3 with value: 0.8801617103133076.
[I 2026-02-24 20:54:31,038] Trial 6 finished with value: 0.8650187981318469 and parameters: {'n_estimators': 475, 'max_depth': 10, 'learning_rate': 0.015878847354340295, 'subsample': 0.7363106242552051, 'colsample_bytree': 0.8160190918061268, 'gamma': 2.018874185816078}. Best is trial 3 with value: 0.8801617103133076.
[I 2026-02-24 20:55:30,809] Trial 7 finished with value: 0.8810800520557838 and parameters: {'n_estimators': 536, 'max_depth': 10, 'learning_rate': 0.08070710482521036, 'subsample': 0.8976679706119027, 'colsample_bytree': 0.778925404771255, 'gamma': 1.3521252485518342}. Best is trial 7 with value: 0.8810800520557838.
[I 2026-02-24 20:55:55,739] Trial 8 finished with value: 0.877830371107644 and parameters: {'n_estimators': 249, 'max_depth': 13, 'learning_rate': 0.12226715956806392, 'subsample': 0.9693571639773084, 'colsample_bytree': 0.5141611465807752, 'gamma': 2.1184085545620186}. Best is trial 7 with value: 0.8810800520557838.
[I 2026-02-24 20:56:19,468] Trial 9 finished with value: 0.8812267886659632 and parameters: {'n_estimators': 171, 'max_depth': 11, 'learning_rate': 0.19281033514613366, 'subsample': 0.9801559395310389, 'colsample_bytree': 0.9176086777710282, 'gamma': 1.1294076826232842}. Best is trial 9 with value: 0.8812267886659632.
[I 2026-02-24 20:56:27,844] Trial 10 finished with value: 0.8706083551941509 and parameters: {'n_estimators': 101, 'max_depth': 7, 'learning_rate': 0.27229669167840603, 'subsample': 0.9929202987640505, 'colsample_bytree': 0.9961928285079609, 'gamma': 4.737951884568295}. Best is trial 9 with value: 0.8812267886659632.
[I 2026-02-24 20:57:36,851] Trial 11 finished with value: 0.881753927484804 and parameters: {'n_estimators': 351, 'max_depth': 15, 'learning_rate': 0.0999658234179388, 'subsample': 0.9089862223070447, 'colsample_bytree': 0.8629986173786626, 'gamma': 0.518893438010965}. Best is trial 11 with value: 0.881753927484804.
[I 2026-02-24 20:58:20,394] Trial 12 finished with value: 0.8814166196864356 and parameters: {'n_estimators': 348, 'max_depth': 15, 'learning_rate': 0.23159295988377213, 'subsample': 0.9128090175378022, 'colsample_bytree': 0.888780094558125, 'gamma': 0.3352315039424102}. Best is trial 11 with value: 0.881753927484804.
[I 2026-02-24 20:59:20,556] Trial 13 finished with value: 0.8821721086551069 and parameters: {'n_estimators': 337, 'max_depth': 15, 'learning_rate': 0.17068296427885585, 'subsample': 0.8957552370766709, 'colsample_bytree': 0.8795481859367874, 'gamma': 0.11107243535082834}. Best is trial 13 with value: 0.8821721086551069.
[I 2026-02-24 21:00:18,419] Trial 14 finished with value: 0.8822039502612025 and parameters: {'n_estimators': 331, 'max_depth': 15, 'learning_rate': 0.07961547956670807, 'subsample': 0.8864021742626743, 'colsample_bytree': 0.8461841110464465, 'gamma': 0.604688217414501}. Best is trial 14 with value: 0.8822039502612025.
[I 2026-02-24 21:01:12,436] Trial 15 finished with value: 0.8798523626196285 and parameters: {'n_estimators': 339, 'max_depth': 14, 'learning_rate': 0.06531541356431474, 'subsample': 0.8695657681080612, 'colsample_bytree': 0.7334117459065609, 'gamma': 0.7672553172065766}. Best is trial 14 with value: 0.8822039502612025.
[I 2026-02-24 21:01:30,946] Trial 16 finished with value: 0.8764224224099593 and parameters: {'n_estimators': 303, 'max_depth': 13, 'learning_rate': 0.18043804488355442, 'subsample': 0.7579702541826773, 'colsample_bytree': 0.8250201890928086, 'gamma': 3.20929931692329}. Best is trial 14 with value: 0.8822039502612025.
[I 2026-02-24 21:02:13,437] Trial 17 finished with value: 0.8774406627568286 and parameters: {'n_estimators': 406, 'max_depth': 15, 'learning_rate': 0.1485486216081515, 'subsample': 0.9414127521554719, 'colsample_bytree': 0.9379005160077661, 'gamma': 0.8744024130295883}. Best is trial 14 with value: 0.8822039502612025.
[I 2026-02-24 21:03:40,772] Trial 18 finished with value: 0.8641605317611794 and parameters: {'n_estimators': 594, 'max_depth': 8, 'learning_rate': 0.011067172549981175, 'subsample': 0.8386419025170899, 'colsample_bytree': 0.8610976116187516, 'gamma': 0.018613924802950058}. Best is trial 14 with value: 0.8822039502612025.
