[I 2026-02-24 21:04:15,049] Trial 19 finished with value: 0.8767757659567259 and parameters: {'n_estimators': 275, 'max_depth': 13, 'learning_rate': 0.05596903076684817, 'subsample': 0.7760802780959561, 'colsample_bytree': 0.7540138761731662, 'gamma': 2.492619426384046}. Best is trial 14 with value: 0.8822039502612025.

调参完成！最优 Macro-F1: 0.8822

=======================================================
            实验结果: 多分类特征融合 (统计+2-4gram) 贝叶斯版            
=======================================================
融合后总维度:        39176
最优参数组合:        {'n_estimators': 331, 'max_depth': 15, 'learning_rate': 0.07961547956670807, 'subsample': 0.8864021742626743, 'colsample_bytree': 0.8461841110464465, 'gamma': 0.604688217414501}
调参总耗时:          966.34 秒
-------------------------------------------------------
准确率 (Accuracy):   0.8872
宏平均 F1 (Macro-F1): 0.8806
最终训练耗时:         56.63 秒
单条推理平均延时:     0.010579 毫秒
=======================================================

终极模型各家族分类报告:
              precision    recall  f1-score   support

     banjori     1.0000    1.0000    1.0000       800
      emotet     0.8683    0.9975    0.9284       800
    gameover     1.0000    0.9888    0.9943       800
      necurs     0.5996    0.3688    0.4567       800
   pykspa_v1     0.9801    0.9250    0.9518       800
      ramnit     0.5437    0.6225    0.5804       800
      rovnix     1.0000    0.9925    0.9962       800
       simda     0.9756    1.0000    0.9877       800
       tinba     0.9181    0.9950    0.9550       800
       virut     0.9291    0.9825    0.9550       800

    accuracy                         0.8872      8000
   macro avg     0.8815    0.8873    0.8806      8000
weighted avg     0.8815    0.8872    0.8806      8000


进程已结束，退出代码为 0


C:\Users\Girlorn\PycharmProjects\PythonProject1\.venv\Scripts\python.exe C:\Users\Girlorn\PycharmProjects\PythonProject1\ronghe\feature+2_gram_comp.py 
正在读取多分类数据集: dga_sampled_8k.txt...

提取 2-gram 特征 (ngram_range=(2, 2))...
提取 6 维统计特征...
融合完成！最终特征维度: 1302
开始 XGBoost 融合模型训练 (2-gram 版)...

==================================================
          实验结果: 多分类特征融合 (统计+2-gram) 默认版           
==================================================
融合后总维度:        1302
准确率 (Accuracy):   0.8875
宏平均 F1 (Macro-F1): 0.8795
--------------------------------------------------
训练总耗时:          2.39 秒
单条推理平均延时:     0.001933 毫秒
==================================================

各家族详细分类报告:
              precision    recall  f1-score   support

     banjori     1.0000    1.0000    1.0000       800
      emotet     0.8685    0.9988    0.9291       800
    gameover     1.0000    0.9888    0.9943       800
      necurs     0.6300    0.3513    0.4510       800
   pykspa_v1     0.9877    0.9050    0.9446       800
      ramnit     0.5557    0.6488    0.5986       800
      rovnix     1.0000    0.9925    0.9962       800
       simda     0.9604    1.0000    0.9798       800
       tinba     0.9078    0.9975    0.9506       800
       virut     0.9126    0.9925    0.9509       800

    accuracy                         0.8875      8000
   macro avg     0.8823    0.8875    0.8795      8000
weighted avg     0.8823    0.8875    0.8795      8000


进程已结束，退出代码为 0

C:\Users\Girlorn\PycharmProjects\PythonProject1\.venv\Scripts\python.exe C:\Users\Girlorn\PycharmProjects\PythonProject1\ronghe\optuna_feature+2_gram_comp.py 
正在读取多分类数据集: dga_sampled_8k.txt...

提取 2-gram 字符特征...
提取 6 维统计特征...
执行特征空间融合 (Fusion)...
特征维度锁定: 1302

--- 开始多分类融合组 (2-gram) 贝叶斯寻优 ---
[I 2026-02-24 21:08:51,811] A new study created in memory with name: no-name-f000b849-9572-40c6-b4ad-0aa7d5113d2f
[I 2026-02-24 21:09:02,229] Trial 0 finished with value: 0.8766226501944218 and parameters: {'n_estimators': 394, 'max_depth': 11, 'learning_rate': 0.028234875607475014, 'subsample': 0.8797763742048728, 'colsample_bytree': 0.621388604513791, 'gamma': 0.7364038378190954}. Best is trial 0 with value: 0.8766226501944218.
[I 2026-02-24 21:09:04,185] Trial 1 finished with value: 0.8641621920043783 and parameters: {'n_estimators': 146, 'max_depth': 5, 'learning_rate': 0.07779485292530061, 'subsample': 0.96911516881245, 'colsample_bytree': 0.9494207829303123, 'gamma': 0.02944583121780564}. Best is trial 0 with value: 0.8766226501944218.
[I 2026-02-24 21:09:08,134] Trial 2 finished with value: 0.8568872855482692 and parameters: {'n_estimators': 369, 'max_depth': 3, 'learning_rate': 0.034800363721540696, 'subsample': 0.9539404549324391, 'colsample_bytree': 0.7930034277762588, 'gamma': 1.003288112237896}. Best is trial 0 with value: 0.8766226501944218.
[I 2026-02-24 21:09:12,956] Trial 3 finished with value: 0.8757028222050659 and parameters: {'n_estimators': 315, 'max_depth': 8, 'learning_rate': 0.05803175746140068, 'subsample': 0.7134500308436301, 'colsample_bytree': 0.9210414291238626, 'gamma': 1.6448229696675367}. Best is trial 0 with value: 0.8766226501944218.
[I 2026-02-24 21:09:19,089] Trial 4 finished with value: 0.8617117734972565 and parameters: {'n_estimators': 538, 'max_depth': 4, 'learning_rate': 0.02312937248740543, 'subsample': 0.9054308115849967, 'colsample_bytree': 0.9210613623116015, 'gamma': 2.2180311991013895}. Best is trial 0 with value: 0.8766226501944218.
[I 2026-02-24 21:09:20,301] Trial 5 finished with value: 0.8518722272527232 and parameters: {'n_estimators': 107, 'max_depth': 3, 'learning_rate': 0.0703010517112004, 'subsample': 0.9022451538216092, 'colsample_bytree': 0.9683498260355482, 'gamma': 2.685638743162636}. Best is trial 0 with value: 0.8766226501944218.
[I 2026-02-24 21:09:23,142] Trial 6 finished with value: 0.8628740644145736 and parameters: {'n_estimators': 142, 'max_depth': 12, 'learning_rate': 0.015790255559815478, 'subsample': 0.9836989009629318, 'colsample_bytree': 0.6807590756809233, 'gamma': 2.510055472000899}. Best is trial 0 with value: 0.8766226501944218.
[I 2026-02-24 21:09:27,797] Trial 7 finished with value: 0.8750587779395547 and parameters: {'n_estimators': 436, 'max_depth': 3, 'learning_rate': 0.1282743262511518, 'subsample': 0.7168509850147806, 'colsample_bytree': 0.6110179335549956, 'gamma': 1.9570744857258626}. Best is trial 0 with value: 0.8766226501944218.
[I 2026-02-24 21:09:31,868] Trial 8 finished with value: 0.8764620233718704 and parameters: {'n_estimators': 430, 'max_depth': 6, 'learning_rate': 0.12809937033018778, 'subsample': 0.9334841771746438, 'colsample_bytree': 0.6433466347867952, 'gamma': 2.2433967411480875}. Best is trial 0 with value: 0.8766226501944218.
[I 2026-02-24 21:09:34,253] Trial 9 finished with value: 0.8514931676700431 and parameters: {'n_estimators': 145, 'max_depth': 7, 'learning_rate': 0.021981502612500266, 'subsample': 0.7918077263090504, 'colsample_bytree': 0.701808177423546, 'gamma': 0.28646166013153873}. Best is trial 0 with value: 0.8766226501944218.
[I 2026-02-24 21:09:46,587] Trial 10 finished with value: 0.8701534987755183 and parameters: {'n_estimators': 599, 'max_depth': 12, 'learning_rate': 0.010185097118554842, 'subsample': 0.8270472219861118, 'colsample_bytree': 0.7777536184817493, 'gamma': 0.9194978764923494}. Best is trial 0 with value: 0.8766226501944218.
[I 2026-02-24 21:09:51,152] Trial 11 finished with value: 0.8808704291033258 and parameters: {'n_estimators': 437, 'max_depth': 9, 'learning_rate': 0.2638247015637481, 'subsample': 0.855260699653513, 'colsample_bytree': 0.6040039582098762, 'gamma': 1.1247356711139138}. Best is trial 11 with value: 0.8808704291033258.
[I 2026-02-24 21:09:54,623] Trial 12 finished with value: 0.8795969436587043 and parameters: {'n_estimators': 298, 'max_depth': 10, 'learning_rate': 0.2984824025378859, 'subsample': 0.8335290126447369, 'colsample_bytree': 0.7230444081176866, 'gamma': 0.9519491454324003}. Best is trial 11 with value: 0.8808704291033258.
[I 2026-02-24 21:09:58,369] Trial 13 finished with value: 0.8753825799867909 and parameters: {'n_estimators': 272, 'max_depth': 9, 'learning_rate': 0.2992739909521493, 'subsample': 0.6025253149539089, 'colsample_bytree': 0.7317621665115768, 'gamma': 1.2486499017926411}. Best is trial 11 with value: 0.8808704291033258.
[I 2026-02-24 21:10:01,076] Trial 14 finished with value: 0.8774234432413909 and parameters: {'n_estimators': 236, 'max_depth': 10, 'learning_rate': 0.2883531018421784, 'subsample': 0.8201608386228252, 'colsample_bytree': 0.852765279451994, 'gamma': 1.4509634774476752}. Best is trial 11 with value: 0.8808704291033258.
[I 2026-02-24 21:10:07,563] Trial 15 finished with value: 0.8820415381320673 and parameters: {'n_estimators': 474, 'max_depth': 9, 'learning_rate': 0.18968861397755207, 'subsample': 0.7851608884195048, 'colsample_bytree': 0.7350654671975462, 'gamma': 0.5082304707894403}. Best is trial 15 with value: 0.8820415381320673.
[I 2026-02-24 21:10:15,425] Trial 16 finished with value: 0.8834499159657868 and parameters: {'n_estimators': 500, 'max_depth': 8, 'learning_rate': 0.16500209333116042, 'subsample': 0.7490432641200073, 'colsample_bytree': 0.8377002384732359, 'gamma': 0.18616137993512416}. Best is trial 16 with value: 0.8834499159657868.
[I 2026-02-24 21:10:22,472] Trial 17 finished with value: 0.8777570314553417 and parameters: {'n_estimators': 506, 'max_depth': 7, 'learning_rate': 0.15827147787994914, 'subsample': 0.7572325391767751, 'colsample_bytree': 0.8462746626112108, 'gamma': 0.530039440021989}. Best is trial 16 with value: 0.8834499159657868.
[I 2026-02-24 21:10:31,007] Trial 18 finished with value: 0.8812279478161271 and parameters: {'n_estimators': 508, 'max_depth': 8, 'learning_rate': 0.171519329061408, 'subsample': 0.637680234436847, 'colsample_bytree': 0.8425104455613515, 'gamma': 0.09988092768822088}. Best is trial 16 with value: 0.8834499159657868.
[I 2026-02-24 21:10:39,227] Trial 19 finished with value: 0.8788799258743729 and parameters: {'n_estimators': 580, 'max_depth': 6, 'learning_rate': 0.10552422749666812, 'subsample': 0.6807465816476814, 'colsample_bytree': 0.7632466849060995, 'gamma': 0.48741176250933405}. Best is trial 16 with value: 0.8834499159657868.
[I 2026-02-24 21:10:44,306] Trial 20 finished with value: 0.8773002795209204 and parameters: {'n_estimators': 481, 'max_depth': 9, 'learning_rate': 0.20566253768141515, 'subsample': 0.7708257026087674, 'colsample_bytree': 0.8736378371031216, 'gamma': 2.9945517890497744}. Best is trial 16 with value: 0.8834499159657868.
[I 2026-02-24 21:10:53,732] Trial 21 finished with value: 0.8785553708899672 and parameters: {'n_estimators': 528, 'max_depth': 8, 'learning_rate': 0.1833289949427846, 'subsample': 0.6258073293926748, 'colsample_bytree': 0.8291578646357662, 'gamma': 0.025004407658901107}. Best is trial 16 with value: 0.8834499159657868.
[I 2026-02-24 21:11:01,589] Trial 22 finished with value: 0.8805538087766138 and parameters: {'n_estimators': 476, 'max_depth': 8, 'learning_rate': 0.09397252486960564, 'subsample': 0.6492503990263404, 'colsample_bytree': 0.8887676987429696, 'gamma': 0.4547637823564523}. Best is trial 16 with value: 0.8834499159657868.
[I 2026-02-24 21:11:10,250] Trial 23 finished with value: 0.8810990398592711 and parameters: {'n_estimators': 566, 'max_depth': 10, 'learning_rate': 0.20695542289018454, 'subsample': 0.7354939203876814, 'colsample_bytree': 0.7986183333150809, 'gamma': 0.2652250272268289}. Best is trial 16 with value: 0.8834499159657868.
[I 2026-02-24 21:11:17,297] Trial 24 finished with value: 0.8739844999137161 and parameters: {'n_estimators': 480, 'max_depth': 6, 'learning_rate': 0.04457626977325706, 'subsample': 0.6680070901438326, 'colsample_bytree': 0.8227515644854831, 'gamma': 0.6688169255315177}. Best is trial 16 with value: 0.8834499159657868.
[I 2026-02-24 21:11:25,448] Trial 25 finished with value: 0.8805982614725749 and parameters: {'n_estimators': 544, 'max_depth': 7, 'learning_rate': 0.1450731823586501, 'subsample': 0.6942030781440603, 'colsample_bytree': 0.7576057922569049, 'gamma': 0.2524460861716704}. Best is trial 16 with value: 0.8834499159657868.
[I 2026-02-24 21:11:33,080] Trial 26 finished with value: 0.8817640991250884 and parameters: {'n_estimators': 409, 'max_depth': 9, 'learning_rate': 0.10240327828881185, 'subsample': 0.762387420151791, 'colsample_bytree': 0.8860604060283819, 'gamma': 0.024971887317531083}. Best is trial 16 with value: 0.8834499159657868.
[I 2026-02-24 21:11:39,767] Trial 27 finished with value: 0.8784807497931627 and parameters: {'n_estimators': 398, 'max_depth': 11, 'learning_rate': 0.105403704625084, 'subsample': 0.7872664191591313, 'colsample_bytree': 0.8936368648771774, 'gamma': 0.6422708042775775}. Best is trial 16 with value: 0.8834499159657868.
[I 2026-02-24 21:11:45,792] Trial 28 finished with value: 0.8785677687282487 and parameters: {'n_estimators': 343, 'max_depth': 9, 'learning_rate': 0.08188352301929522, 'subsample': 0.7471801682870562, 'colsample_bytree': 0.6786832554901646, 'gamma': 0.30203784371634756}. Best is trial 16 with value: 0.8834499159657868.

最优参数组合: {'n_estimators': 500, 'max_depth': 8, 'learning_rate': 0.16500209333116042, 'subsample': 0.7490432641200073, 'colsample_bytree': 0.8377002384732359, 'gamma': 0.18616137993512416}
[I 2026-02-24 21:11:52,490] Trial 29 finished with value: 0.8773654849477118 and parameters: {'n_estimators': 387, 'max_depth': 11, 'learning_rate': 0.06186838014705246, 'subsample': 0.8624886119510637, 'colsample_bytree': 0.9195135747026189, 'gamma': 0.8087214027884291}. Best is trial 16 with value: 0.8834499159657868.

=======================================================
             实验结果: 多分类融合组 (统计+2-gram) 贝叶斯版             
=======================================================
融合特征总维度:      1302
调参总耗时:          180.68 秒
-------------------------------------------------------
准确率 (Accuracy):   0.8895
宏平均 F1 (Macro-F1): 0.8845
最终训练耗时:         7.84 秒
单条推理平均延时:     0.012224 毫秒
=======================================================

各家族详细分类报告 (调参后最终模型):
              precision    recall  f1-score   support

     banjori     1.0000    1.0000    1.0000       800
      emotet     0.8685    0.9988    0.9291       800
    gameover     1.0000    0.9888    0.9943       800
      necurs     0.5898    0.4475    0.5089       800
   pykspa_v1     0.9754    0.9413    0.9580       800
      ramnit     0.5527    0.5575    0.5551       800
      rovnix     0.9987    0.9925    0.9956       800
       simda     0.9816    1.0000    0.9907       800
       tinba     0.9178    0.9912    0.9531       800
       virut     0.9433    0.9775    0.9601       800

    accuracy                         0.8895      8000
   macro avg     0.8828    0.8895    0.8845      8000
weighted avg     0.8828    0.8895    0.8845      8000


进程已结束，退出代码为 0

C:\Users\Girlorn\PycharmProjects\PythonProject1\.venv\Scripts\python.exe C:\Users\Girlorn\PycharmProjects\PythonProject1\ronghe\erfen_feature+2-gram_comp.py 
正在读取纯域名数据集 (目标各取: 200000 条)...
执行 8:1:1 严谨划分 (Train:Val:Test)...
数据就绪: 训练集(319999), 验证集(40000), 测试集(40000)

提取 2-gram 字符特征 (稀疏矩阵)...
提取 6 维统计特征 (稠密矩阵)...
融合完成！总特征维度: 1375
开始 XGBoost 融合模型训练...

=============================================
          实验结果: 二分类特征融合 (统计+2-gram)          
=============================================
最终特征维度:        1375
准确率 (Accuracy):   0.9758
精确率 (Precision):  0.9848
召回率 (Recall):     0.9664
F1 值 (F1-Score):    0.9755
AUC 曲线下面积:      0.9972
---------------------------------------------
训练总耗时:          7.71 秒
单条推理平均延时:     0.000753 毫秒
=============================================

进程已结束，退出代码为 0


C:\Users\Girlorn\PycharmProjects\PythonProject1\.venv\Scripts\python.exe C:\Users\Girlorn\PycharmProjects\PythonProject1\ronghe\erfen_optuna_feature+2_gram_comp.py 
正在读取纯域名数据集 (目标各取: 200000 条)...
执行 8:1:1 严谨划分 (Train:Val:Test)...

提取 N-gram 与统计特征并融合...
融合特征锁定完成！总维度: 1375

--- 开始二分类融合组贝叶斯调参 (Trials=20) ---
[I 2026-02-24 21:24:02,975] A new study created in memory with name: no-name-5e973e1f-2bc3-48c0-93f9-b5a55478bce5
[I 2026-02-24 21:24:11,289] Trial 0 finished with value: 0.9768686868686869 and parameters: {'n_estimators': 590, 'max_depth': 12, 'learning_rate': 0.027300383175770677, 'subsample': 0.9918382563316095, 'colsample_bytree': 0.8675977238908315, 'gamma': 2.7453095696370986}. Best is trial 0 with value: 0.9768686868686869.
[I 2026-02-24 21:24:17,067] Trial 1 finished with value: 0.9681215287464178 and parameters: {'n_estimators': 544, 'max_depth': 10, 'learning_rate': 0.014216673254926173, 'subsample': 0.643613873244692, 'colsample_bytree': 0.9937263334918855, 'gamma': 1.527665341853489}. Best is trial 0 with value: 0.9768686868686869.
[I 2026-02-24 21:24:18,346] Trial 2 finished with value: 0.9574088242795206 and parameters: {'n_estimators': 139, 'max_depth': 7, 'learning_rate': 0.038021847705751004, 'subsample': 0.9305196078268417, 'colsample_bytree': 0.9743819187539493, 'gamma': 0.767489437637148}. Best is trial 0 with value: 0.9768686868686869.
[I 2026-02-24 21:24:19,459] Trial 3 finished with value: 0.9486621431314812 and parameters: {'n_estimators': 107, 'max_depth': 7, 'learning_rate': 0.01192334881915212, 'subsample': 0.6142193997320395, 'colsample_bytree': 0.6796452283956125, 'gamma': 0.6031289615206522}. Best is trial 0 with value: 0.9768686868686869.
[I 2026-02-24 21:24:22,384] Trial 4 finished with value: 0.9752818076125966 and parameters: {'n_estimators': 355, 'max_depth': 9, 'learning_rate': 0.05628921579197634, 'subsample': 0.8933251643948319, 'colsample_bytree': 0.6432640062405452, 'gamma': 0.4206480754587216}. Best is trial 0 with value: 0.9768686868686869.
[I 2026-02-24 21:24:24,537] Trial 5 finished with value: 0.9523274519316702 and parameters: {'n_estimators': 374, 'max_depth': 5, 'learning_rate': 0.014747076957954318, 'subsample': 0.9520457395333766, 'colsample_bytree': 0.678192121483183, 'gamma': 1.3753728635102085}. Best is trial 0 with value: 0.9768686868686869.
[I 2026-02-24 21:24:27,259] Trial 6 finished with value: 0.9605199439276156 and parameters: {'n_estimators': 244, 'max_depth': 9, 'learning_rate': 0.019050385805396055, 'subsample': 0.7222024428213294, 'colsample_bytree': 0.9992064128019432, 'gamma': 1.6770583514347237}. Best is trial 0 with value: 0.9768686868686869.
[I 2026-02-24 21:24:28,905] Trial 7 finished with value: 0.9812224322621298 and parameters: {'n_estimators': 196, 'max_depth': 9, 'learning_rate': 0.22170012511916914, 'subsample': 0.9187020755478524, 'colsample_bytree': 0.6907126215923702, 'gamma': 0.6660570530312203}. Best is trial 7 with value: 0.9812224322621298.
[I 2026-02-24 21:24:30,781] Trial 8 finished with value: 0.9531329857916795 and parameters: {'n_estimators': 218, 'max_depth': 7, 'learning_rate': 0.015327718091624962, 'subsample': 0.9968862973671823, 'colsample_bytree': 0.9192696282149901, 'gamma': 1.4928738924356013}. Best is trial 7 with value: 0.9812224322621298.
[I 2026-02-24 21:24:31,591] Trial 9 finished with value: 0.9427688535893965 and parameters: {'n_estimators': 111, 'max_depth': 4, 'learning_rate': 0.029017540304289397, 'subsample': 0.661962249911825, 'colsample_bytree': 0.77764057931732, 'gamma': 1.1531904796700023}. Best is trial 7 with value: 0.9812224322621298.
[I 2026-02-24 21:24:35,627] Trial 10 finished with value: 0.9851053675934996 and parameters: {'n_estimators': 443, 'max_depth': 12, 'learning_rate': 0.29887701362765684, 'subsample': 0.8248865600465489, 'colsample_bytree': 0.7694830548111236, 'gamma': 0.05357080476024201}. Best is trial 10 with value: 0.9851053675934996.
[I 2026-02-24 21:24:40,080] Trial 11 finished with value: 0.985357277408012 and parameters: {'n_estimators': 495, 'max_depth': 12, 'learning_rate': 0.2802311919080533, 'subsample': 0.8329485676341516, 'colsample_bytree': 0.7695272558694278, 'gamma': 0.030936236629540335}. Best is trial 11 with value: 0.985357277408012.
[I 2026-02-24 21:24:44,301] Trial 12 finished with value: 0.9850303913196363 and parameters: {'n_estimators': 468, 'max_depth': 12, 'learning_rate': 0.28820166439911044, 'subsample': 0.8302728521791506, 'colsample_bytree': 0.7762522744586187, 'gamma': 0.07014225301416666}. Best is trial 11 with value: 0.985357277408012.
[I 2026-02-24 21:24:48,549] Trial 13 finished with value: 0.9845015850651638 and parameters: {'n_estimators': 465, 'max_depth': 11, 'learning_rate': 0.14405399724549514, 'subsample': 0.7926321673998904, 'colsample_bytree': 0.8245535802714954, 'gamma': 0.028520971452930866}. Best is trial 11 with value: 0.985357277408012.
[I 2026-02-24 21:24:52,131] Trial 14 finished with value: 0.9833505453263142 and parameters: {'n_estimators': 466, 'max_depth': 11, 'learning_rate': 0.11177952483857519, 'subsample': 0.8324161155445138, 'colsample_bytree': 0.7370053517597798, 'gamma': 2.0996437643745103}. Best is trial 11 with value: 0.985357277408012.
[I 2026-02-24 21:24:56,101] Trial 15 finished with value: 0.9832368487289203 and parameters: {'n_estimators': 391, 'max_depth': 12, 'learning_rate': 0.10749112873649297, 'subsample': 0.7632121306813009, 'colsample_bytree': 0.8430858082349679, 'gamma': 0.2888134031873619}. Best is trial 11 with value: 0.985357277408012.
[I 2026-02-24 21:24:58,520] Trial 16 finished with value: 0.9836346240999043 and parameters: {'n_estimators': 297, 'max_depth': 10, 'learning_rate': 0.19472325114508923, 'subsample': 0.8734188385995578, 'colsample_bytree': 0.7388289733301634, 'gamma': 0.9653400189734734}. Best is trial 11 with value: 0.985357277408012.
[I 2026-02-24 21:25:00,958] Trial 17 finished with value: 0.9658234592647096 and parameters: {'n_estimators': 513, 'max_depth': 3, 'learning_rate': 0.06812444732509522, 'subsample': 0.728370722382292, 'colsample_bytree': 0.6064127936968114, 'gamma': 2.223216027701285}. Best is trial 11 with value: 0.985357277408012.
