C:\Users\Girlorn\PycharmProjects\PythonProject1\.venv\Scripts\python.exe C:\Users\Girlorn\PycharmProjects\PythonProject1\erfen\feature_comp.py 
正在读取纯域名数据集 (各取前 200000 条)...
执行 8:1:1 严谨划分 (Train:Val:Test)...
数据就绪: 训练集(319999), 验证集(40000), 测试集(40000)
提取统计特征中...
开始 XGBoost 默认参数训练...
执行性能评估...

=============================================
            实验结果: 二分类统计特征组 (默认参数)            
=============================================
准确率 (Accuracy):   0.9469
精确率 (Precision):  0.9611
召回率 (Recall):     0.9315
F1 值 (F1-Score):    0.9461
AUC 曲线下面积:      0.9870
---------------------------------------------
训练总耗时:          2.83 秒
单条推理平均延时:     0.000213 毫秒
=============================================

进程已结束，退出代码为 0


C:\Users\Girlorn\PycharmProjects\PythonProject1\.venv\Scripts\python.exe C:\Users\Girlorn\PycharmProjects\PythonProject1\erfen\optuna_feature_comp.py 
预提取特征中以加速寻优过程...
正在读取纯域名数据集 (目标各取: 200000 条)...
执行 8:1:1 严谨划分...
数据就绪: 训练集(319999), 验证集(40000), 测试集(40000)
[I 2026-02-24 16:02:57,315] A new study created in memory with name: no-name-85c6dd3b-271d-4966-9e03-aa8458f1bde3

--- 开始统计特征组二分类贝叶斯调参 ---
[I 2026-02-24 16:03:01,628] Trial 0 finished with value: 0.9447210649324256 and parameters: {'n_estimators': 579, 'max_depth': 6, 'learning_rate': 0.17633520856819151, 'subsample': 0.9719179936571929, 'colsample_bytree': 0.9928305497163146, 'min_child_weight': 1}. Best is trial 0 with value: 0.9447210649324256.
[I 2026-02-24 16:03:04,368] Trial 1 finished with value: 0.9451887941534713 and parameters: {'n_estimators': 793, 'max_depth': 6, 'learning_rate': 0.018492877516139216, 'subsample': 0.7373165137834712, 'colsample_bytree': 0.7200807647459554, 'min_child_weight': 5}. Best is trial 1 with value: 0.9451887941534713.
[I 2026-02-24 16:03:07,235] Trial 2 finished with value: 0.944959487947982 and parameters: {'n_estimators': 737, 'max_depth': 8, 'learning_rate': 0.05641191095486375, 'subsample': 0.7737308318257884, 'colsample_bytree': 0.9182764851825538, 'min_child_weight': 8}. Best is trial 1 with value: 0.9451887941534713.
[I 2026-02-24 16:03:08,900] Trial 3 finished with value: 0.9449701890143346 and parameters: {'n_estimators': 633, 'max_depth': 3, 'learning_rate': 0.06982219604164586, 'subsample': 0.9815082947262688, 'colsample_bytree': 0.8022160085529659, 'min_child_weight': 8}. Best is trial 1 with value: 0.9451887941534713.
[I 2026-02-24 16:03:12,335] Trial 4 finished with value: 0.9449834899669799 and parameters: {'n_estimators': 937, 'max_depth': 6, 'learning_rate': 0.05934554977614839, 'subsample': 0.8274330169725831, 'colsample_bytree': 0.9282939606099709, 'min_child_weight': 6}. Best is trial 1 with value: 0.9451887941534713.
[I 2026-02-24 16:03:14,670] Trial 5 finished with value: 0.9451442503047541 and parameters: {'n_estimators': 613, 'max_depth': 7, 'learning_rate': 0.03197001764801879, 'subsample': 0.7598051502258824, 'colsample_bytree': 0.9886235302737166, 'min_child_weight': 10}. Best is trial 1 with value: 0.9451887941534713.
[I 2026-02-24 16:03:18,458] Trial 6 finished with value: 0.9444232868713027 and parameters: {'n_estimators': 967, 'max_depth': 7, 'learning_rate': 0.2070170833595646, 'subsample': 0.887808869003308, 'colsample_bytree': 0.723618855770523, 'min_child_weight': 2}. Best is trial 1 with value: 0.9451887941534713.
[I 2026-02-24 16:03:19,273] Trial 7 finished with value: 0.9419190633749046 and parameters: {'n_estimators': 223, 'max_depth': 4, 'learning_rate': 0.014478876522722253, 'subsample': 0.6602750289708098, 'colsample_bytree': 0.8546327808753641, 'min_child_weight': 7}. Best is trial 1 with value: 0.9451887941534713.
[I 2026-02-24 16:03:23,119] Trial 8 finished with value: 0.945021458137586 and parameters: {'n_estimators': 867, 'max_depth': 8, 'learning_rate': 0.06130957498581922, 'subsample': 0.717881193258899, 'colsample_bytree': 0.7936447976293702, 'min_child_weight': 7}. Best is trial 1 with value: 0.9451887941534713.
[I 2026-02-24 16:03:25,490] Trial 9 finished with value: 0.9452072177245388 and parameters: {'n_estimators': 854, 'max_depth': 3, 'learning_rate': 0.08323327829508909, 'subsample': 0.8707951052950309, 'colsample_bytree': 0.9685749043713984, 'min_child_weight': 9}. Best is trial 9 with value: 0.9452072177245388.
[I 2026-02-24 16:03:27,311] Trial 10 finished with value: 0.9449606499111449 and parameters: {'n_estimators': 411, 'max_depth': 10, 'learning_rate': 0.11924000120484557, 'subsample': 0.8745243169838076, 'colsample_bytree': 0.6073783877528514, 'min_child_weight': 10}. Best is trial 9 with value: 0.9452072177245388.
[I 2026-02-24 16:03:29,858] Trial 11 finished with value: 0.9431365079365079 and parameters: {'n_estimators': 781, 'max_depth': 4, 'learning_rate': 0.011443196798975019, 'subsample': 0.6027686761724469, 'colsample_bytree': 0.6700170524267612, 'min_child_weight': 4}. Best is trial 9 with value: 0.9452072177245388.
[I 2026-02-24 16:03:32,311] Trial 12 finished with value: 0.944923420225175 and parameters: {'n_estimators': 778, 'max_depth': 5, 'learning_rate': 0.02485775813187573, 'subsample': 0.8546360155032844, 'colsample_bytree': 0.7160465699741687, 'min_child_weight': 4}. Best is trial 9 with value: 0.9452072177245388.
[I 2026-02-24 16:03:33,417] Trial 13 finished with value: 0.9427911814699241 and parameters: {'n_estimators': 400, 'max_depth': 3, 'learning_rate': 0.027326662660736797, 'subsample': 0.9149716264876654, 'colsample_bytree': 0.7672019132773763, 'min_child_weight': 4}. Best is trial 9 with value: 0.9452072177245388.
[I 2026-02-24 16:03:38,258] Trial 14 finished with value: 0.9443837495871338 and parameters: {'n_estimators': 996, 'max_depth': 10, 'learning_rate': 0.10376032502184498, 'subsample': 0.7132081156752395, 'colsample_bytree': 0.8550392685675315, 'min_child_weight': 5}. Best is trial 9 with value: 0.9452072177245388.
[I 2026-02-24 16:03:41,082] Trial 15 finished with value: 0.9448802904511641 and parameters: {'n_estimators': 842, 'max_depth': 5, 'learning_rate': 0.28713048600780827, 'subsample': 0.8074440267064257, 'colsample_bytree': 0.6283408291451487, 'min_child_weight': 9}. Best is trial 9 with value: 0.9452072177245388.
[I 2026-02-24 16:03:42,669] Trial 16 finished with value: 0.9431728693001398 and parameters: {'n_estimators': 450, 'max_depth': 4, 'learning_rate': 0.01738961013696461, 'subsample': 0.7351679165638328, 'colsample_bytree': 0.6825309314723536, 'min_child_weight': 6}. Best is trial 9 with value: 0.9452072177245388.
[I 2026-02-24 16:03:45,613] Trial 17 finished with value: 0.9449058904213975 and parameters: {'n_estimators': 688, 'max_depth': 9, 'learning_rate': 0.03769765506793366, 'subsample': 0.9343083064504307, 'colsample_bytree': 0.8531331610236087, 'min_child_weight': 2}. Best is trial 9 with value: 0.9452072177245388.
[I 2026-02-24 16:03:48,697] Trial 18 finished with value: 0.9450398740285467 and parameters: {'n_estimators': 876, 'max_depth': 5, 'learning_rate': 0.09615388589462943, 'subsample': 0.6687206174137392, 'colsample_bytree': 0.9292320951694343, 'min_child_weight': 5}. Best is trial 9 with value: 0.9452072177245388.
[I 2026-02-24 16:03:49,294] Trial 19 finished with value: 0.9395688598283612 and parameters: {'n_estimators': 194, 'max_depth': 3, 'learning_rate': 0.017782576231868037, 'subsample': 0.8408128334902515, 'colsample_bytree': 0.7357960499706829, 'min_child_weight': 3}. Best is trial 9 with value: 0.9452072177245388.
[I 2026-02-24 16:03:52,097] Trial 20 finished with value: 0.9448563014115975 and parameters: {'n_estimators': 676, 'max_depth': 8, 'learning_rate': 0.13939133834115353, 'subsample': 0.7862923759851056, 'colsample_bytree': 0.6598279925364321, 'min_child_weight': 8}. Best is trial 9 with value: 0.9452072177245388.
[I 2026-02-24 16:03:54,110] Trial 21 finished with value: 0.9452190476190476 and parameters: {'n_estimators': 513, 'max_depth': 7, 'learning_rate': 0.034823662979852246, 'subsample': 0.7641731964375837, 'colsample_bytree': 0.9818323085460713, 'min_child_weight': 10}. Best is trial 21 with value: 0.9452190476190476.
[I 2026-02-24 16:03:56,150] Trial 22 finished with value: 0.9452061750964859 and parameters: {'n_estimators': 500, 'max_depth': 7, 'learning_rate': 0.04742987176774118, 'subsample': 0.6750520429527855, 'colsample_bytree': 0.9615869876840496, 'min_child_weight': 9}. Best is trial 21 with value: 0.9452190476190476.
[I 2026-02-24 16:03:58,233] Trial 23 finished with value: 0.9452385183680723 and parameters: {'n_estimators': 501, 'max_depth': 7, 'learning_rate': 0.04151518991202077, 'subsample': 0.6738394721107596, 'colsample_bytree': 0.9682783235171182, 'min_child_weight': 9}. Best is trial 23 with value: 0.9452385183680723.
[I 2026-02-24 16:03:59,822] Trial 24 finished with value: 0.9451414639101945 and parameters: {'n_estimators': 339, 'max_depth': 9, 'learning_rate': 0.08211402022394611, 'subsample': 0.6197991924007398, 'colsample_bytree': 0.9567550775846888, 'min_child_weight': 9}. Best is trial 23 with value: 0.9452385183680723.
[I 2026-02-24 16:04:01,828] Trial 25 finished with value: 0.9452273939209264 and parameters: {'n_estimators': 529, 'max_depth': 7, 'learning_rate': 0.04249301903009226, 'subsample': 0.6971642960486004, 'colsample_bytree': 0.8964215821871022, 'min_child_weight': 10}. Best is trial 23 with value: 0.9452385183680723.
[I 2026-02-24 16:04:03,826] Trial 26 finished with value: 0.9452615001651046 and parameters: {'n_estimators': 529, 'max_depth': 7, 'learning_rate': 0.04361701542320682, 'subsample': 0.6922746613374574, 'colsample_bytree': 0.8842037064209979, 'min_child_weight': 10}. Best is trial 26 with value: 0.9452615001651046.
[I 2026-02-24 16:04:05,173] Trial 27 finished with value: 0.9452301754564152 and parameters: {'n_estimators': 318, 'max_depth': 8, 'learning_rate': 0.04091275696533127, 'subsample': 0.6408521927644948, 'colsample_bytree': 0.8925377760905021, 'min_child_weight': 10}. Best is trial 26 with value: 0.9452615001651046.
[I 2026-02-24 16:04:06,660] Trial 28 finished with value: 0.9452892939653202 and parameters: {'n_estimators': 324, 'max_depth': 9, 'learning_rate': 0.025529674238885736, 'subsample': 0.6383903617056583, 'colsample_bytree': 0.8781591771449668, 'min_child_weight': 7}. Best is trial 28 with value: 0.9452892939653202.
[I 2026-02-24 16:04:07,203] Trial 29 finished with value: 0.9442053528228374 and parameters: {'n_estimators': 109, 'max_depth': 9, 'learning_rate': 0.02477113189926267, 'subsample': 0.6355392194894678, 'colsample_bytree': 0.8237756710531292, 'min_child_weight': 7}. Best is trial 28 with value: 0.9452892939653202.
[I 2026-02-24 16:04:08,614] Trial 30 finished with value: 0.945262516502488 and parameters: {'n_estimators': 307, 'max_depth': 9, 'learning_rate': 0.029419987177282735, 'subsample': 0.6872533912532854, 'colsample_bytree': 0.8819818995893656, 'min_child_weight': 8}. Best is trial 28 with value: 0.9452892939653202.
[I 2026-02-24 16:04:09,968] Trial 31 finished with value: 0.9452385183680723 and parameters: {'n_estimators': 303, 'max_depth': 9, 'learning_rate': 0.029627776172770286, 'subsample': 0.6920174524070626, 'colsample_bytree': 0.8808381194418704, 'min_child_weight': 8}. Best is trial 28 with value: 0.9452892939653202.
[I 2026-02-24 16:04:12,592] Trial 32 finished with value: 0.9451866903733808 and parameters: {'n_estimators': 564, 'max_depth': 10, 'learning_rate': 0.022205718646253855, 'subsample': 0.6472464552131677, 'colsample_bytree': 0.8723328312083001, 'min_child_weight': 7}. Best is trial 28 with value: 0.9452892939653202.
[I 2026-02-24 16:04:13,473] Trial 33 finished with value: 0.9451335514801005 and parameters: {'n_estimators': 227, 'max_depth': 6, 'learning_rate': 0.047809502307271455, 'subsample': 0.6134845849036082, 'colsample_bytree': 0.9124817161400659, 'min_child_weight': 9}. Best is trial 28 with value: 0.9452892939653202.
[I 2026-02-24 16:04:15,122] Trial 34 finished with value: 0.944967874647637 and parameters: {'n_estimators': 376, 'max_depth': 8, 'learning_rate': 0.013738498485665426, 'subsample': 0.6845440514992198, 'colsample_bytree': 0.8242000326081851, 'min_child_weight': 8}. Best is trial 28 with value: 0.9452892939653202.
[I 2026-02-24 16:04:17,122] Trial 35 finished with value: 0.9452329567094071 and parameters: {'n_estimators': 457, 'max_depth': 9, 'learning_rate': 0.020467455683677267, 'subsample': 0.7378753646621715, 'colsample_bytree': 0.9394867113240802, 'min_child_weight': 8}. Best is trial 28 with value: 0.9452892939653202.
[I 2026-02-24 16:04:18,248] Trial 36 finished with value: 0.9453289657449023 and parameters: {'n_estimators': 272, 'max_depth': 8, 'learning_rate': 0.05065609644910671, 'subsample': 0.712276195341278, 'colsample_bytree': 0.9080254203731071, 'min_child_weight': 6}. Best is trial 36 with value: 0.9453289657449023.
[I 2026-02-24 16:04:19,337] Trial 37 finished with value: 0.9452615001651046 and parameters: {'n_estimators': 260, 'max_depth': 8, 'learning_rate': 0.06696895454418064, 'subsample': 0.7139602228023846, 'colsample_bytree': 0.9062411540975565, 'min_child_weight': 6}. Best is trial 36 with value: 0.9453289657449023.
[I 2026-02-24 16:04:19,903] Trial 38 finished with value: 0.9450733539773593 and parameters: {'n_estimators': 111, 'max_depth': 9, 'learning_rate': 0.051640872313244005, 'subsample': 0.7411807641323204, 'colsample_bytree': 0.8307231006806574, 'min_child_weight': 6}. Best is trial 36 with value: 0.9453289657449023.
[I 2026-02-24 16:04:21,059] Trial 39 finished with value: 0.9450945551465922 and parameters: {'n_estimators': 268, 'max_depth': 8, 'learning_rate': 0.03323459377964109, 'subsample': 0.6304200291597514, 'colsample_bytree': 0.7879622159976915, 'min_child_weight': 7}. Best is trial 36 with value: 0.9453289657449023.
[I 2026-02-24 16:04:22,018] Trial 40 finished with value: 0.9451247395965652 and parameters: {'n_estimators': 190, 'max_depth': 10, 'learning_rate': 0.05448608457263228, 'subsample': 0.6563569811746264, 'colsample_bytree': 0.8750997779688932, 'min_child_weight': 5}. Best is trial 36 with value: 0.9453289657449023.
[I 2026-02-24 16:04:23,125] Trial 41 finished with value: 0.9452162649531405 and parameters: {'n_estimators': 259, 'max_depth': 8, 'learning_rate': 0.0672940288497317, 'subsample': 0.7087824905260108, 'colsample_bytree': 0.9067479687879554, 'min_child_weight': 6}. Best is trial 36 with value: 0.9453289657449023.
[I 2026-02-24 16:04:24,655] Trial 42 finished with value: 0.9450527117998222 and parameters: {'n_estimators': 365, 'max_depth': 8, 'learning_rate': 0.0746332057004446, 'subsample': 0.7235302189108368, 'colsample_bytree': 0.9339171106065108, 'min_child_weight': 6}. Best is trial 36 with value: 0.9453289657449023.
[I 2026-02-24 16:04:25,397] Trial 43 finished with value: 0.9453797516568904 and parameters: {'n_estimators': 164, 'max_depth': 9, 'learning_rate': 0.0649990789343379, 'subsample': 0.7549833573303865, 'colsample_bytree': 0.8440775172168283, 'min_child_weight': 7}. Best is trial 43 with value: 0.9453797516568904.
[I 2026-02-24 16:04:26,154] Trial 44 finished with value: 0.9452033924127774 and parameters: {'n_estimators': 153, 'max_depth': 9, 'learning_rate': 0.032415877510609495, 'subsample': 0.7547999850872464, 'colsample_bytree': 0.8421119668227692, 'min_child_weight': 7}. Best is trial 43 with value: 0.9453797516568904.
[I 2026-02-24 16:04:26,892] Trial 45 finished with value: 0.9452754005942253 and parameters: {'n_estimators': 155, 'max_depth': 10, 'learning_rate': 0.05869774392743992, 'subsample': 0.7876355746632158, 'colsample_bytree': 0.8844770492650422, 'min_child_weight': 8}. Best is trial 43 with value: 0.9453797516568904.
[I 2026-02-24 16:04:27,653] Trial 46 finished with value: 0.9449494693006958 and parameters: {'n_estimators': 159, 'max_depth': 10, 'learning_rate': 0.14877282351311974, 'subsample': 0.8138667721399613, 'colsample_bytree': 0.8050117237177516, 'min_child_weight': 7}. Best is trial 43 with value: 0.9453797516568904.
[I 2026-02-24 16:04:29,003] Trial 47 finished with value: 0.9451442503047541 and parameters: {'n_estimators': 291, 'max_depth': 10, 'learning_rate': 0.06106346585177699, 'subsample': 0.7779257808146043, 'colsample_bytree': 0.8578175068040527, 'min_child_weight': 8}. Best is trial 43 with value: 0.9453797516568904.
[I 2026-02-24 16:04:29,973] Trial 48 finished with value: 0.9450566191032347 and parameters: {'n_estimators': 220, 'max_depth': 9, 'learning_rate': 0.08606622029920825, 'subsample': 0.7945664223576112, 'colsample_bytree': 0.7647115612628468, 'min_child_weight': 7}. Best is trial 43 with value: 0.9453797516568904.

最优参数组合: {'n_estimators': 164, 'max_depth': 9, 'learning_rate': 0.0649990789343379, 'subsample': 0.7549833573303865, 'colsample_bytree': 0.8440775172168283, 'min_child_weight': 7}
[I 2026-02-24 16:04:30,765] Trial 49 finished with value: 0.9447338330580612 and parameters: {'n_estimators': 150, 'max_depth': 10, 'learning_rate': 0.01016172603106554, 'subsample': 0.9938433095911778, 'colsample_bytree': 0.9453793894654833, 'min_child_weight': 8}. Best is trial 43 with value: 0.9453797516568904.

=============================================
           实验结果: 二分类统计特征组 (贝叶斯调参版)           
=============================================
准确率 (Accuracy):   0.9469
精确率 (Precision):  0.9614
召回率 (Recall):     0.9313
F1 值 (F1-Score):    0.9461
AUC 曲线下面积:      0.9870
---------------------------------------------
训练总耗时:          0.71 秒
单条推理平均延时:     0.000384 毫秒
=============================================

进程已结束，退出代码为 0


C:\Users\Girlorn\PycharmProjects\PythonProject1\.venv\Scripts\python.exe C:\Users\Girlorn\PycharmProjects\PythonProject1\erfen\2-gram_comp.py 
正在读取纯域名数据集 (目标各取: 200000 条)...
执行 8:1:1 严谨划分 (Train:Val:Test)...
数据就绪: 训练集(319999), 验证集(40000), 测试集(40000)

开始执行 2-gram 特征向量化...
特征提取完成！特征维度: 1369
模型训练中 (XGBoost 2-gram 默认参数)...
执行测试集预测与性能分析...

=============================================
         实验结果: 二分类 2-gram 特征组 (默认参数)         
=============================================
最终特征维度:        1369
准确率 (Accuracy):   0.9577
精确率 (Precision):  0.9901
召回率 (Recall):     0.9245
F1 值 (F1-Score):    0.9562
AUC 曲线下面积:      0.9885
---------------------------------------------
训练总耗时:          7.16 秒
单条推理平均延时:     0.000539 毫秒
=============================================

进程已结束，退出代码为 0


C:\Users\Girlorn\PycharmProjects\PythonProject1\.venv\Scripts\python.exe C:\Users\Girlorn\PycharmProjects\PythonProject1\erfen\optuna_2-gram_comp.py 
正在读取纯域名数据集 (目标各取: 200000 条)...
执行 8:1:1 严谨划分 (Train:Val:Test)...
数据就绪: 训练集(319999), 验证集(40000), 测试集(40000)

执行 2-gram 特征提取 (预提取以加速调参)...
特征提取完成！特征维度: 1369

--- 开始 2-gram 二分类贝叶斯调参 (Optuna) ---
[I 2026-02-24 16:09:18,197] A new study created in memory with name: no-name-0f27abe3-99df-4eee-922f-e088309e8f3f
[I 2026-02-24 16:09:22,181] Trial 0 finished with value: 0.9200399012967921 and parameters: {'n_estimators': 269, 'max_depth': 5, 'learning_rate': 0.03138531495268447, 'subsample': 0.6018385326023638, 'colsample_bytree': 0.6984830255784563}. Best is trial 0 with value: 0.9200399012967921.
[I 2026-02-24 16:09:26,068] Trial 1 finished with value: 0.9466552002710239 and parameters: {'n_estimators': 470, 'max_depth': 10, 'learning_rate': 0.024727003184412802, 'subsample': 0.6828790599303203, 'colsample_bytree': 0.8811247784261944}. Best is trial 1 with value: 0.9466552002710239.
[I 2026-02-24 16:09:30,560] Trial 2 finished with value: 0.9523933065248411 and parameters: {'n_estimators': 454, 'max_depth': 12, 'learning_rate': 0.027184499416679685, 'subsample': 0.9564995645787963, 'colsample_bytree': 0.882826290169741}. Best is trial 2 with value: 0.9523933065248411.
[I 2026-02-24 16:09:31,792] Trial 3 finished with value: 0.9191600365201513 and parameters: {'n_estimators': 163, 'max_depth': 9, 'learning_rate': 0.02816102126188172, 'subsample': 0.9019880650628626, 'colsample_bytree': 0.7727112881533609}. Best is trial 2 with value: 0.9523933065248411.
[I 2026-02-24 16:09:32,999] Trial 4 finished with value: 0.9273474982864977 and parameters: {'n_estimators': 233, 'max_depth': 4, 'learning_rate': 0.055209156432948006, 'subsample': 0.6906484496314022, 'colsample_bytree': 0.7026262243441195}. Best is trial 2 with value: 0.9523933065248411.
[I 2026-02-24 16:09:35,357] Trial 5 finished with value: 0.9670825114634833 and parameters: {'n_estimators': 334, 'max_depth': 8, 'learning_rate': 0.13877786617466326, 'subsample': 0.6760963818456502, 'colsample_bytree': 0.8683521580488045}. Best is trial 5 with value: 0.9670825114634833.
[I 2026-02-24 16:09:36,913] Trial 6 finished with value: 0.9326569235621911 and parameters: {'n_estimators': 269, 'max_depth': 6, 'learning_rate': 0.03949964591175034, 'subsample': 0.801026996586988, 'colsample_bytree': 0.8200551129572071}. Best is trial 5 with value: 0.9670825114634833.
[I 2026-02-24 16:09:42,737] Trial 7 finished with value: 0.9694430250383239 and parameters: {'n_estimators': 595, 'max_depth': 12, 'learning_rate': 0.05760966847730709, 'subsample': 0.6356442471115177, 'colsample_bytree': 0.8163188121457838}. Best is trial 7 with value: 0.9694430250383239.
[I 2026-02-24 16:09:46,076] Trial 8 finished with value: 0.957229616229487 and parameters: {'n_estimators': 333, 'max_depth': 12, 'learning_rate': 0.04726877373721493, 'subsample': 0.8151064098266219, 'colsample_bytree': 0.7950199949841468}. Best is trial 7 with value: 0.9694430250383239.
[I 2026-02-24 16:09:47,928] Trial 9 finished with value: 0.9455295592228954 and parameters: {'n_estimators': 276, 'max_depth': 7, 'learning_rate': 0.05991175834227639, 'subsample': 0.625736600262495, 'colsample_bytree': 0.7067648681251097}. Best is trial 7 with value: 0.9694430250383239.
