[I 2026-02-24 16:09:52,788] Trial 10 finished with value: 0.9352751656756686 and parameters: {'n_estimators': 585, 'max_depth': 10, 'learning_rate': 0.01162015542801316, 'subsample': 0.7622754834339056, 'colsample_bytree': 0.9921416106172981}. Best is trial 7 with value: 0.9694430250383239.
[I 2026-02-24 16:09:54,776] Trial 11 finished with value: 0.9538173983022248 and parameters: {'n_estimators': 423, 'max_depth': 3, 'learning_rate': 0.14326387714720623, 'subsample': 0.7036280380459169, 'colsample_bytree': 0.9091132670911819}. Best is trial 7 with value: 0.9694430250383239.
[I 2026-02-24 16:09:58,450] Trial 12 finished with value: 0.9767195232804767 and parameters: {'n_estimators': 600, 'max_depth': 8, 'learning_rate': 0.2965319410928068, 'subsample': 0.6544178147714711, 'colsample_bytree': 0.615953295161997}. Best is trial 12 with value: 0.9767195232804767.
[I 2026-02-24 16:10:02,620] Trial 13 finished with value: 0.9781309118426031 and parameters: {'n_estimators': 600, 'max_depth': 11, 'learning_rate': 0.2863232655544323, 'subsample': 0.7484153359179142, 'colsample_bytree': 0.6039399601463101}. Best is trial 13 with value: 0.9781309118426031.
[I 2026-02-24 16:10:06,110] Trial 14 finished with value: 0.9777115884594997 and parameters: {'n_estimators': 530, 'max_depth': 10, 'learning_rate': 0.2959795242167478, 'subsample': 0.7531020199960577, 'colsample_bytree': 0.603037657789876}. Best is trial 13 with value: 0.9781309118426031.
[I 2026-02-24 16:10:09,580] Trial 15 finished with value: 0.9780291933936057 and parameters: {'n_estimators': 517, 'max_depth': 10, 'learning_rate': 0.27969210659508575, 'subsample': 0.7529026510240564, 'colsample_bytree': 0.6127182016034861}. Best is trial 13 with value: 0.9781309118426031.
[I 2026-02-24 16:10:13,313] Trial 16 finished with value: 0.9757197891321979 and parameters: {'n_estimators': 519, 'max_depth': 11, 'learning_rate': 0.16456439361552044, 'subsample': 0.8446624370242924, 'colsample_bytree': 0.6527130210447887}. Best is trial 13 with value: 0.9781309118426031.
[I 2026-02-24 16:10:16,037] Trial 17 finished with value: 0.9746231538344414 and parameters: {'n_estimators': 414, 'max_depth': 9, 'learning_rate': 0.21099105352241534, 'subsample': 0.7530164397491066, 'colsample_bytree': 0.6466374368198431}. Best is trial 13 with value: 0.9781309118426031.
[I 2026-02-24 16:10:19,943] Trial 18 finished with value: 0.9722540701673928 and parameters: {'n_estimators': 505, 'max_depth': 11, 'learning_rate': 0.09356723613757542, 'subsample': 0.8702826971948733, 'colsample_bytree': 0.7566580791513654}. Best is trial 13 with value: 0.9781309118426031.
[I 2026-02-24 16:10:23,699] Trial 19 finished with value: 0.9685486345504756 and parameters: {'n_estimators': 548, 'max_depth': 9, 'learning_rate': 0.0920797457950199, 'subsample': 0.7255061203189058, 'colsample_bytree': 0.6698200573423901}. Best is trial 13 with value: 0.9781309118426031.
[I 2026-02-24 16:10:26,528] Trial 20 finished with value: 0.9755973950282543 and parameters: {'n_estimators': 399, 'max_depth': 11, 'learning_rate': 0.2078972007528802, 'subsample': 0.9335678410183884, 'colsample_bytree': 0.6256173575272963}. Best is trial 13 with value: 0.9781309118426031.
[I 2026-02-24 16:10:30,039] Trial 21 finished with value: 0.9773536317503597 and parameters: {'n_estimators': 526, 'max_depth': 10, 'learning_rate': 0.2885269185833738, 'subsample': 0.747073982929773, 'colsample_bytree': 0.6157989114877704}. Best is trial 13 with value: 0.9781309118426031.
[I 2026-02-24 16:10:33,720] Trial 22 finished with value: 0.9776283525872747 and parameters: {'n_estimators': 553, 'max_depth': 10, 'learning_rate': 0.22329634190340042, 'subsample': 0.7806924807500037, 'colsample_bytree': 0.6061951144910981}. Best is trial 13 with value: 0.9781309118426031.
[I 2026-02-24 16:10:36,152] Trial 23 finished with value: 0.9641563246743236 and parameters: {'n_estimators': 488, 'max_depth': 7, 'learning_rate': 0.09163384075806996, 'subsample': 0.9974637514134332, 'colsample_bytree': 0.6731112407776798}. Best is trial 13 with value: 0.9781309118426031.
[I 2026-02-24 16:10:38,997] Trial 24 finished with value: 0.9767477126826063 and parameters: {'n_estimators': 383, 'max_depth': 11, 'learning_rate': 0.282886402917429, 'subsample': 0.7190052708030107, 'colsample_bytree': 0.6025438117419709}. Best is trial 13 with value: 0.9781309118426031.
[I 2026-02-24 16:10:42,453] Trial 25 finished with value: 0.9753759541500774 and parameters: {'n_estimators': 558, 'max_depth': 9, 'learning_rate': 0.1733438449474193, 'subsample': 0.8330138362453974, 'colsample_bytree': 0.7411521262437795}. Best is trial 13 with value: 0.9781309118426031.
[I 2026-02-24 16:10:45,243] Trial 26 finished with value: 0.968844323937177 and parameters: {'n_estimators': 456, 'max_depth': 8, 'learning_rate': 0.12027454653972959, 'subsample': 0.7745113267775071, 'colsample_bytree': 0.6410567892925434}. Best is trial 13 with value: 0.9781309118426031.
[I 2026-02-24 16:10:49,300] Trial 27 finished with value: 0.9773421910126551 and parameters: {'n_estimators': 560, 'max_depth': 11, 'learning_rate': 0.22690626339420525, 'subsample': 0.7429050645717054, 'colsample_bytree': 0.6775421223256387}. Best is trial 13 with value: 0.9781309118426031.
[I 2026-02-24 16:10:53,126] Trial 28 finished with value: 0.938116544993066 and parameters: {'n_estimators': 505, 'max_depth': 10, 'learning_rate': 0.015178836340270256, 'subsample': 0.7988593866442552, 'colsample_bytree': 0.7300165060260424}. Best is trial 13 with value: 0.9781309118426031.
[I 2026-02-24 16:10:53,783] Trial 29 finished with value: 0.9351603927127632 and parameters: {'n_estimators': 101, 'max_depth': 6, 'learning_rate': 0.12317987564001757, 'subsample': 0.8593450058117144, 'colsample_bytree': 0.7105810894177513}. Best is trial 13 with value: 0.9781309118426031.

最优参数锁定: {'n_estimators': 600, 'max_depth': 11, 'learning_rate': 0.2863232655544323, 'subsample': 0.7484153359179142, 'colsample_bytree': 0.6039399601463101}
执行测试集预测与性能分析...

=============================================
        实验结果: 二分类 2-gram 特征组 (贝叶斯调参版)        
=============================================
最终特征维度:        1369
最优参数组合:        {'n_estimators': 600, 'max_depth': 11, 'learning_rate': 0.2863232655544323, 'subsample': 0.7484153359179142, 'colsample_bytree': 0.6039399601463101}
调参迭代次数:        30 次
调参总耗时:          95.59 秒
---------------------------------------------
准确率 (Accuracy):   0.9785
精确率 (Precision):  0.9862
召回率 (Recall):     0.9706
F1 值 (F1-Score):    0.9783
AUC 曲线下面积:      0.9971
---------------------------------------------
最终模型训练耗时:     4.24 秒
单条推理平均延时:     0.003177 毫秒
=============================================

进程已结束，退出代码为 0


C:\Users\Girlorn\PycharmProjects\PythonProject1\.venv\Scripts\python.exe C:\Users\Girlorn\PycharmProjects\PythonProject1\erfen\2-4gram_comp.py 
正在读取纯域名数据集 (目标各取: 200000 条)...
执行 8:1:1 严谨划分 (Train:Val:Test)...
数据就绪: 训练集(319999), 验证集(40000), 测试集(40000)

开始执行 2-4 gram 特征向量化 (混合 2/3/4 位特征)...
特征提取完成！复合维度: 213091
模型训练中 (XGBoost 2-4 gram 混合组)...
执行测试集预测与性能分析...

=============================================
        实验结果: 二分类 2-4 gram 特征组 (默认参数)        
=============================================
混合特征总维度:      213091
准确率 (Accuracy):   0.9584
精确率 (Precision):  0.9912
召回率 (Recall):     0.9250
F1 值 (F1-Score):    0.9570
AUC 曲线下面积:      0.9896
---------------------------------------------
训练总耗时:          694.66 秒
单条推理平均延时:     0.197796 毫秒
=============================================

进程已结束，退出代码为 0


C:\Users\Girlorn\PycharmProjects\PythonProject1\.venv\Scripts\python.exe C:\Users\Girlorn\PycharmProjects\PythonProject1\erfen\optuna_2-4gram_comp.py 
正在读取纯域名数据集 (目标各取: 200000 条)...
执行 8:1:1 严谨划分 (Train:Val:Test)...
数据就绪: 训练集(319999), 验证集(40000), 测试集(40000)

执行 2-4 gram 特征提取 (混合 2/3/4 位特征)...
[I 2026-02-24 16:34:17,644] A new study created in memory with name: no-name-c1ace7b4-2262-4527-a40a-a4a6e0b25381
复合特征维度锁定为: 213091

--- 开始 2-4 gram 二分类贝叶斯调参 (Optuna) ---
[I 2026-02-24 16:35:12,181] Trial 0 finished with value: 0.9619764026997785 and parameters: {'n_estimators': 351, 'max_depth': 6, 'learning_rate': 0.1225999166069956, 'subsample': 0.9814960167027207, 'colsample_bytree': 0.5297677955606663, 'gamma': 4.918575100061576}. Best is trial 0 with value: 0.9619764026997785.
[I 2026-02-24 16:36:25,570] Trial 1 finished with value: 0.9304650493313443 and parameters: {'n_estimators': 261, 'max_depth': 9, 'learning_rate': 0.023163400627567967, 'subsample': 0.8367046232992973, 'colsample_bytree': 0.9173752660076646, 'gamma': 1.6553114296157534}. Best is trial 0 with value: 0.9619764026997785.
[I 2026-02-24 16:37:32,101] Trial 2 finished with value: 0.9607529654461062 and parameters: {'n_estimators': 352, 'max_depth': 7, 'learning_rate': 0.09418958606370088, 'subsample': 0.9383713192165171, 'colsample_bytree': 0.5806105556804032, 'gamma': 0.04093064257687906}. Best is trial 0 with value: 0.9619764026997785.
[I 2026-02-24 16:38:24,672] Trial 3 finished with value: 0.963657859566156 and parameters: {'n_estimators': 155, 'max_depth': 12, 'learning_rate': 0.13779302055178438, 'subsample': 0.9370358913304474, 'colsample_bytree': 0.5219465095911651, 'gamma': 3.001780134946175}. Best is trial 3 with value: 0.963657859566156.
[I 2026-02-24 16:39:32,086] Trial 4 finished with value: 0.9610041495914843 and parameters: {'n_estimators': 285, 'max_depth': 9, 'learning_rate': 0.0870964607919208, 'subsample': 0.7739872573272366, 'colsample_bytree': 0.7573861892272504, 'gamma': 4.215482709084765}. Best is trial 3 with value: 0.963657859566156.
[I 2026-02-24 16:40:05,640] Trial 5 finished with value: 0.9309927360774818 and parameters: {'n_estimators': 295, 'max_depth': 4, 'learning_rate': 0.048316116225550425, 'subsample': 0.7028290335709623, 'colsample_bytree': 0.7486706557809517, 'gamma': 4.519013068095516}. Best is trial 3 with value: 0.963657859566156.
[I 2026-02-24 16:40:47,606] Trial 6 finished with value: 0.937774158808542 and parameters: {'n_estimators': 457, 'max_depth': 3, 'learning_rate': 0.058155456630586265, 'subsample': 0.8388810354681223, 'colsample_bytree': 0.8184777102451208, 'gamma': 1.4194573834239494}. Best is trial 3 with value: 0.963657859566156.
[I 2026-02-24 16:42:13,812] Trial 7 finished with value: 0.9730995342681903 and parameters: {'n_estimators': 338, 'max_depth': 10, 'learning_rate': 0.16008017368655572, 'subsample': 0.6567002191530773, 'colsample_bytree': 0.7289807246566881, 'gamma': 1.4732626041115426}. Best is trial 7 with value: 0.9730995342681903.
[I 2026-02-24 16:43:23,229] Trial 8 finished with value: 0.9623525776381522 and parameters: {'n_estimators': 471, 'max_depth': 6, 'learning_rate': 0.09318568845190942, 'subsample': 0.9394560849992273, 'colsample_bytree': 0.5816382152948478, 'gamma': 4.155105738077996}. Best is trial 7 with value: 0.9730995342681903.
[I 2026-02-24 16:43:59,671] Trial 9 finished with value: 0.9177552513324276 and parameters: {'n_estimators': 206, 'max_depth': 6, 'learning_rate': 0.03148669746325184, 'subsample': 0.6439699139541359, 'colsample_bytree': 0.8534641925642477, 'gamma': 1.1679190794335281}. Best is trial 7 with value: 0.9730995342681903.
[I 2026-02-24 16:44:34,048] Trial 10 finished with value: 0.9680701485287727 and parameters: {'n_estimators': 103, 'max_depth': 12, 'learning_rate': 0.2931361878410707, 'subsample': 0.6001465597275751, 'colsample_bytree': 0.674972635184916, 'gamma': 2.9084417166473284}. Best is trial 7 with value: 0.9730995342681903.
[I 2026-02-24 16:45:17,339] Trial 11 finished with value: 0.9712332959298174 and parameters: {'n_estimators': 136, 'max_depth': 12, 'learning_rate': 0.2797245049912991, 'subsample': 0.6007795446196523, 'colsample_bytree': 0.6693316211099513, 'gamma': 2.823865060529936}. Best is trial 7 with value: 0.9730995342681903.
[I 2026-02-24 16:46:42,857] Trial 12 finished with value: 0.9768925109463188 and parameters: {'n_estimators': 388, 'max_depth': 10, 'learning_rate': 0.27314015453876783, 'subsample': 0.7071601897166679, 'colsample_bytree': 0.6767364848605236, 'gamma': 2.3346905400728604}. Best is trial 12 with value: 0.9768925109463188.
[I 2026-02-24 16:48:36,736] Trial 13 finished with value: 0.9246291420079776 and parameters: {'n_estimators': 395, 'max_depth': 10, 'learning_rate': 0.011044051212422508, 'subsample': 0.7133648022375603, 'colsample_bytree': 0.6995602556837578, 'gamma': 2.0953136243405033}. Best is trial 12 with value: 0.9768925109463188.
[I 2026-02-24 16:50:31,274] Trial 14 finished with value: 0.9760052702257582 and parameters: {'n_estimators': 412, 'max_depth': 10, 'learning_rate': 0.1904322105903337, 'subsample': 0.7203301453119156, 'colsample_bytree': 0.9780758983626563, 'gamma': 0.6239473327512557}. Best is trial 12 with value: 0.9768925109463188.
[I 2026-02-24 16:52:30,883] Trial 15 finished with value: 0.9768607594936709 and parameters: {'n_estimators': 420, 'max_depth': 10, 'learning_rate': 0.20332938852704815, 'subsample': 0.7607458340454919, 'colsample_bytree': 0.9960227231478007, 'gamma': 0.32427559239668824}. Best is trial 12 with value: 0.9768925109463188.
[I 2026-02-24 16:53:59,292] Trial 16 finished with value: 0.9753214802039212 and parameters: {'n_estimators': 415, 'max_depth': 9, 'learning_rate': 0.21190669228955863, 'subsample': 0.7693565476797469, 'colsample_bytree': 0.9901769588747453, 'gamma': 3.592975288063723}. Best is trial 12 with value: 0.9768925109463188.
[I 2026-02-24 16:56:16,967] Trial 17 finished with value: 0.9781405574789619 and parameters: {'n_estimators': 489, 'max_depth': 11, 'learning_rate': 0.21806300195561573, 'subsample': 0.8211799751178069, 'colsample_bytree': 0.8147628724193205, 'gamma': 0.6057715622419066}. Best is trial 17 with value: 0.9781405574789619.
[I 2026-02-24 16:58:23,758] Trial 18 finished with value: 0.9789606458123108 and parameters: {'n_estimators': 488, 'max_depth': 11, 'learning_rate': 0.2966638591618554, 'subsample': 0.868118201091801, 'colsample_bytree': 0.8237454303209338, 'gamma': 0.9137373085896322}. Best is trial 18 with value: 0.9789606458123108.
[I 2026-02-24 17:01:07,155] Trial 19 finished with value: 0.9687635907800148 and parameters: {'n_estimators': 488, 'max_depth': 11, 'learning_rate': 0.06564881102227815, 'subsample': 0.8679550548430789, 'colsample_bytree': 0.8331944983841727, 'gamma': 0.7937999812924232}. Best is trial 18 with value: 0.9789606458123108.
[I 2026-02-24 17:03:06,194] Trial 20 finished with value: 0.9204607789358201 and parameters: {'n_estimators': 500, 'max_depth': 8, 'learning_rate': 0.010268532567766423, 'subsample': 0.8826923827833093, 'colsample_bytree': 0.8919963215366131, 'gamma': 0.8990955807696782}. Best is trial 18 with value: 0.9789606458123108.
[I 2026-02-24 17:04:52,498] Trial 21 finished with value: 0.9787825208385956 and parameters: {'n_estimators': 451, 'max_depth': 11, 'learning_rate': 0.29767333296987125, 'subsample': 0.841224788484632, 'colsample_bytree': 0.7792000893159342, 'gamma': 2.1080642259022078}. Best is trial 18 with value: 0.9789606458123108.
[I 2026-02-24 17:06:47,313] Trial 22 finished with value: 0.9772192864908599 and parameters: {'n_estimators': 448, 'max_depth': 11, 'learning_rate': 0.22612307167012147, 'subsample': 0.8137736760252847, 'colsample_bytree': 0.7867328934377396, 'gamma': 1.795625260341597}. Best is trial 18 with value: 0.9789606458123108.
[I 2026-02-24 17:09:05,456] Trial 23 finished with value: 0.9766652309407383 and parameters: {'n_estimators': 442, 'max_depth': 11, 'learning_rate': 0.16521620168864878, 'subsample': 0.8932995520916629, 'colsample_bytree': 0.8729212030800024, 'gamma': 0.4938624456532154}. Best is trial 18 with value: 0.9789606458123108.
[I 2026-02-24 17:11:46,216] Trial 24 finished with value: 0.975482233502538 and parameters: {'n_estimators': 493, 'max_depth': 11, 'learning_rate': 0.12164003395258996, 'subsample': 0.8031619650519907, 'colsample_bytree': 0.7981591349479852, 'gamma': 0.02234013619690689}. Best is trial 18 with value: 0.9789606458123108.
[I 2026-02-24 17:13:17,576] Trial 25 finished with value: 0.976523919264568 and parameters: {'n_estimators': 454, 'max_depth': 8, 'learning_rate': 0.25517273793480644, 'subsample': 0.8451731713029011, 'colsample_bytree': 0.9092140636575075, 'gamma': 1.1484313477930728}. Best is trial 18 with value: 0.9789606458123108.
[I 2026-02-24 17:15:15,139] Trial 26 finished with value: 0.9761910798955349 and parameters: {'n_estimators': 378, 'max_depth': 12, 'learning_rate': 0.16501434391092396, 'subsample': 0.8841784235489397, 'colsample_bytree': 0.9368167721487681, 'gamma': 1.9993905561944765}. Best is trial 18 with value: 0.9789606458123108.
[I 2026-02-24 17:17:03,502] Trial 27 finished with value: 0.9783751010509296 and parameters: {'n_estimators': 471, 'max_depth': 11, 'learning_rate': 0.2915619994672531, 'subsample': 0.9128794766581867, 'colsample_bytree': 0.7865614292817318, 'gamma': 2.5108880339389765}. Best is trial 18 with value: 0.9789606458123108.
[I 2026-02-24 17:18:07,039] Trial 28 finished with value: 0.9154458474861928 and parameters: {'n_estimators': 232, 'max_depth': 9, 'learning_rate': 0.016354248044596464, 'subsample': 0.90725902336824, 'colsample_bytree': 0.779233053658274, 'gamma': 3.5066199179976603}. Best is trial 18 with value: 0.9789606458123108.
[I 2026-02-24 17:19:19,130] Trial 29 finished with value: 0.9660181715517684 and parameters: {'n_estimators': 349, 'max_depth': 8, 'learning_rate': 0.11530438641916615, 'subsample': 0.9842459412463526, 'colsample_bytree': 0.6155856735185214, 'gamma': 2.4304348334805166}. Best is trial 18 with value: 0.9789606458123108.

最优参数组合: {'n_estimators': 488, 'max_depth': 11, 'learning_rate': 0.2966638591618554, 'subsample': 0.868118201091801, 'colsample_bytree': 0.8237454303209338, 'gamma': 0.9137373085896322}
执行测试集预测与性能分析...

=============================================
       实验结果: 二分类 2-4 gram 特征组 (贝叶斯调参版)       
=============================================
混合特征总维度:      213091
最优参数组合:        {'n_estimators': 488, 'max_depth': 11, 'learning_rate': 0.2966638591618554, 'subsample': 0.868118201091801, 'colsample_bytree': 0.8237454303209338, 'gamma': 0.9137373085896322}
调参总耗时:          2701.49 秒
---------------------------------------------
准确率 (Accuracy):   0.9803
精确率 (Precision):  0.9886
召回率 (Recall):     0.9718
F1 值 (F1-Score):    0.9801
AUC 曲线下面积:      0.9976
---------------------------------------------
最终模型训练耗时:     122.81 秒
单条推理平均延时:     0.217010 毫秒
=============================================

进程已结束，退出代码为 0

C:\Users\Girlorn\PycharmProjects\PythonProject1\.venv\Scripts\python.exe C:\Users\Girlorn\PycharmProjects\PythonProject1\duofen\feature_comp.py 
正在读取多分类数据集: dga_sampled_8k.txt...
检测到 10 个家族，样本总量: 80000
家族样本量区间: [8000, 8000]

正在提取 6 维统计特征...
开始 XGBoost 多分类训练 (类别数: 10)...

=============================================
            实验结果: 多分类统计特征组 (默认参数)            
=============================================
类别总数:           10
准确率 (Accuracy):   0.8397
宏平均 F1 (Macro-F1): 0.8214
---------------------------------------------
训练总耗时:          3.26 秒
单条推理平均延时:     0.000887 毫秒
=============================================

各家族详细分类报告:
              precision    recall  f1-score   support

     banjori     0.9988    1.0000    0.9994       800
      emotet     0.8694    0.9988    0.9296       800
    gameover     0.9987    0.9875    0.9931       800
      necurs     0.6452    0.2250    0.3336       800
   pykspa_v1     0.7241    0.6825    0.7027       800
      ramnit     0.5149    0.5400    0.5272       800
      rovnix     0.9987    0.9925    0.9956       800
       simda     0.7906    0.9912    0.8796       800
       tinba     0.8448    0.9800    0.9074       800
       virut     0.8979    1.0000    0.9462       800

    accuracy                         0.8397      8000
   macro avg     0.8283    0.8398    0.8214      8000
weighted avg     0.8283    0.8397    0.8214      8000


进程已结束，退出代码为 0

C:\Users\Girlorn\PycharmProjects\PythonProject1\.venv\Scripts\python.exe C:\Users\Girlorn\PycharmProjects\PythonProject1\duofen\optuna_feature_comp.py 
正在读取多分类数据集: dga_sampled_8k.txt...

预提取统计特征以加速调参过程...

--- 开始多分类统计特征组贝叶斯调参 (类别数: 10) ---
[I 2026-02-24 17:44:50,218] A new study created in memory with name: no-name-15df4eaf-0c04-4ec8-a8fa-6140ae27ed31
[I 2026-02-24 17:44:58,294] Trial 0 finished with value: 0.8189558150363725 and parameters: {'n_estimators': 474, 'max_depth': 11, 'learning_rate': 0.012456601043467588, 'subsample': 0.9391935478488025, 'colsample_bytree': 0.8639604245340411}. Best is trial 0 with value: 0.8189558150363725.
[I 2026-02-24 17:45:11,080] Trial 1 finished with value: 0.8215385480378627 and parameters: {'n_estimators': 773, 'max_depth': 15, 'learning_rate': 0.1301052807736442, 'subsample': 0.8932633391770961, 'colsample_bytree': 0.8896517573516507}. Best is trial 1 with value: 0.8215385480378627.
[I 2026-02-24 17:45:12,690] Trial 2 finished with value: 0.8101083546710208 and parameters: {'n_estimators': 205, 'max_depth': 3, 'learning_rate': 0.1523044381793316, 'subsample': 0.7512636830104151, 'colsample_bytree': 0.9681834503354825}. Best is trial 1 with value: 0.8215385480378627.
[I 2026-02-24 17:45:20,255] Trial 3 finished with value: 0.8214858250958098 and parameters: {'n_estimators': 530, 'max_depth': 15, 'learning_rate': 0.03293471479248523, 'subsample': 0.6311601284639222, 'colsample_bytree': 0.6585028600599745}. Best is trial 1 with value: 0.8215385480378627.
[I 2026-02-24 17:45:25,884] Trial 4 finished with value: 0.8179247913080074 and parameters: {'n_estimators': 526, 'max_depth': 8, 'learning_rate': 0.020388106921038218, 'subsample': 0.7847098442213786, 'colsample_bytree': 0.7801671463329178}. Best is trial 1 with value: 0.8215385480378627.
