[I 2026-02-24 21:25:03,466] Trial 18 finished with value: 0.9837146668680309 and parameters: {'n_estimators': 425, 'max_depth': 11, 'learning_rate': 0.2786108465676654, 'subsample': 0.8290982889402232, 'colsample_bytree': 0.8972647127442833, 'gamma': 2.9688798573365274}. Best is trial 11 with value: 0.985357277408012.

最优参数: {'n_estimators': 495, 'max_depth': 12, 'learning_rate': 0.2802311919080533, 'subsample': 0.8329485676341516, 'colsample_bytree': 0.7695272558694278, 'gamma': 0.030936236629540335}
[I 2026-02-24 21:25:05,288] Trial 19 finished with value: 0.9781066134693568 and parameters: {'n_estimators': 291, 'max_depth': 6, 'learning_rate': 0.17014997745474533, 'subsample': 0.7703546945418992, 'colsample_bytree': 0.7357531459444169, 'gamma': 0.30535747681138253}. Best is trial 11 with value: 0.985357277408012.

==================================================
          实验结果: 二分类特征融合 (统计+2-gram) 贝叶斯版          
==================================================
融合总维度:          1375
调参耗时:            62.31 秒
--------------------------------------------------
准确率 (Accuracy):   0.9840
精确率 (Precision):  0.9876
召回率 (Recall):     0.9805
F1 值 (F1-Score):    0.9840
AUC 曲线下面积:      0.9989
--------------------------------------------------
最终训练耗时:         4.34 秒
单条推理平均延时:     0.004195 毫秒
==================================================

进程已结束，退出代码为 0



